#
# A fatal error has been detected by the Java Runtime Environment:
#
#  SIGSEGV (0xb) at pc=0x000000010dfbbae6, pid=2516, tid=22019
#
# JRE version: OpenJDK Runtime Environment (11.0.13) (build 11.0.13+0-b1751.21-8125866)
# Java VM: OpenJDK 64-Bit Server VM (11.0.13+0-b1751.21-8125866, mixed mode, tiered, compressed oops, g1 gc, bsd-amd64)
# Problematic frame:
# V  [libjvm.dylib+0x105ae6]  _ZN5Chunk9next_chopEv+0x12
#
# No core dump will be written. Core dumps have been disabled. To enable core dumping, try "ulimit -c unlimited" before starting Java again
#
# If you would like to submit a bug report, please visit:
#   https://bugreport.java.com/bugreport/crash.jsp
#

---------------  S U M M A R Y ------------

Command Line: -Dfile.encoding=UTF-8 -Duser.country=GB -Duser.language=en -Duser.variant com.mygdx.game.DesktopLauncher

Host: MacBookAir7,2 x86_64 2200 MHz, 4 cores, 8G, Darwin 21.4.0
Time: Sat Nov 19 00:37:25 2022 IST elapsed time: 3.640023 seconds (0d 0h 0m 3s)

---------------  T H R E A D  ---------------

Current thread (0x00007fcc07022800):  JavaThread "C2 CompilerThread0" daemon [_thread_in_vm, id=22019, stack(0x0000700007909000,0x0000700007a09000)]


Current CompileTask:
C2:   3640  982       4       java.util.StringTokenizer::nextToken (92 bytes)

Stack: [0x0000700007909000,0x0000700007a09000],  sp=0x0000700007a08ae0,  free space=1022k
Native frames: (J=compiled Java code, A=aot compiled Java code, j=interpreted, Vv=VM code, C=native code)
V  [libjvm.dylib+0x105ae6]  _ZN5Chunk9next_chopEv+0x12
V  [libjvm.dylib+0x536320]  _ZN12ResourceMark13reset_to_markEv+0x50
V  [libjvm.dylib+0x24a8e7]  _ZN13CompileBroker25invoke_compiler_on_methodEP11CompileTask+0xd29
V  [libjvm.dylib+0x249a87]  _ZN13CompileBroker20compiler_thread_loopEv+0x1fb
V  [libjvm.dylib+0x7861c5]  _ZN10JavaThread17thread_main_innerEv+0x89
V  [libjvm.dylib+0x78600e]  _ZN10JavaThread3runEv+0x12e
V  [libjvm.dylib+0x783faa]  _ZN6Thread8call_runEv+0x68
V  [libjvm.dylib+0x62e2c9]  _ZL19thread_native_entryP6Thread+0x12d
C  [libsystem_pthread.dylib+0x64e1]  _pthread_start+0x7d
C  [libsystem_pthread.dylib+0x1f6b]  thread_start+0xf


siginfo: si_signo: 11 (SIGSEGV), si_code: 0 (unknown), si_addr: 0x0000000000000000

Register to memory mapping:

RAX=0x0 is NULL
RBX=0x4270000000000000 is an unknown value
RCX=0x000000010e863068: _ZL8tc_mutex+0x20 in /Applications/Android Studio.app/Contents/jre/Contents/Home/lib/server/libjvm.dylib at 0x000000010deb6000
RDX=0x00003c0000003c00 is an unknown value
RSP=0x0000700007a08ae0 is pointing into the stack for thread: 0x00007fcc07022800
RBP=0x0000700007a08af0 is pointing into the stack for thread: 0x00007fcc07022800
RSI=0x00007fcc086e0000 is an unknown value
RDI=0x4270000000000000 is an unknown value
R8 =0x0000000000000153 is an unknown value
R9 =0x000000000000010a is an unknown value
R10=0x000000000000000f is an unknown value
R11=0x0000000000000246 is an unknown value
R12=0x00007fcc06a94c9e points into unknown readable memory: 28 29
R13=0x0 is NULL
R14=0x00007fcc06905a30 points into unknown readable memory: 0x00007fcc05b88000 | 00 80 b8 05 cc 7f 00 00
R15=0x000000010e6bddd2: <offset 0x807dd2> in /Applications/Android Studio.app/Contents/jre/Contents/Home/lib/server/libjvm.dylib at 0x000000010deb6000


Registers:
RAX=0x0000000000000000, RBX=0x4270000000000000, RCX=0x000000010e863068, RDX=0x00003c0000003c00
RSP=0x0000700007a08ae0, RBP=0x0000700007a08af0, RSI=0x00007fcc086e0000, RDI=0x4270000000000000
R8 =0x0000000000000153, R9 =0x000000000000010a, R10=0x000000000000000f, R11=0x0000000000000246
R12=0x00007fcc06a94c9e, R13=0x0000000000000000, R14=0x00007fcc06905a30, R15=0x000000010e6bddd2
RIP=0x000000010dfbbae6, EFLAGS=0x0000000000010206, ERR=0x0000000000000000
  TRAPNO=0x000000000000000d

Top of Stack: (sp=0x0000700007a08ae0)
0x0000700007a08ae0:   0000700007a08bd8 00007fcc06aa42f0
0x0000700007a08af0:   0000700007a08b20 000000010e3ec320
0x0000700007a08b00:   0000700007a08b20 00006000026f1740
0x0000700007a08b10:   0000700007a08b38 0000700007a08b38
0x0000700007a08b20:   0000700007a08db0 000000010e1008e7
0x0000700007a08b30:   0000700007a08bf4 00006000026f1740
0x0000700007a08b40:   00007fcc06905a30 00007fcc06905a40
0x0000700007a08b50:   00007fcc06905e18 00000000000003d8
0x0000700007a08b60:   0000000000000000 0000000000000000
0x0000700007a08b70:   0000000000414f00 00000000001e897e
0x0000700007a08b80:   000000000000ea02 00000000040f55ae
0x0000700007a08b90:   00000000003bc894 0000000000000000
0x0000700007a08ba0:   0000000000000000 00007fcc06aa42f0
0x0000700007a08bb0:   000000000160b8ae 0000000000137b05
0x0000700007a08bc0:   00000000002b4700 000003d600001351
0x0000700007a08bd0:   00006000003f02a0 00000001281dcd50
0x0000700007a08be0:   00007fcc07022800 0000000000000004
0x0000700007a08bf0:   00007fcc07022800 0000600001afc120
0x0000700007a08c00:   0000600000000000 ffffffff0e897fe8
0x0000700007a08c10:   00000001281dcd50 00007fcc00000006
0x0000700007a08c20:   0000000000000000 0000000000000000
0x0000700007a08c30:   0000000000000000 0000000000000000
0x0000700007a08c40:   0000000000000000 0000700000000671
0x0000700007a08c50:   00007fcc0683b4f0 00007fcc06905b10
0x0000700007a08c60:   00007fcc06905b70 00007fcc05b8b7f0
0x0000700007a08c70:   0000000000000000 0000000001af8e01
0x0000700007a08c80:   0000047101afc100 0000600001afc120
0x0000700007a08c90:   0000000000000000 0000000000000000
0x0000700007a08ca0:   0000000000000000 0000000000000000
0x0000700007a08cb0:   0000600000000000 00007fcc05bd0920
0x0000700007a08cc0:   00007fcc05bd09e0 0000000000000000
0x0000700007a08cd0:   0000000000000000 0000000000000000 

Instructions: (pc=0x000000010dfbbae6)
0x000000010dfbb9e6:   48 8b 3d 23 41 8c 00 eb 4e 48 3d d8 27 00 00 74
0x000000010dfbb9f6:   3f 48 3d d8 7f 00 00 75 09 48 8b 3d fa 40 8c 00
0x000000010dfbba06:   eb 35 4c 8d 75 e8 4c 89 f7 e8 74 62 68 00 48 89
0x000000010dfbba16:   df e8 a2 4f 52 00 4c 89 f7 e8 be 62 68 00 48 83
0x000000010dfbba26:   c4 10 5b 41 5e 5d c3 48 8b 3d e4 40 8c 00 eb 07
0x000000010dfbba36:   48 8b 3d cb 40 8c 00 48 89 de 48 83 c4 10 5b 41
0x000000010dfbba46:   5e 5d e9 01 00 00 00 90 55 48 89 e5 41 57 41 56
0x000000010dfbba56:   53 50 49 89 f6 48 89 fb 4c 8d 7d e0 4c 89 ff e8
0x000000010dfbba66:   1e 62 68 00 48 ff 4b 10 48 8b 03 49 89 06 4c 89
0x000000010dfbba76:   33 48 ff 43 08 4c 89 ff e8 5f 62 68 00 48 83 c4
0x000000010dfbba86:   08 5b 41 5e 41 5f 5d c3 55 48 89 e5 48 89 77 08
0x000000010dfbba96:   48 c7 07 00 00 00 00 5d c3 90 55 48 89 e5 48 89
0x000000010dfbbaa6:   77 08 48 c7 07 00 00 00 00 5d c3 90 55 48 89 e5
0x000000010dfbbab6:   53 50 48 85 ff 74 10 48 8b 1f e8 f7 fe ff ff 48
0x000000010dfbbac6:   89 df 48 85 db 75 f0 48 83 c4 08 5b 5d c3 55 48
0x000000010dfbbad6:   89 e5 41 56 53 49 89 fe 48 8b 3f 48 85 ff 74 10
0x000000010dfbbae6:   48 8b 1f e8 ce fe ff ff 48 89 df 48 85 db 75 f0
0x000000010dfbbaf6:   49 c7 06 00 00 00 00 5b 41 5e 5d c3 55 48 89 e5
0x000000010dfbbb06:   41 56 53 45 31 f6 bf 10 00 00 00 be 07 00 00 00
0x000000010dfbbb16:   31 d2 e8 7a 73 ff ff 48 85 c0 74 1d 48 89 c3 be
0x000000010dfbbb26:   88 13 00 00 48 89 c7 e8 f0 c8 65 00 48 8d 05 b7
0x000000010dfbbb36:   bd 83 00 48 89 03 49 89 de 4c 89 f7 5b 41 5e 5d
0x000000010dfbbb46:   e9 ab c9 65 00 90 55 48 89 e5 41 57 41 56 41 54
0x000000010dfbbb56:   53 49 89 d6 41 89 f7 49 89 fc 89 37 48 c7 47 28
0x000000010dfbbb66:   00 00 00 00 49 83 c6 07 49 83 e6 f8 31 db bf 10
0x000000010dfbbb76:   00 00 00 31 f6 4c 89 f2 e8 ed fb ff ff 48 85 c0
0x000000010dfbbb86:   74 0e 4c 89 70 08 48 c7 00 00 00 00 00 48 89 c3
0x000000010dfbbb96:   49 89 5c 24 10 49 89 5c 24 08 48 8d 43 10 49 89
0x000000010dfbbba6:   44 24 18 48 03 43 08 49 89 44 24 20 48 8d 1d 9b
0x000000010dfbbbb6:   35 8a 00 8b 03 3d ff 00 00 00 75 12 e8 0b 87 4c
0x000000010dfbbbc6:   00 89 03 8b 03 48 8d 0d 86 35 8a 00 89 01 8b 03
0x000000010dfbbbd6:   83 f8 02 7c 20 41 0f b6 c7 48 c1 e0 05 48 8d 0d 


Stack slot to memory mapping:
stack at sp + 0 slots: 0x0000700007a08bd8 is pointing into the stack for thread: 0x00007fcc07022800
stack at sp + 1 slots: 0x00007fcc06aa42f0 points into unknown readable memory: 0x616a4e45ffff0019 | 19 00 ff ff 45 4e 6a 61
stack at sp + 2 slots: 0x0000700007a08b20 is pointing into the stack for thread: 0x00007fcc07022800
stack at sp + 3 slots: 0x000000010e3ec320: _ZN12ResourceMark13reset_to_markEv+0x50 in /Applications/Android Studio.app/Contents/jre/Contents/Home/lib/server/libjvm.dylib at 0x000000010deb6000
stack at sp + 4 slots: 0x0000700007a08b20 is pointing into the stack for thread: 0x00007fcc07022800
stack at sp + 5 slots: 0x00006000026f1740 points into unknown readable memory: 0x0000000000000006 | 06 00 00 00 00 00 00 00
stack at sp + 6 slots: 0x0000700007a08b38 is pointing into the stack for thread: 0x00007fcc07022800
stack at sp + 7 slots: 0x0000700007a08b38 is pointing into the stack for thread: 0x00007fcc07022800


---------------  P R O C E S S  ---------------

Threads class SMR info:
_java_thread_list=0x00006000028e0f60, length=9, elements={
0x00007fcc05812800, 0x00007fcc05824800, 0x00007fcc0780b000, 0x00007fcc0780c000,
0x00007fcc0781b000, 0x00007fcc07022800, 0x00007fcc0702b800, 0x00007fcc060a6000,
0x00007fcc0702c800
}

Java Threads: ( => current thread )
  0x00007fcc05812800 JavaThread "main" [_thread_blocked, id=259, stack(0x00007ff7b2d59000,0x00007ff7b3559000)]
  0x00007fcc05824800 JavaThread "Reference Handler" daemon [_thread_blocked, id=13059, stack(0x00007000073f7000,0x00007000074f7000)]
  0x00007fcc0780b000 JavaThread "Finalizer" daemon [_thread_blocked, id=13315, stack(0x00007000074fa000,0x00007000075fa000)]
  0x00007fcc0780c000 JavaThread "Signal Dispatcher" daemon [_thread_blocked, id=15619, stack(0x0000700007703000,0x0000700007803000)]
  0x00007fcc0781b000 JavaThread "Service Thread" daemon [_thread_blocked, id=14851, stack(0x0000700007806000,0x0000700007906000)]
=>0x00007fcc07022800 JavaThread "C2 CompilerThread0" daemon [_thread_in_vm, id=22019, stack(0x0000700007909000,0x0000700007a09000)]
  0x00007fcc0702b800 JavaThread "C1 CompilerThread0" daemon [_thread_blocked, id=42755, stack(0x0000700007a0c000,0x0000700007b0c000)]
  0x00007fcc060a6000 JavaThread "Sweeper thread" daemon [_thread_blocked, id=42243, stack(0x0000700007b0f000,0x0000700007c0f000)]
  0x00007fcc0702c800 JavaThread "Common-Cleaner" daemon [_thread_blocked, id=40963, stack(0x0000700007d15000,0x0000700007e15000)]

Other Threads:
  0x00007fcc0701f800 VMThread "VM Thread" [stack: 0x00007000072f4000,0x00007000073f4000] [id=12803]
  0x00007fcc0704d800 WatcherThread [stack: 0x0000700007c12000,0x0000700007d12000] [id=41731]
  0x00007fcc0600d800 GCTaskThread "GC Thread#0" [stack: 0x0000700006de5000,0x0000700006ee5000] [id=20739]
  0x00007fcc0727a000 GCTaskThread "GC Thread#1" [stack: 0x00007000080a7000,0x00007000081a7000] [id=65027]
  0x00007fcc0798f000 GCTaskThread "GC Thread#2" [stack: 0x00007000081aa000,0x00007000082aa000] [id=65283]
  0x00007fcc06033800 ConcurrentGCThread "G1 Main Marker" [stack: 0x0000700006ee8000,0x0000700006fe8000] [id=11267]
  0x00007fcc06034000 ConcurrentGCThread "G1 Conc#0" [stack: 0x0000700006feb000,0x00007000070eb000] [id=19971]
  0x00007fcc06085000 ConcurrentGCThread "G1 Refine#0" [stack: 0x00007000070ee000,0x00007000071ee000] [id=11779]
  0x00007fcc06085800 ConcurrentGCThread "G1 Young RemSet Sampling" [stack: 0x00007000071f1000,0x00007000072f1000] [id=12291]

Threads with active compile tasks:
C2 CompilerThread0   3661  982       4       java.util.StringTokenizer::nextToken (92 bytes)

VM state:synchronizing (normal execution)

VM Mutex/Monitor currently owned by a thread:  ([mutex/lock_event])
[0x00006000006f2280] Threads_lock - owner thread: 0x00007fcc0701f800

Heap address: 0x0000000780000000, size: 2048 MB, Compressed Oops mode: Zero based, Oop shift amount: 3
Narrow klass base: 0x0000000800000000, Narrow klass shift: 0
Compressed class space size: 1073741824 Address: 0x0000000800000000

Heap:
 garbage-first heap   total 131072K, used 15067K [0x0000000780000000, 0x0000000800000000)
  region size 1024K, 16 young (16384K), 2 survivors (2048K)
 Metaspace       used 13185K, capacity 13376K, committed 13696K, reserved 1062912K
  class space    used 1056K, capacity 1142K, committed 1152K, reserved 1048576K
Heap Regions: E=young(eden), S=young(survivor), O=old, HS=humongous(starts), HC=humongous(continues), CS=collection set, F=free, A=archive, TAMS=top-at-mark-start (previous, next)
|   0|0x0000000780000000, 0x0000000780000000, 0x0000000780100000|  0%| F|  |TAMS 0x0000000780000000, 0x0000000780000000| Untracked 
|   1|0x0000000780100000, 0x0000000780100000, 0x0000000780200000|  0%| F|  |TAMS 0x0000000780100000, 0x0000000780100000| Untracked 
|   2|0x0000000780200000, 0x0000000780200000, 0x0000000780300000|  0%| F|  |TAMS 0x0000000780200000, 0x0000000780200000| Untracked 
|   3|0x0000000780300000, 0x0000000780300000, 0x0000000780400000|  0%| F|  |TAMS 0x0000000780300000, 0x0000000780300000| Untracked 
|   4|0x0000000780400000, 0x0000000780400000, 0x0000000780500000|  0%| F|  |TAMS 0x0000000780400000, 0x0000000780400000| Untracked 
|   5|0x0000000780500000, 0x0000000780500000, 0x0000000780600000|  0%| F|  |TAMS 0x0000000780500000, 0x0000000780500000| Untracked 
|   6|0x0000000780600000, 0x0000000780600000, 0x0000000780700000|  0%| F|  |TAMS 0x0000000780600000, 0x0000000780600000| Untracked 
|   7|0x0000000780700000, 0x0000000780700000, 0x0000000780800000|  0%| F|  |TAMS 0x0000000780700000, 0x0000000780700000| Untracked 
|   8|0x0000000780800000, 0x0000000780800000, 0x0000000780900000|  0%| F|  |TAMS 0x0000000780800000, 0x0000000780800000| Untracked 
|   9|0x0000000780900000, 0x0000000780900000, 0x0000000780a00000|  0%| F|  |TAMS 0x0000000780900000, 0x0000000780900000| Untracked 
|  10|0x0000000780a00000, 0x0000000780a00000, 0x0000000780b00000|  0%| F|  |TAMS 0x0000000780a00000, 0x0000000780a00000| Untracked 
|  11|0x0000000780b00000, 0x0000000780b00000, 0x0000000780c00000|  0%| F|  |TAMS 0x0000000780b00000, 0x0000000780b00000| Untracked 
|  12|0x0000000780c00000, 0x0000000780c00000, 0x0000000780d00000|  0%| F|  |TAMS 0x0000000780c00000, 0x0000000780c00000| Untracked 
|  13|0x0000000780d00000, 0x0000000780d00000, 0x0000000780e00000|  0%| F|  |TAMS 0x0000000780d00000, 0x0000000780d00000| Untracked 
|  14|0x0000000780e00000, 0x0000000780e00000, 0x0000000780f00000|  0%| F|  |TAMS 0x0000000780e00000, 0x0000000780e00000| Untracked 
|  15|0x0000000780f00000, 0x0000000780f00000, 0x0000000781000000|  0%| F|  |TAMS 0x0000000780f00000, 0x0000000780f00000| Untracked 
|  16|0x0000000781000000, 0x0000000781000000, 0x0000000781100000|  0%| F|  |TAMS 0x0000000781000000, 0x0000000781000000| Untracked 
|  17|0x0000000781100000, 0x0000000781100000, 0x0000000781200000|  0%| F|  |TAMS 0x0000000781100000, 0x0000000781100000| Untracked 
|  18|0x0000000781200000, 0x0000000781200000, 0x0000000781300000|  0%| F|  |TAMS 0x0000000781200000, 0x0000000781200000| Untracked 
|  19|0x0000000781300000, 0x0000000781300000, 0x0000000781400000|  0%| F|  |TAMS 0x0000000781300000, 0x0000000781300000| Untracked 
|  20|0x0000000781400000, 0x0000000781400000, 0x0000000781500000|  0%| F|  |TAMS 0x0000000781400000, 0x0000000781400000| Untracked 
|  21|0x0000000781500000, 0x0000000781500000, 0x0000000781600000|  0%| F|  |TAMS 0x0000000781500000, 0x0000000781500000| Untracked 
|  22|0x0000000781600000, 0x0000000781600000, 0x0000000781700000|  0%| F|  |TAMS 0x0000000781600000, 0x0000000781600000| Untracked 
|  23|0x0000000781700000, 0x0000000781700000, 0x0000000781800000|  0%| F|  |TAMS 0x0000000781700000, 0x0000000781700000| Untracked 
|  24|0x0000000781800000, 0x0000000781800000, 0x0000000781900000|  0%| F|  |TAMS 0x0000000781800000, 0x0000000781800000| Untracked 
|  25|0x0000000781900000, 0x0000000781900000, 0x0000000781a00000|  0%| F|  |TAMS 0x0000000781900000, 0x0000000781900000| Untracked 
|  26|0x0000000781a00000, 0x0000000781a00000, 0x0000000781b00000|  0%| F|  |TAMS 0x0000000781a00000, 0x0000000781a00000| Untracked 
|  27|0x0000000781b00000, 0x0000000781b00000, 0x0000000781c00000|  0%| F|  |TAMS 0x0000000781b00000, 0x0000000781b00000| Untracked 
|  28|0x0000000781c00000, 0x0000000781c00000, 0x0000000781d00000|  0%| F|  |TAMS 0x0000000781c00000, 0x0000000781c00000| Untracked 
|  29|0x0000000781d00000, 0x0000000781d00000, 0x0000000781e00000|  0%| F|  |TAMS 0x0000000781d00000, 0x0000000781d00000| Untracked 
|  30|0x0000000781e00000, 0x0000000781e00000, 0x0000000781f00000|  0%| F|  |TAMS 0x0000000781e00000, 0x0000000781e00000| Untracked 
|  31|0x0000000781f00000, 0x0000000781f00000, 0x0000000782000000|  0%| F|  |TAMS 0x0000000781f00000, 0x0000000781f00000| Untracked 
|  32|0x0000000782000000, 0x0000000782000000, 0x0000000782100000|  0%| F|  |TAMS 0x0000000782000000, 0x0000000782000000| Untracked 
|  33|0x0000000782100000, 0x0000000782100000, 0x0000000782200000|  0%| F|  |TAMS 0x0000000782100000, 0x0000000782100000| Untracked 
|  34|0x0000000782200000, 0x0000000782200000, 0x0000000782300000|  0%| F|  |TAMS 0x0000000782200000, 0x0000000782200000| Untracked 
|  35|0x0000000782300000, 0x0000000782300000, 0x0000000782400000|  0%| F|  |TAMS 0x0000000782300000, 0x0000000782300000| Untracked 
|  36|0x0000000782400000, 0x0000000782400000, 0x0000000782500000|  0%| F|  |TAMS 0x0000000782400000, 0x0000000782400000| Untracked 
|  37|0x0000000782500000, 0x0000000782500000, 0x0000000782600000|  0%| F|  |TAMS 0x0000000782500000, 0x0000000782500000| Untracked 
|  38|0x0000000782600000, 0x0000000782600000, 0x0000000782700000|  0%| F|  |TAMS 0x0000000782600000, 0x0000000782600000| Untracked 
|  39|0x0000000782700000, 0x0000000782700000, 0x0000000782800000|  0%| F|  |TAMS 0x0000000782700000, 0x0000000782700000| Untracked 
|  40|0x0000000782800000, 0x0000000782800000, 0x0000000782900000|  0%| F|  |TAMS 0x0000000782800000, 0x0000000782800000| Untracked 
|  41|0x0000000782900000, 0x0000000782900000, 0x0000000782a00000|  0%| F|  |TAMS 0x0000000782900000, 0x0000000782900000| Untracked 
|  42|0x0000000782a00000, 0x0000000782a00000, 0x0000000782b00000|  0%| F|  |TAMS 0x0000000782a00000, 0x0000000782a00000| Untracked 
|  43|0x0000000782b00000, 0x0000000782b00000, 0x0000000782c00000|  0%| F|  |TAMS 0x0000000782b00000, 0x0000000782b00000| Untracked 
|  44|0x0000000782c00000, 0x0000000782c00000, 0x0000000782d00000|  0%| F|  |TAMS 0x0000000782c00000, 0x0000000782c00000| Untracked 
|  45|0x0000000782d00000, 0x0000000782d00000, 0x0000000782e00000|  0%| F|  |TAMS 0x0000000782d00000, 0x0000000782d00000| Untracked 
|  46|0x0000000782e00000, 0x0000000782e00000, 0x0000000782f00000|  0%| F|  |TAMS 0x0000000782e00000, 0x0000000782e00000| Untracked 
|  47|0x0000000782f00000, 0x0000000782f00000, 0x0000000783000000|  0%| F|  |TAMS 0x0000000782f00000, 0x0000000782f00000| Untracked 
|  48|0x0000000783000000, 0x0000000783000000, 0x0000000783100000|  0%| F|  |TAMS 0x0000000783000000, 0x0000000783000000| Untracked 
|  49|0x0000000783100000, 0x0000000783100000, 0x0000000783200000|  0%| F|  |TAMS 0x0000000783100000, 0x0000000783100000| Untracked 
|  50|0x0000000783200000, 0x0000000783200000, 0x0000000783300000|  0%| F|  |TAMS 0x0000000783200000, 0x0000000783200000| Untracked 
|  51|0x0000000783300000, 0x0000000783300000, 0x0000000783400000|  0%| F|  |TAMS 0x0000000783300000, 0x0000000783300000| Untracked 
|  52|0x0000000783400000, 0x0000000783400000, 0x0000000783500000|  0%| F|  |TAMS 0x0000000783400000, 0x0000000783400000| Untracked 
|  53|0x0000000783500000, 0x0000000783500000, 0x0000000783600000|  0%| F|  |TAMS 0x0000000783500000, 0x0000000783500000| Untracked 
|  54|0x0000000783600000, 0x0000000783600000, 0x0000000783700000|  0%| F|  |TAMS 0x0000000783600000, 0x0000000783600000| Untracked 
|  55|0x0000000783700000, 0x0000000783700000, 0x0000000783800000|  0%| F|  |TAMS 0x0000000783700000, 0x0000000783700000| Untracked 
|  56|0x0000000783800000, 0x0000000783800000, 0x0000000783900000|  0%| F|  |TAMS 0x0000000783800000, 0x0000000783800000| Untracked 
|  57|0x0000000783900000, 0x0000000783900000, 0x0000000783a00000|  0%| F|  |TAMS 0x0000000783900000, 0x0000000783900000| Untracked 
|  58|0x0000000783a00000, 0x0000000783a00000, 0x0000000783b00000|  0%| F|  |TAMS 0x0000000783a00000, 0x0000000783a00000| Untracked 
|  59|0x0000000783b00000, 0x0000000783b00000, 0x0000000783c00000|  0%| F|  |TAMS 0x0000000783b00000, 0x0000000783b00000| Untracked 
|  60|0x0000000783c00000, 0x0000000783c00000, 0x0000000783d00000|  0%| F|  |TAMS 0x0000000783c00000, 0x0000000783c00000| Untracked 
|  61|0x0000000783d00000, 0x0000000783d00000, 0x0000000783e00000|  0%| F|  |TAMS 0x0000000783d00000, 0x0000000783d00000| Untracked 
|  62|0x0000000783e00000, 0x0000000783e00000, 0x0000000783f00000|  0%| F|  |TAMS 0x0000000783e00000, 0x0000000783e00000| Untracked 
|  63|0x0000000783f00000, 0x0000000783f00000, 0x0000000784000000|  0%| F|  |TAMS 0x0000000783f00000, 0x0000000783f00000| Untracked 
|  64|0x0000000784000000, 0x0000000784000000, 0x0000000784100000|  0%| F|  |TAMS 0x0000000784000000, 0x0000000784000000| Untracked 
|  65|0x0000000784100000, 0x0000000784100000, 0x0000000784200000|  0%| F|  |TAMS 0x0000000784100000, 0x0000000784100000| Untracked 
|  66|0x0000000784200000, 0x0000000784200000, 0x0000000784300000|  0%| F|  |TAMS 0x0000000784200000, 0x0000000784200000| Untracked 
|  67|0x0000000784300000, 0x0000000784300000, 0x0000000784400000|  0%| F|  |TAMS 0x0000000784300000, 0x0000000784300000| Untracked 
|  68|0x0000000784400000, 0x0000000784400000, 0x0000000784500000|  0%| F|  |TAMS 0x0000000784400000, 0x0000000784400000| Untracked 
|  69|0x0000000784500000, 0x0000000784500000, 0x0000000784600000|  0%| F|  |TAMS 0x0000000784500000, 0x0000000784500000| Untracked 
|  70|0x0000000784600000, 0x0000000784600000, 0x0000000784700000|  0%| F|  |TAMS 0x0000000784600000, 0x0000000784600000| Untracked 
|  71|0x0000000784700000, 0x0000000784700000, 0x0000000784800000|  0%| F|  |TAMS 0x0000000784700000, 0x0000000784700000| Untracked 
|  72|0x0000000784800000, 0x0000000784800000, 0x0000000784900000|  0%| F|  |TAMS 0x0000000784800000, 0x0000000784800000| Untracked 
|  73|0x0000000784900000, 0x0000000784900000, 0x0000000784a00000|  0%| F|  |TAMS 0x0000000784900000, 0x0000000784900000| Untracked 
|  74|0x0000000784a00000, 0x0000000784a00000, 0x0000000784b00000|  0%| F|  |TAMS 0x0000000784a00000, 0x0000000784a00000| Untracked 
|  75|0x0000000784b00000, 0x0000000784b00000, 0x0000000784c00000|  0%| F|  |TAMS 0x0000000784b00000, 0x0000000784b00000| Untracked 
|  76|0x0000000784c00000, 0x0000000784c00000, 0x0000000784d00000|  0%| F|  |TAMS 0x0000000784c00000, 0x0000000784c00000| Untracked 
|  77|0x0000000784d00000, 0x0000000784d00000, 0x0000000784e00000|  0%| F|  |TAMS 0x0000000784d00000, 0x0000000784d00000| Untracked 
|  78|0x0000000784e00000, 0x0000000784e00000, 0x0000000784f00000|  0%| F|  |TAMS 0x0000000784e00000, 0x0000000784e00000| Untracked 
|  79|0x0000000784f00000, 0x0000000784f00000, 0x0000000785000000|  0%| F|  |TAMS 0x0000000784f00000, 0x0000000784f00000| Untracked 
|  80|0x0000000785000000, 0x0000000785000000, 0x0000000785100000|  0%| F|  |TAMS 0x0000000785000000, 0x0000000785000000| Untracked 
|  81|0x0000000785100000, 0x0000000785100000, 0x0000000785200000|  0%| F|  |TAMS 0x0000000785100000, 0x0000000785100000| Untracked 
|  82|0x0000000785200000, 0x0000000785200000, 0x0000000785300000|  0%| F|  |TAMS 0x0000000785200000, 0x0000000785200000| Untracked 
|  83|0x0000000785300000, 0x0000000785300000, 0x0000000785400000|  0%| F|  |TAMS 0x0000000785300000, 0x0000000785300000| Untracked 
|  84|0x0000000785400000, 0x0000000785400000, 0x0000000785500000|  0%| F|  |TAMS 0x0000000785400000, 0x0000000785400000| Untracked 
|  85|0x0000000785500000, 0x0000000785500000, 0x0000000785600000|  0%| F|  |TAMS 0x0000000785500000, 0x0000000785500000| Untracked 
|  86|0x0000000785600000, 0x0000000785600000, 0x0000000785700000|  0%| F|  |TAMS 0x0000000785600000, 0x0000000785600000| Untracked 
|  87|0x0000000785700000, 0x0000000785700000, 0x0000000785800000|  0%| F|  |TAMS 0x0000000785700000, 0x0000000785700000| Untracked 
|  88|0x0000000785800000, 0x0000000785800000, 0x0000000785900000|  0%| F|  |TAMS 0x0000000785800000, 0x0000000785800000| Untracked 
|  89|0x0000000785900000, 0x0000000785900000, 0x0000000785a00000|  0%| F|  |TAMS 0x0000000785900000, 0x0000000785900000| Untracked 
|  90|0x0000000785a00000, 0x0000000785a00000, 0x0000000785b00000|  0%| F|  |TAMS 0x0000000785a00000, 0x0000000785a00000| Untracked 
|  91|0x0000000785b00000, 0x0000000785b00000, 0x0000000785c00000|  0%| F|  |TAMS 0x0000000785b00000, 0x0000000785b00000| Untracked 
|  92|0x0000000785c00000, 0x0000000785c00000, 0x0000000785d00000|  0%| F|  |TAMS 0x0000000785c00000, 0x0000000785c00000| Untracked 
|  93|0x0000000785d00000, 0x0000000785d00000, 0x0000000785e00000|  0%| F|  |TAMS 0x0000000785d00000, 0x0000000785d00000| Untracked 
|  94|0x0000000785e00000, 0x0000000785e00000, 0x0000000785f00000|  0%| F|  |TAMS 0x0000000785e00000, 0x0000000785e00000| Untracked 
|  95|0x0000000785f00000, 0x0000000785f00000, 0x0000000786000000|  0%| F|  |TAMS 0x0000000785f00000, 0x0000000785f00000| Untracked 
|  96|0x0000000786000000, 0x0000000786000000, 0x0000000786100000|  0%| F|  |TAMS 0x0000000786000000, 0x0000000786000000| Untracked 
|  97|0x0000000786100000, 0x0000000786100000, 0x0000000786200000|  0%| F|  |TAMS 0x0000000786100000, 0x0000000786100000| Untracked 
|  98|0x0000000786200000, 0x0000000786200000, 0x0000000786300000|  0%| F|  |TAMS 0x0000000786200000, 0x0000000786200000| Untracked 
|  99|0x0000000786300000, 0x0000000786300000, 0x0000000786400000|  0%| F|  |TAMS 0x0000000786300000, 0x0000000786300000| Untracked 
| 100|0x0000000786400000, 0x0000000786400000, 0x0000000786500000|  0%| F|  |TAMS 0x0000000786400000, 0x0000000786400000| Untracked 
| 101|0x0000000786500000, 0x0000000786500000, 0x0000000786600000|  0%| F|  |TAMS 0x0000000786500000, 0x0000000786500000| Untracked 
| 102|0x0000000786600000, 0x0000000786600000, 0x0000000786700000|  0%| F|  |TAMS 0x0000000786600000, 0x0000000786600000| Untracked 
| 103|0x0000000786700000, 0x0000000786700000, 0x0000000786800000|  0%| F|  |TAMS 0x0000000786700000, 0x0000000786700000| Untracked 
| 104|0x0000000786800000, 0x0000000786800000, 0x0000000786900000|  0%| F|  |TAMS 0x0000000786800000, 0x0000000786800000| Untracked 
| 105|0x0000000786900000, 0x0000000786900000, 0x0000000786a00000|  0%| F|  |TAMS 0x0000000786900000, 0x0000000786900000| Untracked 
| 106|0x0000000786a00000, 0x0000000786a00000, 0x0000000786b00000|  0%| F|  |TAMS 0x0000000786a00000, 0x0000000786a00000| Untracked 
| 107|0x0000000786b00000, 0x0000000786b00000, 0x0000000786c00000|  0%| F|  |TAMS 0x0000000786b00000, 0x0000000786b00000| Untracked 
| 108|0x0000000786c00000, 0x0000000786c00000, 0x0000000786d00000|  0%| F|  |TAMS 0x0000000786c00000, 0x0000000786c00000| Untracked 
| 109|0x0000000786d00000, 0x0000000786d00000, 0x0000000786e00000|  0%| F|  |TAMS 0x0000000786d00000, 0x0000000786d00000| Untracked 
| 110|0x0000000786e00000, 0x0000000786e00000, 0x0000000786f00000|  0%| F|  |TAMS 0x0000000786e00000, 0x0000000786e00000| Untracked 
| 111|0x0000000786f00000, 0x0000000786f00000, 0x0000000787000000|  0%| F|  |TAMS 0x0000000786f00000, 0x0000000786f00000| Untracked 
| 112|0x0000000787000000, 0x00000007870b6d08, 0x0000000787100000| 71%| S|CS|TAMS 0x0000000787000000, 0x0000000787000000| Complete 
| 113|0x0000000787100000, 0x0000000787200000, 0x0000000787200000|100%| S|CS|TAMS 0x0000000787100000, 0x0000000787100000| Complete 
| 114|0x0000000787200000, 0x0000000787282010, 0x0000000787300000| 50%| E|  |TAMS 0x0000000787200000, 0x0000000787200000| Complete 
| 115|0x0000000787300000, 0x0000000787400000, 0x0000000787400000|100%| E|CS|TAMS 0x0000000787300000, 0x0000000787300000| Complete 
| 116|0x0000000787400000, 0x0000000787500000, 0x0000000787500000|100%| E|CS|TAMS 0x0000000787400000, 0x0000000787400000| Complete 
| 117|0x0000000787500000, 0x0000000787600000, 0x0000000787600000|100%| E|CS|TAMS 0x0000000787500000, 0x0000000787500000| Complete 
| 118|0x0000000787600000, 0x0000000787700000, 0x0000000787700000|100%| E|CS|TAMS 0x0000000787600000, 0x0000000787600000| Complete 
| 119|0x0000000787700000, 0x0000000787800000, 0x0000000787800000|100%| E|CS|TAMS 0x0000000787700000, 0x0000000787700000| Complete 
| 120|0x0000000787800000, 0x0000000787900000, 0x0000000787900000|100%| E|CS|TAMS 0x0000000787800000, 0x0000000787800000| Complete 
| 121|0x0000000787900000, 0x0000000787a00000, 0x0000000787a00000|100%| E|CS|TAMS 0x0000000787900000, 0x0000000787900000| Complete 
| 122|0x0000000787a00000, 0x0000000787b00000, 0x0000000787b00000|100%| E|CS|TAMS 0x0000000787a00000, 0x0000000787a00000| Complete 
| 123|0x0000000787b00000, 0x0000000787c00000, 0x0000000787c00000|100%| E|CS|TAMS 0x0000000787b00000, 0x0000000787b00000| Complete 
| 124|0x0000000787c00000, 0x0000000787d00000, 0x0000000787d00000|100%| E|CS|TAMS 0x0000000787c00000, 0x0000000787c00000| Complete 
| 125|0x0000000787d00000, 0x0000000787e00000, 0x0000000787e00000|100%| E|CS|TAMS 0x0000000787d00000, 0x0000000787d00000| Complete 
| 126|0x0000000787e00000, 0x0000000787f00000, 0x0000000787f00000|100%| E|CS|TAMS 0x0000000787e00000, 0x0000000787e00000| Complete 
| 127|0x0000000787f00000, 0x0000000788000000, 0x0000000788000000|100%| E|CS|TAMS 0x0000000787f00000, 0x0000000787f00000| Complete 

Card table byte_map: [0x000000010d342000,0x000000010d742000] _byte_map_base: 0x0000000109742000

Marking Bits (Prev, Next): (CMBitMap*) 0x00007fcc0602ac18, (CMBitMap*) 0x00007fcc0602ac50
 Prev Bits: [0x0000000121af9000, 0x0000000123af9000)
 Next Bits: [0x0000000123af9000, 0x0000000125af9000)

Polling page: 0x000000010cadb000

Metaspace:

Usage:
  Non-class:     11.95 MB capacity,    11.84 MB (>99%) used,    90.62 KB ( <1%) free+waste,    15.00 KB ( <1%) overhead. 
      Class:      1.12 MB capacity,     1.03 MB ( 93%) used,    79.15 KB (  7%) free+waste,     6.12 KB ( <1%) overhead. 
       Both:     13.06 MB capacity,    12.88 MB ( 99%) used,   169.77 KB (  1%) free+waste,    21.12 KB ( <1%) overhead. 

Virtual space:
  Non-class space:       14.00 MB reserved,      12.25 MB ( 88%) committed 
      Class space:        1.00 GB reserved,       1.12 MB ( <1%) committed 
             Both:        1.01 GB reserved,      13.38 MB (  1%) committed 

Chunk freelists:
   Non-Class:  274.00 KB
       Class:  10.00 KB
        Both:  284.00 KB

MaxMetaspaceSize: unlimited
CompressedClassSpaceSize: 1.00 GB
Initial GC threshold: 20.80 MB
Current GC threshold: 20.80 MB
CDS: off

CodeHeap 'non-profiled nmethods': size=120032Kb used=321Kb max_used=321Kb free=119710Kb
 bounds [0x000000011a5c1000, 0x000000011a831000, 0x0000000121af9000]
CodeHeap 'profiled nmethods': size=120032Kb used=1860Kb max_used=1860Kb free=118172Kb
 bounds [0x0000000113089000, 0x00000001132f9000, 0x000000011a5c1000]
CodeHeap 'non-nmethods': size=5696Kb used=1597Kb max_used=1615Kb free=4098Kb
 bounds [0x0000000112af9000, 0x0000000112d69000, 0x0000000113089000]
 total_blobs=2002 nmethods=1003 adapters=913
 compilation: enabled
              stopped_count=0, restarted_count=0
 full_count=0

Compilation events (20 events):
Event: 3.597 Thread 0x00007fcc0702b800 nmethod 998 0x0000000113251b10 code [0x0000000113251ce0, 0x0000000113251fc0]
Event: 3.597 Thread 0x00007fcc0702b800  999       3       java.lang.reflect.AccessibleObject::checkCanSetAccessible (9 bytes)
Event: 3.597 Thread 0x00007fcc0702b800 nmethod 999 0x0000000113252110 code [0x00000001132522c0, 0x00000001132523e0]
Event: 3.597 Thread 0x00007fcc0702b800 1000       3       java.lang.reflect.AccessibleObject::checkCanSetAccessible (386 bytes)
Event: 3.602 Thread 0x00007fcc0702b800 nmethod 1000 0x0000000113252490 code [0x0000000113252c80, 0x0000000113257080]
Event: 3.602 Thread 0x00007fcc0702b800 1001       3       java.lang.reflect.AccessibleObject::setAccessible0 (7 bytes)
Event: 3.602 Thread 0x00007fcc0702b800 nmethod 1001 0x0000000113258690 code [0x0000000113258840, 0x0000000113258950]
Event: 3.602 Thread 0x00007fcc0702b800 1002       3       java.lang.reflect.Field::isSynthetic (8 bytes)
Event: 3.603 Thread 0x00007fcc0702b800 nmethod 1002 0x0000000113258a10 code [0x0000000113258bc0, 0x0000000113258d90]
Event: 3.603 Thread 0x00007fcc0702b800 1003       3       java.lang.reflect.Modifier::isSynthetic (14 bytes)
Event: 3.603 Thread 0x00007fcc0702b800 nmethod 1003 0x0000000113258e90 code [0x0000000113259040, 0x0000000113259170]
Event: 3.603 Thread 0x00007fcc0702b800 1005       3       java.lang.reflect.Field::setAccessible (21 bytes)
Event: 3.603 Thread 0x00007fcc0702b800 nmethod 1005 0x0000000113259210 code [0x0000000113259420, 0x0000000113259a00]
Event: 3.603 Thread 0x00007fcc0702b800 1004       3       com.badlogic.gdx.utils.reflect.Field::<init> (10 bytes)
Event: 3.604 Thread 0x00007fcc0702b800 nmethod 1004 0x0000000113259c10 code [0x0000000113259dc0, 0x0000000113259f70]
Event: 3.604 Thread 0x00007fcc07022800 nmethod 970% 0x000000011a60d490 code [0x000000011a60d760, 0x000000011a60e880]
Event: 3.605 Thread 0x00007fcc07022800  981       4       java.util.StringTokenizer::skipDelimiters (116 bytes)
Event: 3.613 Thread 0x00007fcc07022800 nmethod 981 0x000000011a60f390 code [0x000000011a60f540, 0x000000011a60f8c8]
Event: 3.613 Thread 0x00007fcc07022800  982       4       java.util.StringTokenizer::nextToken (92 bytes)
Event: 3.636 Thread 0x00007fcc07022800 nmethod 982 0x000000011a60fc90 code [0x000000011a60fea0, 0x000000011a610b68]

GC Heap History (2 events):
Event: 1.161 GC heap before
{Heap before GC invocations=0 (full 0):
 garbage-first heap   total 131072K, used 14336K [0x0000000780000000, 0x0000000800000000)
  region size 1024K, 14 young (14336K), 0 survivors (0K)
 Metaspace       used 9124K, capacity 9272K, committed 9600K, reserved 1058816K
  class space    used 752K, capacity 816K, committed 896K, reserved 1048576K
}
Event: 1.165 GC heap after
{Heap after GC invocations=1 (full 0):
 garbage-first heap   total 131072K, used 1755K [0x0000000780000000, 0x0000000800000000)
  region size 1024K, 2 young (2048K), 2 survivors (2048K)
 Metaspace       used 9124K, capacity 9272K, committed 9600K, reserved 1058816K
  class space    used 752K, capacity 816K, committed 896K, reserved 1048576K
}

Deoptimization events (20 events):
Event: 1.610 Thread 0x00007fcc05812800 Uncommon trap: trap_request=0xffffff4d fr.pc=0x000000011a5fc8b8 relative=0x0000000000000198
Event: 1.610 Thread 0x00007fcc05812800 Uncommon trap: reason=unstable_if action=reinterpret pc=0x000000011a5fc8b8 method=java.lang.String.startsWith(Ljava/lang/String;I)Z @ 46 c2
Event: 1.610 Thread 0x00007fcc05812800 DEOPT PACKING pc=0x000000011a5fc8b8 sp=0x00007ff7b3553250
Event: 1.610 Thread 0x00007fcc05812800 DEOPT UNPACKING pc=0x0000000112b42ea5 sp=0x00007ff7b3553180 mode 2
Event: 1.610 Thread 0x00007fcc05812800 Uncommon trap: trap_request=0xffffff4d fr.pc=0x000000011a5c1f78 relative=0x0000000000000058
Event: 1.610 Thread 0x00007fcc05812800 Uncommon trap: reason=unstable_if action=reinterpret pc=0x000000011a5c1f78 method=java.lang.String.isLatin1()Z @ 10 c2
Event: 1.610 Thread 0x00007fcc05812800 DEOPT PACKING pc=0x000000011a5c1f78 sp=0x00007ff7b3553170
Event: 1.610 Thread 0x00007fcc05812800 DEOPT UNPACKING pc=0x0000000112b42ea5 sp=0x00007ff7b3553120 mode 2
Event: 1.610 Thread 0x00007fcc05812800 Uncommon trap: trap_request=0xffffff4d fr.pc=0x000000011a5d0fec relative=0x00000000000001cc
Event: 1.610 Thread 0x00007fcc05812800 Uncommon trap: reason=unstable_if action=reinterpret pc=0x000000011a5d0fec method=java.lang.String.startsWith(Ljava/lang/String;I)Z @ 46 c2
Event: 1.610 Thread 0x00007fcc05812800 DEOPT PACKING pc=0x000000011a5d0fec sp=0x00007ff7b35531e0
Event: 1.610 Thread 0x00007fcc05812800 DEOPT UNPACKING pc=0x0000000112b42ea5 sp=0x00007ff7b3553180 mode 2
Event: 1.610 Thread 0x00007fcc05812800 Uncommon trap: trap_request=0xffffff4d fr.pc=0x000000011a5eb190 relative=0x0000000000000450
Event: 1.610 Thread 0x00007fcc05812800 Uncommon trap: reason=unstable_if action=reinterpret pc=0x000000011a5eb190 method=java.lang.String.substring(II)Ljava/lang/String; @ 31 c2
Event: 1.610 Thread 0x00007fcc05812800 DEOPT PACKING pc=0x000000011a5eb190 sp=0x00007ff7b3553200
Event: 1.610 Thread 0x00007fcc05812800 DEOPT UNPACKING pc=0x0000000112b42ea5 sp=0x00007ff7b35531b8 mode 2
Event: 3.594 Thread 0x00007fcc05812800 Uncommon trap: trap_request=0xffffff4d fr.pc=0x000000011a5ef0d4 relative=0x0000000000000394
Event: 3.594 Thread 0x00007fcc05812800 Uncommon trap: reason=unstable_if action=reinterpret pc=0x000000011a5ef0d4 method=java.lang.AbstractStringBuilder.isLatin1()Z @ 10 c2
Event: 3.594 Thread 0x00007fcc05812800 DEOPT PACKING pc=0x000000011a5ef0d4 sp=0x00007ff7b3552f10
Event: 3.594 Thread 0x00007fcc05812800 DEOPT UNPACKING pc=0x0000000112b42ea5 sp=0x00007ff7b3552e88 mode 2

Classes redefined (0 events):
No events

Internal exceptions (20 events):
Event: 0.714 Thread 0x00007fcc05812800 Exception <a 'java/security/PrivilegedActionException'{0x000000078735a028}> (0x000000078735a028) thrown at [src/hotspot/share/prims/jvm.cpp, line 1306]
Event: 0.719 Thread 0x00007fcc05812800 Exception <a 'java/security/PrivilegedActionException'{0x000000078736f2c8}> (0x000000078736f2c8) thrown at [src/hotspot/share/prims/jvm.cpp, line 1306]
Event: 0.719 Thread 0x00007fcc05812800 Exception <a 'java/security/PrivilegedActionException'{0x000000078736f598}> (0x000000078736f598) thrown at [src/hotspot/share/prims/jvm.cpp, line 1306]
Event: 0.923 Thread 0x00007fcc05812800 Exception <a 'java/security/PrivilegedActionException'{0x00000007872118c0}> (0x00000007872118c0) thrown at [src/hotspot/share/prims/jvm.cpp, line 1306]
Event: 0.923 Thread 0x00007fcc05812800 Exception <a 'java/security/PrivilegedActionException'{0x0000000787211b90}> (0x0000000787211b90) thrown at [src/hotspot/share/prims/jvm.cpp, line 1306]
Event: 0.937 Thread 0x00007fcc05812800 Exception <a 'sun/nio/fs/UnixException'{0x0000000787243890}> (0x0000000787243890) thrown at [src/hotspot/share/prims/jni.cpp, line 616]
Event: 0.943 Thread 0x00007fcc05812800 Exception <a 'java/security/PrivilegedActionException'{0x0000000787269738}> (0x0000000787269738) thrown at [src/hotspot/share/prims/jvm.cpp, line 1306]
Event: 0.943 Thread 0x00007fcc05812800 Exception <a 'java/security/PrivilegedActionException'{0x0000000787269a08}> (0x0000000787269a08) thrown at [src/hotspot/share/prims/jvm.cpp, line 1306]
Event: 0.945 Thread 0x00007fcc05812800 Exception <a 'java/security/PrivilegedActionException'{0x000000078727f090}> (0x000000078727f090) thrown at [src/hotspot/share/prims/jvm.cpp, line 1306]
Event: 0.945 Thread 0x00007fcc05812800 Exception <a 'java/security/PrivilegedActionException'{0x000000078727f360}> (0x000000078727f360) thrown at [src/hotspot/share/prims/jvm.cpp, line 1306]
Event: 0.949 Thread 0x00007fcc05812800 Exception <a 'java/security/PrivilegedActionException'{0x00000007872a57f8}> (0x00000007872a57f8) thrown at [src/hotspot/share/prims/jvm.cpp, line 1306]
Event: 0.949 Thread 0x00007fcc05812800 Exception <a 'java/security/PrivilegedActionException'{0x00000007872a5ac8}> (0x00000007872a5ac8) thrown at [src/hotspot/share/prims/jvm.cpp, line 1306]
Event: 1.159 Thread 0x00007fcc05812800 Exception <a 'java/lang/NoSuchMethodError'{0x00000007872f58f0}: 'java.lang.Object java.lang.invoke.DirectMethodHandle$Holder.invokeStatic(java.lang.Object, long)'> (0x00000007872f58f0) thrown at [src/hotspot/share/interpreter/linkResolver.cpp, line 773]
Event: 1.160 Thread 0x00007fcc05812800 Exception <a 'java/lang/NoSuchMethodError'{0x00000007872f8970}: 'java.lang.Object java.lang.invoke.DirectMethodHandle$Holder.invokeSpecial(java.lang.Object, java.lang.Object, long)'> (0x00000007872f8970) thrown at [src/hotspot/share/interpreter/linkResolver.cpp, line 773]
Event: 1.160 Thread 0x00007fcc05812800 Exception <a 'java/lang/NoSuchMethodError'{0x00000007872fb430}: 'java.lang.Object java.lang.invoke.Invokers$Holder.linkToTargetMethod(long, java.lang.Object)'> (0x00000007872fb430) thrown at [src/hotspot/share/interpreter/linkResolver.cpp, line 773]
Event: 1.166 Thread 0x00007fcc05812800 Exception <a 'java/security/PrivilegedActionException'{0x0000000787f03988}> (0x0000000787f03988) thrown at [src/hotspot/share/prims/jvm.cpp, line 1306]
Event: 1.166 Thread 0x00007fcc05812800 Exception <a 'java/security/PrivilegedActionException'{0x0000000787f03c58}> (0x0000000787f03c58) thrown at [src/hotspot/share/prims/jvm.cpp, line 1306]
Event: 1.277 Thread 0x00007fcc05812800 Exception <a 'sun/nio/fs/UnixException'{0x0000000787d0b810}> (0x0000000787d0b810) thrown at [src/hotspot/share/prims/jni.cpp, line 616]
Event: 1.420 Thread 0x00007fcc05812800 Exception <a 'java/security/PrivilegedActionException'{0x0000000787927600}> (0x0000000787927600) thrown at [src/hotspot/share/prims/jvm.cpp, line 1306]
Event: 1.420 Thread 0x00007fcc05812800 Exception <a 'java/security/PrivilegedActionException'{0x00000007879278d0}> (0x00000007879278d0) thrown at [src/hotspot/share/prims/jvm.cpp, line 1306]

Events (20 events):
Event: 1.661 loading class com/badlogic/gdx/backends/lwjgl3/Lwjgl3Window$6$1 done
Event: 1.744 loading class com/badlogic/gdx/backends/lwjgl3/Lwjgl3Window$1$1
Event: 1.744 loading class com/badlogic/gdx/backends/lwjgl3/Lwjgl3Window$1$1 done
Event: 2.602 loading class com/badlogic/gdx/scenes/scene2d/InputEvent$Type
Event: 2.602 loading class com/badlogic/gdx/scenes/scene2d/InputEvent$Type done
Event: 2.633 loading class com/badlogic/gdx/scenes/scene2d/InputListener$1
Event: 2.633 loading class com/badlogic/gdx/scenes/scene2d/InputListener$1 done
Event: 3.149 Loaded shared library /private/var/folders/z0/5krxn_5s6jd42rh328yjllgw0000gn/T/lwjglvinodkaushik/3.3.1-build-7/liblwjgl.dylib
Event: 3.150 Loaded shared library /private/var/folders/z0/5krxn_5s6jd42rh328yjllgw0000gn/T/lwjglvinodkaushik/3.3.1-build-7/liblwjgl_opengl.dylib
Event: 3.151 Loaded shared library /private/var/folders/z0/5krxn_5s6jd42rh328yjllgw0000gn/T/lwjglvinodkaushik/3.3.1-build-7/liblwjgl_opengl.dylib
Event: 3.235 Loaded shared library /Applications/Android Studio.app/Contents/jre/Contents/Home/lib/server/libjvm.dylib
Event: 3.499 Loaded shared library /private/var/folders/z0/5krxn_5s6jd42rh328yjllgw0000gn/T/lwjglvinodkaushik/3.3.1-build-7/liblwjgl_opengl.dylib
Event: 3.567 loading class com/badlogic/gdx/utils/TimeUtils
Event: 3.567 loading class com/badlogic/gdx/utils/TimeUtils done
Event: 3.568 loading class com/mygdx/game/GameScreen
Event: 3.568 loading class com/mygdx/game/GameScreen done
Event: 3.597 loading class com/badlogic/gdx/scenes/scene2d/ui/Image
Event: 3.597 loading class com/badlogic/gdx/scenes/scene2d/ui/Image done
Event: 3.604 loading class com/mygdx/game/GameScreen$1
Event: 3.604 loading class com/mygdx/game/GameScreen$1 done


Dynamic libraries:
0x000000010cae1000 	/Applications/Android Studio.app/Contents/jre/Contents/Home/lib/jli/libjli.dylib
0x00007ff81e484000 	/System/Library/Frameworks/Cocoa.framework/Versions/A/Cocoa
0x00007ff80a101000 	/System/Library/Frameworks/AppKit.framework/Versions/C/AppKit
0x00007ff80d60c000 	/System/Library/Frameworks/CoreData.framework/Versions/A/CoreData
0x00007ff80850d000 	/System/Library/Frameworks/Foundation.framework/Versions/C/Foundation
0x00007ff81242d000 	/usr/lib/libSystem.B.dylib
0x00007ff80af8f000 	/System/Library/PrivateFrameworks/UIFoundation.framework/Versions/A/UIFoundation
0x00007ff81838e000 	/System/Library/PrivateFrameworks/RemoteViewServices.framework/Versions/A/RemoteViewServices
0x00007ff810678000 	/System/Library/PrivateFrameworks/XCTTargetBootstrap.framework/Versions/A/XCTTargetBootstrap
0x00007ff814234000 	/System/Library/PrivateFrameworks/InternationalSupport.framework/Versions/A/InternationalSupport
0x00007ff8142be000 	/System/Library/PrivateFrameworks/UserActivity.framework/Versions/A/UserActivity
0x00007ff813614000 	/usr/lib/libspindump.dylib
0x00007ff80b21d000 	/System/Library/Frameworks/UniformTypeIdentifiers.framework/Versions/A/UniformTypeIdentifiers
0x00007ff80eda1000 	/usr/lib/libapp_launch_measurement.dylib
0x00007ff80dfdc000 	/System/Library/PrivateFrameworks/CoreAnalytics.framework/Versions/A/CoreAnalytics
0x00007ff80eda4000 	/System/Library/PrivateFrameworks/CoreAutoLayout.framework/Versions/A/CoreAutoLayout
0x00007ff80ffd2000 	/System/Library/Frameworks/Metal.framework/Versions/A/Metal
0x00007ff810cfe000 	/usr/lib/liblangid.dylib
0x00007ff81067d000 	/System/Library/PrivateFrameworks/CoreSVG.framework/Versions/A/CoreSVG
0x00007ff80c604000 	/System/Library/PrivateFrameworks/SkyLight.framework/Versions/A/SkyLight
0x00007ff80c9a2000 	/System/Library/Frameworks/CoreGraphics.framework/Versions/A/CoreGraphics
0x00007ff818a4e000 	/System/Library/Frameworks/Accelerate.framework/Versions/A/Accelerate
0x00007ff813093000 	/System/Library/PrivateFrameworks/IconServices.framework/Versions/A/IconServices
0x00007ff80ffb7000 	/System/Library/Frameworks/IOSurface.framework/Versions/A/IOSurface
0x00007ff80e00a000 	/usr/lib/libDiagnosticMessagesClient.dylib
0x00007ff81234d000 	/usr/lib/libz.1.dylib
0x00007ff81c131000 	/System/Library/Frameworks/ApplicationServices.framework/Versions/A/ApplicationServices
0x00007ff810664000 	/System/Library/PrivateFrameworks/DFRFoundation.framework/Versions/A/DFRFoundation
0x00007ff8099e9000 	/usr/lib/libicucore.A.dylib
0x00007ff815029000 	/System/Library/Frameworks/AudioToolbox.framework/Versions/A/AudioToolbox
0x00007ff814240000 	/System/Library/PrivateFrameworks/DataDetectorsCore.framework/Versions/A/DataDetectorsCore
0x00007ff9101cd000 	/System/Library/PrivateFrameworks/TextInput.framework/Versions/A/TextInput
0x00007ff80c587000 	/usr/lib/libMobileGestalt.dylib
0x00007ff810370000 	/System/Library/Frameworks/Carbon.framework/Versions/A/Frameworks/HIToolbox.framework/Versions/A/HIToolbox
0x00007ff80e7a7000 	/System/Library/Frameworks/QuartzCore.framework/Versions/A/QuartzCore
0x00007ff809690000 	/System/Library/Frameworks/Security.framework/Versions/A/Security
0x00007ff8183c6000 	/System/Library/Frameworks/Carbon.framework/Versions/A/Frameworks/SpeechRecognition.framework/Versions/A/SpeechRecognition
0x00007ff80eb01000 	/System/Library/PrivateFrameworks/CoreUI.framework/Versions/A/CoreUI
0x00007ff808f5c000 	/System/Library/Frameworks/CoreAudio.framework/Versions/A/CoreAudio
0x00007ff80e0f9000 	/System/Library/Frameworks/DiskArbitration.framework/Versions/A/DiskArbitration
0x00007ff813a02000 	/System/Library/PrivateFrameworks/MultitouchSupport.framework/Versions/A/MultitouchSupport
0x00007ff80c586000 	/usr/lib/libenergytrace.dylib
0x00007ff809fed000 	/System/Library/Frameworks/IOKit.framework/Versions/A/IOKit
0x00007ff8187b6000 	/System/Library/Frameworks/CoreServices.framework/Versions/A/CoreServices
0x00007ff80ed3b000 	/System/Library/PrivateFrameworks/PerformanceAnalysis.framework/Versions/A/PerformanceAnalysis
0x00007ffa1f6f1000 	/System/Library/Frameworks/OpenGL.framework/Versions/A/OpenGL
0x00007ff811967000 	/System/Library/PrivateFrameworks/MobileKeyBag.framework/Versions/A/MobileKeyBag
0x00007ff8074dd000 	/usr/lib/libobjc.A.dylib
0x00007ff80d06d000 	/System/Library/Frameworks/ColorSync.framework/Versions/A/ColorSync
0x00007ff80769b000 	/System/Library/Frameworks/CoreFoundation.framework/Versions/A/CoreFoundation
0x00007ff8108f4000 	/System/Library/Frameworks/CoreImage.framework/Versions/A/CoreImage
0x00007ff808d74000 	/System/Library/Frameworks/CoreText.framework/Versions/A/CoreText
0x00007ff8106ad000 	/System/Library/Frameworks/ImageIO.framework/Versions/A/ImageIO
0x00007ff812433000 	/System/Library/PrivateFrameworks/SoftLinking.framework/Versions/A/SoftLinking
0x00007ff80edec000 	/usr/lib/libxml2.2.dylib
0x00007ff8075a7000 	/usr/lib/libc++.1.dylib
0x00007ff8126b7000 	/usr/lib/libcompression.dylib
0x00007ff814167000 	/System/Library/PrivateFrameworks/TextureIO.framework/Versions/A/TextureIO
0x00007ff812da5000 	/usr/lib/libate.dylib
0x00007ff812428000 	/usr/lib/system/libcache.dylib
0x00007ff8123e4000 	/usr/lib/system/libcommonCrypto.dylib
0x00007ff81240d000 	/usr/lib/system/libcompiler_rt.dylib
0x00007ff812403000 	/usr/lib/system/libcopyfile.dylib
0x00007ff8073d8000 	/usr/lib/system/libcorecrypto.dylib
0x00007ff807496000 	/usr/lib/system/libdispatch.dylib
0x00007ff80765a000 	/usr/lib/system/libdyld.dylib
0x00007ff81241f000 	/usr/lib/system/libkeymgr.dylib
0x00007ff8123c2000 	/usr/lib/system/libmacho.dylib
0x00007ff811a41000 	/usr/lib/system/libquarantine.dylib
0x00007ff81241d000 	/usr/lib/system/libremovefile.dylib
0x00007ff80c5d4000 	/usr/lib/system/libsystem_asl.dylib
0x00007ff807381000 	/usr/lib/system/libsystem_blocks.dylib
0x00007ff80751e000 	/usr/lib/system/libsystem_c.dylib
0x00007ff812415000 	/usr/lib/system/libsystem_collections.dylib
0x00007ff810cee000 	/usr/lib/system/libsystem_configuration.dylib
0x00007ff80ff9a000 	/usr/lib/system/libsystem_containermanager.dylib
0x00007ff8120fb000 	/usr/lib/system/libsystem_coreservices.dylib
0x00007ff809c7d000 	/usr/lib/system/libsystem_darwin.dylib
0x00007ff812420000 	/usr/lib/system/libsystem_dnssd.dylib
0x00007ff80751b000 	/usr/lib/system/libsystem_featureflags.dylib
0x00007ff807670000 	/usr/lib/system/libsystem_info.dylib
0x00007ff812360000 	/usr/lib/system/libsystem_m.dylib
0x00007ff80746a000 	/usr/lib/system/libsystem_malloc.dylib
0x00007ff80c56f000 	/usr/lib/system/libsystem_networkextension.dylib
0x00007ff80a0a3000 	/usr/lib/system/libsystem_notify.dylib
0x00007ff81868b000 	/usr/lib/system/libsystem_product_info_filter.dylib
0x00007ff810cf2000 	/usr/lib/system/libsystem_sandbox.dylib
0x00007ff81241a000 	/usr/lib/system/libsystem_secinit.dylib
0x00007ff807616000 	/usr/lib/system/libsystem_kernel.dylib
0x00007ff807666000 	/usr/lib/system/libsystem_platform.dylib
0x00007ff80764e000 	/usr/lib/system/libsystem_pthread.dylib
0x00007ff80de1c000 	/usr/lib/system/libsystem_symptoms.dylib
0x00007ff8073bf000 	/usr/lib/system/libsystem_trace.dylib
0x00007ff8123f0000 	/usr/lib/system/libunwind.dylib
0x00007ff807383000 	/usr/lib/system/libxpc.dylib
0x00007ff807600000 	/usr/lib/libc++abi.dylib
0x00007ff8123fb000 	/usr/lib/liboah.dylib
0x00007ff812b81000 	/usr/lib/liblzma.5.dylib
0x00007ff808220000 	/System/Library/Frameworks/SystemConfiguration.framework/Versions/A/SystemConfiguration
0x00007ff81242f000 	/usr/lib/libfakelink.dylib
0x00007ff80c0e0000 	/System/Library/Frameworks/CFNetwork.framework/Versions/A/CFNetwork
0x00007ff812570000 	/usr/lib/libarchive.2.dylib
0x00007ff810cfa000 	/System/Library/PrivateFrameworks/AppleSystemInfo.framework/Versions/A/AppleSystemInfo
0x00007ff811a68000 	/usr/lib/libbsm.0.dylib
0x00007ff80b6f3000 	/usr/lib/libnetwork.dylib
0x00007ff8123c8000 	/usr/lib/system/libkxld.dylib
0x00007ff811694000 	/System/Library/PrivateFrameworks/IOMobileFramebuffer.framework/Versions/A/IOMobileFramebuffer
0x00007ffb1ebf8000 	/usr/lib/libCoreEntitlements.dylib
0x00007ff8120dd000 	/System/Library/PrivateFrameworks/AppleFSCompression.framework/Versions/A/AppleFSCompression
0x00007ff811a50000 	/usr/lib/libcoretls.dylib
0x00007ff812b9b000 	/usr/lib/libcoretls_cfhelpers.dylib
0x00007ff8126b2000 	/usr/lib/libpam.2.dylib
0x00007ff80da3c000 	/usr/lib/libsqlite3.dylib
0x00007ff812c0a000 	/usr/lib/libxar.1.dylib
0x00007ff8120ed000 	/usr/lib/libbz2.1.0.dylib
0x00007ff812434000 	/usr/lib/libpcap.A.dylib
0x00007ff80de14000 	/usr/lib/libdns_services.dylib
0x00007ff812682000 	/usr/lib/libapple_nghttp2.dylib
0x00007ff81246e000 	/usr/lib/libiconv.2.dylib
0x00007ff8123c1000 	/usr/lib/libcharset.1.dylib
0x00007ff80ed6f000 	/System/Library/Frameworks/CoreServices.framework/Versions/A/Frameworks/FSEvents.framework/Versions/A/FSEvents
0x00007ff809c87000 	/System/Library/Frameworks/CoreServices.framework/Versions/A/Frameworks/CarbonCore.framework/Versions/A/CarbonCore
0x00007ff80e05d000 	/System/Library/Frameworks/CoreServices.framework/Versions/A/Frameworks/Metadata.framework/Versions/A/Metadata
0x00007ff812100000 	/System/Library/Frameworks/CoreServices.framework/Versions/A/Frameworks/OSServices.framework/Versions/A/OSServices
0x00007ff8125f7000 	/System/Library/Frameworks/CoreServices.framework/Versions/A/Frameworks/SearchKit.framework/Versions/A/SearchKit
0x00007ff80dda7000 	/System/Library/Frameworks/CoreServices.framework/Versions/A/Frameworks/AE.framework/Versions/A/AE
0x00007ff807b9d000 	/System/Library/Frameworks/CoreServices.framework/Versions/A/Frameworks/LaunchServices.framework/Versions/A/LaunchServices
0x00007ff812b32000 	/System/Library/Frameworks/CoreServices.framework/Versions/A/Frameworks/DictionaryServices.framework/Versions/A/DictionaryServices
0x00007ff80ed7c000 	/System/Library/Frameworks/CoreServices.framework/Versions/A/Frameworks/SharedFileList.framework/Versions/A/SharedFileList
0x00007ff811a44000 	/usr/lib/libCheckFix.dylib
0x00007ff80c5eb000 	/System/Library/PrivateFrameworks/TCC.framework/Versions/A/TCC
0x00007ff810d00000 	/System/Library/PrivateFrameworks/CoreNLP.framework/Versions/A/CoreNLP
0x00007ff80e00d000 	/System/Library/PrivateFrameworks/MetadataUtilities.framework/Versions/A/MetadataUtilities
0x00007ff8082d0000 	/usr/lib/libmecabra.dylib
0x00007ff811a78000 	/usr/lib/libmecab.dylib
0x00007ff80829b000 	/usr/lib/libCRFSuite.dylib
0x00007ff811ad2000 	/usr/lib/libgermantok.dylib
0x00007ff81265d000 	/usr/lib/libThaiTokenizer.dylib
0x00007ff80e100000 	/System/Library/Frameworks/Accelerate.framework/Versions/A/Frameworks/vImage.framework/Versions/A/vImage
0x00007ff81878d000 	/System/Library/Frameworks/Accelerate.framework/Versions/A/Frameworks/vecLib.framework/Versions/A/vecLib
0x00007ff812c4b000 	/System/Library/Frameworks/Accelerate.framework/Versions/A/Frameworks/vecLib.framework/Versions/A/libvMisc.dylib
0x00007ff8114bf000 	/System/Library/Frameworks/Accelerate.framework/Versions/A/Frameworks/vecLib.framework/Versions/A/libvDSP.dylib
0x00007ff807f17000 	/System/Library/Frameworks/Accelerate.framework/Versions/A/Frameworks/vecLib.framework/Versions/A/libBLAS.dylib
0x00007ff812794000 	/System/Library/Frameworks/Accelerate.framework/Versions/A/Frameworks/vecLib.framework/Versions/A/libLAPACK.dylib
0x00007ff811ad5000 	/System/Library/Frameworks/Accelerate.framework/Versions/A/Frameworks/vecLib.framework/Versions/A/libLinearAlgebra.dylib
0x00007ff81269a000 	/System/Library/Frameworks/Accelerate.framework/Versions/A/Frameworks/vecLib.framework/Versions/A/libSparseBLAS.dylib
0x00007ff81278e000 	/System/Library/Frameworks/Accelerate.framework/Versions/A/Frameworks/vecLib.framework/Versions/A/libQuadrature.dylib
0x00007ff810deb000 	/System/Library/Frameworks/Accelerate.framework/Versions/A/Frameworks/vecLib.framework/Versions/A/libBNNS.dylib
0x00007ff8081b1000 	/System/Library/Frameworks/Accelerate.framework/Versions/A/Frameworks/vecLib.framework/Versions/A/libSparse.dylib
0x00007ff810de4000 	/System/Library/PrivateFrameworks/LinguisticData.framework/Versions/A/LinguisticData
0x00007ff808167000 	/System/Library/PrivateFrameworks/Lexicon.framework/Versions/A/Lexicon
0x00007ff812c44000 	/usr/lib/libChineseTokenizer.dylib
0x00007ff8088c9000 	/System/Library/PrivateFrameworks/LanguageModeling.framework/Versions/A/LanguageModeling
0x00007ff81265f000 	/System/Library/PrivateFrameworks/AppleSauce.framework/Versions/A/AppleSauce
0x00007ff811682000 	/System/Library/PrivateFrameworks/CoreEmoji.framework/Versions/A/CoreEmoji
0x00007ff81255f000 	/usr/lib/libcmph.dylib
0x00007ff80ed53000 	/System/Library/Frameworks/OpenDirectory.framework/Versions/A/Frameworks/CFOpenDirectory.framework/Versions/A/CFOpenDirectory
0x00007ff80ed47000 	/System/Library/Frameworks/OpenDirectory.framework/Versions/A/OpenDirectory
0x00007ff812b9d000 	/System/Library/PrivateFrameworks/APFS.framework/Versions/A/APFS
0x00007ff81199f000 	/System/Library/Frameworks/SecurityFoundation.framework/Versions/A/SecurityFoundation
0x00007ff812c18000 	/usr/lib/libutil.dylib
0x00007ff809fb1000 	/System/Library/PrivateFrameworks/CoreServicesStore.framework/Versions/A/CoreServicesStore
0x00007ff812c1c000 	/usr/lib/libxslt.1.dylib
0x00007ff811a2c000 	/System/Library/PrivateFrameworks/BackgroundTaskManagement.framework/Versions/A/BackgroundTaskManagement
0x00007ff814087000 	/System/Library/Frameworks/ImageIO.framework/Versions/A/Resources/libRadiance.dylib
0x00007ff814090000 	/System/Library/Frameworks/ImageIO.framework/Versions/A/Resources/libJPEG.dylib
0x00007ff813fe1000 	/System/Library/Frameworks/ImageIO.framework/Versions/A/Resources/libPng.dylib
0x00007ff814002000 	/System/Library/Frameworks/ImageIO.framework/Versions/A/Resources/libTIFF.dylib
0x00007ff8140f0000 	/System/Library/Frameworks/ImageIO.framework/Versions/A/Resources/libGIF.dylib
0x00007ff81391c000 	/System/Library/Frameworks/ImageIO.framework/Versions/A/Resources/libJP2.dylib
0x00007ff81305a000 	/usr/lib/libexpat.1.dylib
0x00007ff8138d1000 	/System/Library/PrivateFrameworks/AppleJPEG.framework/Versions/A/AppleJPEG
0x00007ff810234000 	/System/Library/PrivateFrameworks/FontServices.framework/libFontParser.dylib
0x00007ff80dd51000 	/System/Library/PrivateFrameworks/RunningBoardServices.framework/Versions/A/RunningBoardServices
0x00007ff81ea3c000 	/System/Library/PrivateFrameworks/IOSurfaceAccelerator.framework/Versions/A/IOSurfaceAccelerator
0x00007ff8139fe000 	/System/Library/PrivateFrameworks/WatchdogClient.framework/Versions/A/WatchdogClient
0x00007ff8089b7000 	/System/Library/Frameworks/CoreDisplay.framework/Versions/A/CoreDisplay
0x00007ff810132000 	/System/Library/Frameworks/CoreMedia.framework/Versions/A/CoreMedia
0x00007ff80ffc9000 	/System/Library/PrivateFrameworks/IOAccelerator.framework/Versions/A/IOAccelerator
0x00007ff80eed0000 	/System/Library/Frameworks/CoreVideo.framework/Versions/A/CoreVideo
0x00007ff8126b0000 	/System/Library/Frameworks/MetalPerformanceShaders.framework/Versions/A/MetalPerformanceShaders
0x00007ff813a3b000 	/System/Library/Frameworks/VideoToolbox.framework/Versions/A/VideoToolbox
0x00007ff80dc9b000 	/System/Library/PrivateFrameworks/BaseBoard.framework/Versions/A/BaseBoard
0x00007ff80da22000 	/System/Library/PrivateFrameworks/ProtocolBuffer.framework/Versions/A/ProtocolBuffer
0x00007ff814080000 	/System/Library/PrivateFrameworks/GPUWrangler.framework/Versions/A/GPUWrangler
0x00007ff814064000 	/System/Library/PrivateFrameworks/IOPresentment.framework/Versions/A/IOPresentment
0x00007ff81408a000 	/System/Library/PrivateFrameworks/DSExternalDisplay.framework/Versions/A/DSExternalDisplay
0x00007ffa1f6e5000 	/System/Library/Frameworks/OpenGL.framework/Versions/A/Libraries/libCoreFSCache.dylib
0x00007ffb0c3a1000 	/System/Library/PrivateFrameworks/GPUCompiler.framework/Versions/31001/Libraries/libGPUCompilerUtils.dylib
0x00007ff8140f5000 	/System/Library/PrivateFrameworks/CMCaptureCore.framework/Versions/A/CMCaptureCore
0x00007ff813602000 	/System/Library/PrivateFrameworks/AppServerSupport.framework/Versions/A/AppServerSupport
0x00007ff8158c1000 	/System/Library/PrivateFrameworks/perfdata.framework/Versions/A/perfdata
0x00007ff808ae3000 	/System/Library/PrivateFrameworks/AudioToolboxCore.framework/Versions/A/AudioToolboxCore
0x00007ff810110000 	/System/Library/PrivateFrameworks/caulk.framework/Versions/A/caulk
0x00007ff8151d3000 	/usr/lib/libAudioStatistics.dylib
0x00007ff90c97b000 	/System/Library/PrivateFrameworks/SystemPolicy.framework/Versions/A/SystemPolicy
0x00007ff81542e000 	/usr/lib/libSMC.dylib
0x00007ff81e337000 	/System/Library/Frameworks/CoreMIDI.framework/Versions/A/CoreMIDI
0x00007ff813fb0000 	/usr/lib/libAudioToolboxUtility.dylib
0x00007ff908c1e000 	/System/Library/PrivateFrameworks/OSAServicesClient.framework/Versions/A/OSAServicesClient
0x00007ff8158ce000 	/usr/lib/libperfcheck.dylib
0x00007ff90d425000 	/usr/lib/libmis.dylib
0x00007ffa1f740000 	/System/Library/Frameworks/OpenGL.framework/Versions/A/Libraries/libGLU.dylib
0x00007ffa1f704000 	/System/Library/Frameworks/OpenGL.framework/Versions/A/Libraries/libGFXShared.dylib
0x00007ffa1f90d000 	/System/Library/Frameworks/OpenGL.framework/Versions/A/Libraries/libGL.dylib
0x00007ffa1f70d000 	/System/Library/Frameworks/OpenGL.framework/Versions/A/Libraries/libGLImage.dylib
0x00007ffa1f701000 	/System/Library/Frameworks/OpenGL.framework/Versions/A/Libraries/libCVMSPluginSupport.dylib
0x00007ffa1f6ec000 	/System/Library/Frameworks/OpenGL.framework/Versions/A/Libraries/libCoreVMClient.dylib
0x00007ff810c7c000 	/System/Library/Frameworks/MetalPerformanceShaders.framework/Versions/A/Frameworks/MPSCore.framework/Versions/A/MPSCore
0x00007ff812048000 	/System/Library/Frameworks/MetalPerformanceShaders.framework/Versions/A/Frameworks/MPSImage.framework/Versions/A/MPSImage
0x00007ff811aeb000 	/System/Library/Frameworks/MetalPerformanceShaders.framework/Versions/A/Frameworks/MPSNeuralNetwork.framework/Versions/A/MPSNeuralNetwork
0x00007ff811f5f000 	/System/Library/Frameworks/MetalPerformanceShaders.framework/Versions/A/Frameworks/MPSMatrix.framework/Versions/A/MPSMatrix
0x00007ff811d1a000 	/System/Library/Frameworks/MetalPerformanceShaders.framework/Versions/A/Frameworks/MPSRayIntersector.framework/Versions/A/MPSRayIntersector
0x00007ff811f97000 	/System/Library/Frameworks/MetalPerformanceShaders.framework/Versions/A/Frameworks/MPSNDArray.framework/Versions/A/MPSNDArray
0x00007ffa2466d000 	/System/Library/Frameworks/MetalPerformanceShaders.framework/Versions/A/Frameworks/MPSFunctions.framework/Versions/A/MPSFunctions
0x00007ff807df4000 	/System/Library/PrivateFrameworks/MetalTools.framework/Versions/A/MetalTools
0x00007ff810cf8000 	/System/Library/PrivateFrameworks/AggregateDictionary.framework/Versions/A/AggregateDictionary
0x00007ff812e3c000 	/usr/lib/libIOReport.dylib
0x00007ffa20d1c000 	/System/Library/Frameworks/OpenCL.framework/Versions/A/OpenCL
0x00007ff8131a0000 	/System/Library/PrivateFrameworks/FaceCore.framework/Versions/A/FaceCore
0x00007ff813191000 	/System/Library/PrivateFrameworks/GraphVisualizer.framework/Versions/A/GraphVisualizer
0x00007ffb0c2ac000 	/System/Library/PrivateFrameworks/FontServices.framework/Versions/A/FontServices
0x00007ff8135ba000 	/System/Library/PrivateFrameworks/OTSVG.framework/Versions/A/OTSVG
0x00007ff80eab7000 	/System/Library/Frameworks/ApplicationServices.framework/Versions/A/Frameworks/ATS.framework/Versions/A/Resources/libFontRegistry.dylib
0x00007ff81360a000 	/System/Library/PrivateFrameworks/FontServices.framework/libhvf.dylib
0x00007ffb0c2ad000 	/System/Library/PrivateFrameworks/FontServices.framework/libXTFontStaticRegistryData.dylib
0x00007ff81300a000 	/System/Library/PrivateFrameworks/AppleVA.framework/Versions/A/AppleVA
0x00007ff8151f3000 	/System/Library/Frameworks/ApplicationServices.framework/Versions/A/Frameworks/ATS.framework/Versions/A/ATS
0x00007ff80d169000 	/System/Library/Frameworks/ApplicationServices.framework/Versions/A/Frameworks/HIServices.framework/Versions/A/HIServices
0x00007ff8140ff000 	/System/Library/Frameworks/ApplicationServices.framework/Versions/A/Frameworks/PrintCore.framework/Versions/A/PrintCore
0x00007ff815581000 	/System/Library/Frameworks/ApplicationServices.framework/Versions/A/Frameworks/QD.framework/Versions/A/QD
0x00007ff815579000 	/System/Library/Frameworks/ApplicationServices.framework/Versions/A/Frameworks/ColorSyncLegacy.framework/Versions/A/ColorSyncLegacy
0x00007ff8151e3000 	/System/Library/Frameworks/ApplicationServices.framework/Versions/A/Frameworks/SpeechSynthesis.framework/Versions/A/SpeechSynthesis
0x00007ff8140c0000 	/System/Library/Frameworks/ApplicationServices.framework/Versions/A/Frameworks/ATSUI.framework/Versions/A/ATSUI
0x00007ff81550e000 	/usr/lib/libcups.2.dylib
0x00007ff8158dd000 	/System/Library/Frameworks/Kerberos.framework/Versions/A/Kerberos
0x00007ff8158ec000 	/System/Library/Frameworks/GSS.framework/Versions/A/GSS
0x00007ff81525f000 	/usr/lib/libresolv.9.dylib
0x00007ff813619000 	/System/Library/PrivateFrameworks/Heimdal.framework/Versions/A/Heimdal
0x00007ff81c4b9000 	/System/Library/Frameworks/Kerberos.framework/Versions/A/Libraries/libHeimdalProxy.dylib
0x00007ff80de24000 	/System/Library/Frameworks/Network.framework/Versions/A/Network
0x00007ff813074000 	/usr/lib/libheimdal-asn1.dylib
0x00007ff815937000 	/System/Library/PrivateFrameworks/CommonAuth.framework/Versions/A/CommonAuth
0x00007ff815165000 	/System/Library/PrivateFrameworks/AudioSession.framework/Versions/A/AudioSession
0x00007ff813104000 	/System/Library/PrivateFrameworks/MediaExperience.framework/Versions/A/MediaExperience
0x00007ff814ff8000 	/System/Library/PrivateFrameworks/AudioSession.framework/libSessionUtility.dylib
0x00007ff81558d000 	/System/Library/PrivateFrameworks/AudioResourceArbitration.framework/Versions/A/AudioResourceArbitration
0x00007ff819600000 	/System/Library/PrivateFrameworks/PowerLog.framework/Versions/A/PowerLog
0x00007ff81307d000 	/System/Library/PrivateFrameworks/IconFoundation.framework/Versions/A/IconFoundation
0x00007ff8183b6000 	/System/Library/PrivateFrameworks/SpeechRecognitionCore.framework/Versions/A/SpeechRecognitionCore
0x000000010deb6000 	/Applications/Android Studio.app/Contents/jre/Contents/Home/lib/server/libjvm.dylib
0x000000010cb1a000 	/Applications/Android Studio.app/Contents/jre/Contents/Home/lib/libverify.dylib
0x000000010cb66000 	/Applications/Android Studio.app/Contents/jre/Contents/Home/lib/libjava.dylib
0x000000010cb2e000 	/Applications/Android Studio.app/Contents/jre/Contents/Home/lib/libjimage.dylib
0x000000010cbe2000 	/Applications/Android Studio.app/Contents/jre/Contents/Home/lib/libzip.dylib
0x000000010cc67000 	/Applications/Android Studio.app/Contents/jre/Contents/Home/lib/libnio.dylib
0x000000010db42000 	/Applications/Android Studio.app/Contents/jre/Contents/Home/lib/libnet.dylib
0x000000010db9b000 	/private/var/folders/z0/5krxn_5s6jd42rh328yjllgw0000gn/T/libgdxvinodkaushik/21f66466/libgdx64.dylib
0x000000010dc0c000 	/private/var/folders/z0/5krxn_5s6jd42rh328yjllgw0000gn/T/lwjglvinodkaushik/3.3.1-build-7/liblwjgl.dylib
0x0000000129ff7000 	/private/var/folders/z0/5krxn_5s6jd42rh328yjllgw0000gn/T/lwjglvinodkaushik/3.3.1-build-7/libjemalloc.dylib
0x000000010dbd3000 	/private/var/folders/z0/5krxn_5s6jd42rh328yjllgw0000gn/T/lwjglvinodkaushik/3.3.1-build-7/libglfw.dylib
0x00007ff809f73000 	/System/Library/PrivateFrameworks/CoreServicesInternal.framework/Versions/A/CoreServicesInternal
0x00007ff819bf1000 	/System/Library/Frameworks/FileProvider.framework/Versions/A/FileProvider
0x00007ff80dc08000 	/System/Library/Frameworks/Accounts.framework/Versions/A/Accounts
0x00007ff819d6a000 	/System/Library/PrivateFrameworks/GenerationalStorage.framework/Versions/A/GenerationalStorage
0x00007ff81a87d000 	/System/Library/PrivateFrameworks/CoreSymbolication.framework/Versions/A/CoreSymbolication
0x00007ff8195f5000 	/System/Library/PrivateFrameworks/SymptomDiagnosticReporter.framework/Versions/A/SymptomDiagnosticReporter
0x00007ff80b231000 	/System/Library/PrivateFrameworks/DesktopServicesPriv.framework/Versions/A/DesktopServicesPriv
0x00007ff80a0b2000 	/usr/lib/libsandbox.1.dylib
0x00007ff80ef4f000 	/System/Library/PrivateFrameworks/UserManagement.framework/Versions/A/UserManagement
0x00007ff81a842000 	/System/Library/PrivateFrameworks/DebugSymbols.framework/Versions/A/DebugSymbols
0x00007ff81556e000 	/System/Library/PrivateFrameworks/NetAuth.framework/Versions/A/NetAuth
0x00007ff81647b000 	/System/Library/PrivateFrameworks/Sharing.framework/Versions/A/Sharing
0x00007ff80ef22000 	/System/Library/PrivateFrameworks/login.framework/Versions/A/Frameworks/loginsupport.framework/Versions/A/loginsupport
0x00007ff81b9e0000 	/System/Library/PrivateFrameworks/Apple80211.framework/Versions/A/Apple80211
0x00007ff81212d000 	/System/Library/PrivateFrameworks/AuthKit.framework/Versions/A/AuthKit
0x00007ff811778000 	/System/Library/PrivateFrameworks/CoreUtils.framework/Versions/A/CoreUtils
0x00007ff81169f000 	/System/Library/Frameworks/CoreWLAN.framework/Versions/A/CoreWLAN
0x00007ff8165da000 	/System/Library/Frameworks/IOBluetooth.framework/Versions/A/IOBluetooth
0x00007ff81ba48000 	/System/Library/PrivateFrameworks/CoreWiFi.framework/Versions/A/CoreWiFi
0x00007ff81a414000 	/System/Library/PrivateFrameworks/FrontBoardServices.framework/Versions/A/FrontBoardServices
0x00007ff81a4a5000 	/System/Library/PrivateFrameworks/BoardServices.framework/Versions/A/BoardServices
0x00007ff81198e000 	/System/Library/PrivateFrameworks/AssertionServices.framework/Versions/A/AssertionServices
0x00007ff81bbcb000 	/System/Library/PrivateFrameworks/BackBoardServices.framework/Versions/A/BackBoardServices
0x00007ff8159c8000 	/System/Library/PrivateFrameworks/CorePhoneNumbers.framework/Versions/A/CorePhoneNumbers
0x00007ff819712000 	/System/Library/PrivateFrameworks/DiskManagement.framework/Versions/A/DiskManagement
0x00007ff819626000 	/System/Library/PrivateFrameworks/AppleIDAuthSupport.framework/Versions/A/AppleIDAuthSupport
0x00007ffa26c2e000 	/System/Library/PrivateFrameworks/AAAFoundation.framework/Versions/A/AAAFoundation
0x00007ff8159a9000 	/System/Library/PrivateFrameworks/KeychainCircle.framework/Versions/A/KeychainCircle
0x00007ff8196de000 	/System/Library/PrivateFrameworks/MediaKit.framework/Versions/A/MediaKit
0x00007ff819632000 	/System/Library/Frameworks/DiscRecording.framework/Versions/A/DiscRecording
0x00007ff812f82000 	/usr/lib/libCoreStorage.dylib
0x00007ff81beb9000 	/usr/lib/libcsfde.dylib
0x00007ff8166a7000 	/System/Library/PrivateFrameworks/ProtectedCloudStorage.framework/Versions/A/ProtectedCloudStorage
0x00007ff81beb5000 	/System/Library/PrivateFrameworks/EFILogin.framework/Versions/A/EFILogin
0x00007ff819d90000 	/System/Library/PrivateFrameworks/OctagonTrust.framework/Versions/A/OctagonTrust
0x00007ffb0b51b000 	/System/Library/PrivateFrameworks/CoreUtilsExtras.framework/Versions/A/CoreUtilsExtras
0x00007ff819559000 	/System/Library/Frameworks/CoreBluetooth.framework/Versions/A/CoreBluetooth
0x00007ff81c53e000 	/System/Library/Frameworks/AudioUnit.framework/Versions/A/AudioUnit
0x00007ff812f7a000 	/usr/lib/libMatch.1.dylib
0x00007ff80ec47000 	/System/Library/PrivateFrameworks/ViewBridge.framework/Versions/A/ViewBridge
0x000000012be31000 	/private/var/folders/z0/5krxn_5s6jd42rh328yjllgw0000gn/T/lwjglvinodkaushik/3.3.1-build-7/libopenal.dylib
0x000000012c25f000 	/System/Library/Components/CoreAudio.component/Contents/MacOS/CoreAudio
0x000000012a344000 	/System/Library/Extensions/AppleHDA.kext/Contents/PlugIns/AppleHDAHALPlugIn.bundle/Contents/MacOS/AppleHDAHALPlugIn
0x000000012a3a5000 	/usr/lib/libobjc-trampolines.dylib
0x00007ff9119fe000 	/System/Library/Frameworks/Accelerate.framework/Versions/A/Frameworks/vImage.framework/Versions/A/Libraries/libCGInterfaces.dylib
0x00007ff8136d0000 	/System/Library/PrivateFrameworks/login.framework/Versions/A/login
0x00007ffa1f918000 	/System/Library/Frameworks/OpenGL.framework/Versions/A/Resources/GLEngine.bundle/GLEngine
0x00007ffa1f77e000 	/System/Library/Frameworks/OpenGL.framework/Versions/A/Libraries/libGLProgrammability.dylib
0x00007ffa180ec000 	/System/Library/Extensions/AppleIntelBDWGraphicsGLDriver.bundle/Contents/MacOS/AppleIntelBDWGraphicsGLDriver
0x00007ff91755f000 	/System/Library/PrivateFrameworks/GPUSupport.framework/Versions/A/Libraries/libGPUSupportMercury.dylib
0x00007ffa1faa2000 	/System/Library/Frameworks/OpenGL.framework/Versions/A/Resources/GLRendererFloat.bundle/GLRendererFloat
0x000000012de2d000 	/private/var/folders/z0/5krxn_5s6jd42rh328yjllgw0000gn/T/lwjglvinodkaushik/3.3.1-build-7/liblwjgl_opengl.dylib
0x00007ffa272ef000 	/System/Library/PrivateFrameworks/AccessibilityBundles.framework/Versions/A/AccessibilityBundles
0x00007ffb1ed07000 	/usr/lib/libRosetta.dylib


VM Arguments:
jvm_args: -Dfile.encoding=UTF-8 -Duser.country=GB -Duser.language=en -Duser.variant 
java_command: com.mygdx.game.DesktopLauncher
java_class_path (initial): /Users/vinodkaushik/Desktop/Game/desktop/build/classes/java/main:/Users/vinodkaushik/Desktop/Game/desktop/build/resources/main:/Users/vinodkaushik/.gradle/caches/modules-2/files-2.1/com.badlogicgames.gdx/gdx-backend-lwjgl3/1.11.0/58a96db4cd349be4292d547856aa1e1c5f065f4e/gdx-backend-lwjgl3-1.11.0.jar:/Users/vinodkaushik/.gradle/caches/modules-2/files-2.1/com.badlogicgames.gdx/gdx-platform/1.11.0/697fb13eada6d3c6ca648c9788692b0159add126/gdx-platform-1.11.0-natives-desktop.jar:/Users/vinodkaushik/Desktop/Game/core/build/libs/core-1.0.jar:/Users/vinodkaushik/.gradle/caches/modules-2/files-2.1/com.badlogicgames.gdx/gdx/1.11.0/ffe1206d1004cd9e40027e28964be0fea0399af7/gdx-1.11.0.jar:/Users/vinodkaushik/.gradle/caches/modules-2/files-2.1/org.lwjgl/lwjgl-glfw/3.3.1/cbac1b8d30cb4795149c1ef540f912671a8616d0/lwjgl-glfw-3.3.1.jar:/Users/vinodkaushik/.gradle/caches/modules-2/files-2.1/org.lwjgl/lwjgl-glfw/3.3.1/81716978214ecbda15050ca394b06ef61501a49e/lwjgl-glfw-3.3.1-natives-linux.jar:/Users/vinodkaushik/.gradle/caches/modules-2/files-2.1/org.lwjgl/lwjgl-glfw/3.3.1/816d935933f2dd743074c4e717cc25b55720f294/lwjgl-glfw-3.3.1-natives-linux-arm32.jar:/Users/vinodkaushik/.gradle/caches/modules-2/files-2.1/org.lwjgl/lwjgl-glfw/3.3.1/513eb39b866d0fe131a18d5c517087805433b029/lwjgl-glfw-3.3.1-natives-linux-arm64.jar:/Users/vinodkaushik/.gradle/caches/modules-2/files-2.1/org.lwjgl/lwjgl-glfw/3.3.1/9ec4ce1fc8c85fdef03ef4ff2aace6f5775fb280/lwjgl-glfw-3.3.1-natives-macos.jar:/Users/vinodkaushik/.gradle/caches/modules-2/files-2.1/org.lwjgl/lwjgl-glfw/3.3.1/cac0d3f712a3da7641fa174735a5f315de7ffe0a/lwjgl-glfw-3.3.1-natives-macos-arm64.jar:/Users/vinodkaushik/.gradle/caches/modules-2/files-2.1/org.lwjgl/lwjgl-glfw/3.3.1/ed892f945cf7e79c8756796f32d00fa4ceaf573b/lwjgl-glfw-3.3.1-natives-windows.jar:/Users/vinodkaushik/.gradle/caches/modules-2/files-2.1/org.lwjgl/lwjgl-glfw/3.3.1/b997e3391d6ce8f05487e7335d95c606043884a1/lwjgl-glfw-3.3.1-natives-windows-x86.jar:/Users/vin
Launcher Type: SUN_STANDARD

[Global flags]
     intx CICompilerCount                          = 3                                         {product} {ergonomic}
     uint ConcGCThreads                            = 1                                         {product} {ergonomic}
     uint G1ConcRefinementThreads                  = 4                                         {product} {ergonomic}
   size_t G1HeapRegionSize                         = 1048576                                   {product} {ergonomic}
    uintx GCDrainStackTargetSize                   = 64                                        {product} {ergonomic}
   size_t InitialHeapSize                          = 134217728                                 {product} {ergonomic}
   size_t MarkStackSize                            = 4194304                                   {product} {ergonomic}
   size_t MaxHeapSize                              = 2147483648                                {product} {ergonomic}
   size_t MaxNewSize                               = 1287651328                                {product} {ergonomic}
   size_t MinHeapDeltaBytes                        = 1048576                                   {product} {ergonomic}
    uintx NonNMethodCodeHeapSize                   = 5830732                                {pd product} {ergonomic}
    uintx NonProfiledCodeHeapSize                  = 122913754                              {pd product} {ergonomic}
    uintx ProfiledCodeHeapSize                     = 122913754                              {pd product} {ergonomic}
    uintx ReservedCodeCacheSize                    = 251658240                              {pd product} {ergonomic}
     bool SegmentedCodeCache                       = true                                      {product} {ergonomic}
     bool UseCompressedClassPointers               = true                                 {lp64_product} {ergonomic}
     bool UseCompressedOops                        = true                                 {lp64_product} {ergonomic}
     bool UseG1GC                                  = true                                      {product} {ergonomic}

Logging:
Log output configuration:
 #0: stdout all=warning uptime,level,tags
 #1: stderr all=off uptime,level,tags

Environment Variables:
PATH=/Library/Frameworks/Python.framework/Versions/3.10/bin:/usr/local/bin:/usr/bin:/bin:/usr/sbin:/sbin
SHELL=/bin/zsh
LC_CTYPE=en_GB.UTF-8

Signal Handlers:
SIGSEGV: [libjvm.dylib+0x7ccf7a], sa_mask[0]=11111111011111110111111111111111, sa_flags=SA_ONSTACK|SA_RESTART|SA_SIGINFO
SIGBUS: [libjvm.dylib+0x7ccf7a], sa_mask[0]=11111111011111110111111111111111, sa_flags=SA_RESTART|SA_SIGINFO
SIGFPE: [libjvm.dylib+0x7ccf7a], sa_mask[0]=11111111011111110111111111111111, sa_flags=SA_RESTART|SA_SIGINFO
SIGPIPE: [libjvm.dylib+0x630474], sa_mask[0]=11111111011111110111111111111111, sa_flags=SA_RESTART|SA_SIGINFO
SIGXFSZ: [libjvm.dylib+0x630474], sa_mask[0]=11111111011111110111111111111111, sa_flags=SA_RESTART|SA_SIGINFO
SIGILL: [libjvm.dylib+0x7ccf7a], sa_mask[0]=11111111011111110111111111111111, sa_flags=SA_RESTART|SA_SIGINFO
SIGUSR2: [libjvm.dylib+0x630a52], sa_mask[0]=00100000000000000000000000000000, sa_flags=SA_RESTART|SA_SIGINFO
SIGHUP: [libjvm.dylib+0x62f597], sa_mask[0]=11111111011111110111111111111111, sa_flags=SA_RESTART|SA_SIGINFO
SIGINT: [libjvm.dylib+0x62f597], sa_mask[0]=11111111011111110111111111111111, sa_flags=SA_RESTART|SA_SIGINFO
SIGTERM: [libjvm.dylib+0x62f597], sa_mask[0]=11111111011111110111111111111111, sa_flags=SA_RESTART|SA_SIGINFO
SIGQUIT: [libjvm.dylib+0x62f597], sa_mask[0]=11111111011111110111111111111111, sa_flags=SA_RESTART|SA_SIGINFO


---------------  S Y S T E M  ---------------

OS:uname:Darwin 21.4.0 Darwin Kernel Version 21.4.0: Fri Mar 18 00:45:05 PDT 2022; root:xnu-8020.101.4~15/RELEASE_X86_64 x86_64
OS uptime: 0 days 13:06 hours
rlimit (soft/hard): STACK 8192k/65532k , CORE 0k/infinity , NPROC 1392/2088 , NOFILE 10240/infinity , AS infinity/infinity , CPU infinity/infinity , DATA infinity/infinity , FSIZE infinity/infinity , MEMLOCK infinity/infinity , RSS infinity/infinity
load average:3.39 2.18 2.05

CPU:total 4 (initial active 4) (2 cores per cpu, 2 threads per core) family 6 model 61 stepping 4 microcode 0x2f, cmov, cx8, fxsr, mmx, sse, sse2, sse3, ssse3, sse4.1, sse4.2, popcnt, avx, avx2, aes, clmul, erms, rtm, 3dnowpref, lzcnt, ht, tsc, tscinvbit, bmi1, bmi2, adx, fma

Memory: 4k page, physical 8388608k(33188k free), swap 1048576k(1011712k free)

vm_info: OpenJDK 64-Bit Server VM (11.0.13+0-b1751.21-8125866) for bsd-amd64 JRE (11.0.13+0-b1751.21-8125866), built on Jan 27 2022 14:26:46 by "androidbuild" with gcc Android (7284624, based on r416183b) Clang 12.0.5 (https://android.googlesource.com/toolchain/llvm-project c935d99d7cf2016289302412d708641d52d2f7ee)

END.
