#
# A fatal error has been detected by the Java Runtime Environment:
#
#  SIGSEGV (0xb) at pc=0x00007ffa1fa535a7, pid=2556, tid=259
#
# JRE version: OpenJDK Runtime Environment (11.0.13) (build 11.0.13+0-b1751.21-8125866)
# Java VM: OpenJDK 64-Bit Server VM (11.0.13+0-b1751.21-8125866, mixed mode, tiered, compressed oops, g1 gc, bsd-amd64)
# Problematic frame:
# C  [GLEngine+0x13b5a7]  gleRunVertexSubmitImmediate+0x1007
#
# No core dump will be written. Core dumps have been disabled. To enable core dumping, try "ulimit -c unlimited" before starting Java again
#
# If you would like to submit a bug report, please visit:
#   https://bugreport.java.com/bugreport/crash.jsp
# The crash happened outside the Java Virtual Machine in native code.
# See problematic frame for where to report the bug.
#

---------------  S U M M A R Y ------------

Command Line: -Dfile.encoding=UTF-8 -Duser.country=GB -Duser.language=en -Duser.variant com.mygdx.game.DesktopLauncher

Host: MacBookAir7,2 x86_64 2200 MHz, 4 cores, 8G, Darwin 21.4.0
Time: Sat Nov 19 00:37:44 2022 IST elapsed time: 2.669897 seconds (0d 0h 0m 2s)

---------------  T H R E A D  ---------------

Current thread (0x00007ff187011800):  JavaThread "main" [_thread_in_native, id=259, stack(0x00007ff7b794b000,0x00007ff7b814b000)]

Stack: [0x00007ff7b794b000,0x00007ff7b814b000],  sp=0x00007ff7b81455e0,  free space=8169k
Native frames: (J=compiled Java code, A=aot compiled Java code, j=interpreted, Vv=VM code, C=native code)
C  [GLEngine+0x13b5a7]  gleRunVertexSubmitImmediate+0x1007
C  [GLEngine+0xd654a]  glDrawElements_IMM_Exec+0x3b5
j  org.lwjgl.opengl.GL11C.nglDrawElements(IIIJ)V+0
j  org.lwjgl.opengl.GL11C.glDrawElements(ILjava/nio/ShortBuffer;)V+12
j  org.lwjgl.opengl.GL11.glDrawElements(ILjava/nio/ShortBuffer;)V+2
j  com.badlogic.gdx.backends.lwjgl3.Lwjgl3GL20.glDrawElements(IIILjava/nio/Buffer;)V+49
j  com.badlogic.gdx.graphics.Mesh.render(Lcom/badlogic/gdx/graphics/glutils/ShaderProgram;IIIZ)V+78
j  com.badlogic.gdx.graphics.Mesh.render(Lcom/badlogic/gdx/graphics/glutils/ShaderProgram;III)V+10
j  com.badlogic.gdx.graphics.g2d.SpriteBatch.flush()V+184
j  com.badlogic.gdx.graphics.g2d.SpriteBatch.end()V+25
j  com.mygdx.game.GameScreen.render(F)V+38
j  com.badlogic.gdx.Game.render()V+19
j  com.mygdx.game.Tank.render()V+1
j  com.badlogic.gdx.backends.lwjgl3.Lwjgl3Window.update()Z+187
j  com.badlogic.gdx.backends.lwjgl3.Lwjgl3Application.loop()V+111
j  com.badlogic.gdx.backends.lwjgl3.Lwjgl3Application.<init>(Lcom/badlogic/gdx/ApplicationListener;Lcom/badlogic/gdx/backends/lwjgl3/Lwjgl3ApplicationConfiguration;)V+269
j  com.mygdx.game.DesktopLauncher.main([Ljava/lang/String;)V+32
v  ~StubRoutines::call_stub
V  [libjvm.dylib+0x3c3805]  _ZN9JavaCalls11call_helperEP9JavaValueRK12methodHandleP17JavaCallArgumentsP6Thread+0x257
V  [libjvm.dylib+0x409b5b]  _ZL17jni_invoke_staticP7JNIEnv_P9JavaValueP8_jobject11JNICallTypeP10_jmethodIDP18JNI_ArgumentPusherP6Thread+0x115
V  [libjvm.dylib+0x40c91a]  jni_CallStaticVoidMethod+0x165
C  [libjli.dylib+0xa909]  JavaMain+0xaae
C  [libjli.dylib+0xcd2f]  __JVMInit_block_invoke+0x43
C  [Foundation+0x41b71]  __NSBLOCKOPERATION_IS_CALLING_OUT_TO_A_BLOCK__+0x7
C  [Foundation+0x41a69]  -[NSBlockOperation main]+0x62
C  [Foundation+0x419ff]  __NSOPERATION_IS_INVOKING_MAIN__+0x11
C  [Foundation+0x40c6b]  -[NSOperation start]+0x311
C  [Foundation+0x81857]  __NSThreadPerformPerform+0xb3
C  [CoreFoundation+0x7faeb]  __CFRUNLOOP_IS_CALLING_OUT_TO_A_SOURCE0_PERFORM_FUNCTION__+0x11
C  [CoreFoundation+0x7fa53]  __CFRunLoopDoSource0+0xb4
C  [CoreFoundation+0x7f7cd]  __CFRunLoopDoSources0+0xf2
C  [CoreFoundation+0x7e1e8]  __CFRunLoopRun+0x37c
C  [CoreFoundation+0x7d7ac]  CFRunLoopRunSpecific+0x232
C  [libjli.dylib+0xc3b6]  CreateExecutionEnvironment+0x17d
C  [libjli.dylib+0x87a5]  JLI_Launch+0x511
C  [java+0x163b]  main+0x16b
C  0x000000011295b51e

Java frames: (J=compiled Java code, j=interpreted, Vv=VM code)
j  org.lwjgl.opengl.GL11C.nglDrawElements(IIIJ)V+0
j  org.lwjgl.opengl.GL11C.glDrawElements(ILjava/nio/ShortBuffer;)V+12
j  org.lwjgl.opengl.GL11.glDrawElements(ILjava/nio/ShortBuffer;)V+2
j  com.badlogic.gdx.backends.lwjgl3.Lwjgl3GL20.glDrawElements(IIILjava/nio/Buffer;)V+49
j  com.badlogic.gdx.graphics.Mesh.render(Lcom/badlogic/gdx/graphics/glutils/ShaderProgram;IIIZ)V+78
j  com.badlogic.gdx.graphics.Mesh.render(Lcom/badlogic/gdx/graphics/glutils/ShaderProgram;III)V+10
j  com.badlogic.gdx.graphics.g2d.SpriteBatch.flush()V+184
j  com.badlogic.gdx.graphics.g2d.SpriteBatch.end()V+25
j  com.mygdx.game.GameScreen.render(F)V+38
j  com.badlogic.gdx.Game.render()V+19
j  com.mygdx.game.Tank.render()V+1
j  com.badlogic.gdx.backends.lwjgl3.Lwjgl3Window.update()Z+187
j  com.badlogic.gdx.backends.lwjgl3.Lwjgl3Application.loop()V+111
j  com.badlogic.gdx.backends.lwjgl3.Lwjgl3Application.<init>(Lcom/badlogic/gdx/ApplicationListener;Lcom/badlogic/gdx/backends/lwjgl3/Lwjgl3ApplicationConfiguration;)V+269
j  com.mygdx.game.DesktopLauncher.main([Ljava/lang/String;)V+32
v  ~StubRoutines::call_stub

siginfo: si_signo: 11 (SIGSEGV), si_code: 1 (SEGV_MAPERR), si_addr: 0x00007ff188624398

Register to memory mapping:

RAX=0x00007ff188624398 is an unknown value
RBX=0x0000000000000002 is an unknown value
RCX=0x00007ffa1fa535a7: gleRunVertexSubmitImmediate+0x1007 in /System/Library/Frameworks/OpenGL.framework/Versions/A/Resources/GLEngine.bundle/GLEngine at 0x00007ffa1f918000
RDX=0x00007ffa1fa55020: gleRunVertexSubmitImmediate+0x2a80 in /System/Library/Frameworks/OpenGL.framework/Versions/A/Resources/GLEngine.bundle/GLEngine at 0x00007ffa1f918000
RSP=0x00007ff7b81455e0 is pointing into the stack for thread: 0x00007ff187011800
RBP=0x00007ff7b8145780 is pointing into the stack for thread: 0x00007ff187011800
RSI=0x0000000000000006 is an unknown value
RDI=0x00007ff18848c000 points into unknown readable memory: 0x0000000000000000 | 00 00 00 00 00 00 00 00
R8 =0x0000000000000006 is an unknown value
R9 =0x00006000018cd6a0 points into unknown readable memory: 0x0000000800082b02 | 02 2b 08 00 08 00 00 00
R10=0x0000000000000005 is an unknown value
R11=0x0000000000000001 is an unknown value
R12=0x0000000000841800 is an unknown value
R13=0x0000143200841800 is an unknown value
R14=0x0 is NULL
R15=0x0000000000000001 is an unknown value


Registers:
RAX=0x00007ff188624398, RBX=0x0000000000000002, RCX=0x00007ffa1fa535a7, RDX=0x00007ffa1fa55020
RSP=0x00007ff7b81455e0, RBP=0x00007ff7b8145780, RSI=0x0000000000000006, RDI=0x00007ff18848c000
R8 =0x0000000000000006, R9 =0x00006000018cd6a0, R10=0x0000000000000005, R11=0x0000000000000001
R12=0x0000000000841800, R13=0x0000143200841800, R14=0x0000000000000000, R15=0x0000000000000001
RIP=0x00007ffa1fa535a7, EFLAGS=0x0000000000010203, ERR=0x0000000000000004
  TRAPNO=0x000000000000000e

Top of Stack: (sp=0x00007ff7b81455e0)
0x00007ff7b81455e0:   00007ff18848c170 00007ff18848c140
0x00007ff7b81455f0:   00007ff18848c1a0 00007ff18848c160
0x00007ff7b8145600:   00007ff18848c180 00007ff18848c150
0x00007ff7b8145610:   0000000000000000 0000000000000000
0x00007ff7b8145620:   0000600000000000 00007ff18848c190
0x00007ff7b8145630:   0000000109a321b8 0000000000000000
0x00007ff7b8145640:   00007ff1884a55f0 0000000000000002
0x00007ff7b8145650:   0000000109a321b8 00007ff100000004
0x00007ff7b8145660:   0006011c7f186065 fffffffffffffffe
0x00007ff7b8145670:   00007ff18849c2b0 0000000000000000
0x00007ff7b8145680:   3f8000003f800000 3f8000003f800000
0x00007ff7b8145690:   00007ff7b8145730 000000001fa09986
0x00007ff7b81456a0:   00006000018cd6a0 0000000000002110
0x00007ff7b81456b0:   00007ff18848c000 0000000100000010
0x00007ff7b81456c0:   000000000914e45a 0000000400000004
0x00007ff7b81456d0:   00007ff1884990b0 0000000017563479
0x00007ff7b81456e0:   6de2f291a284008c 00007ff18849c2b0
0x00007ff7b81456f0:   000000000000482e 0000000000000001
0x00007ff7b8145700:   0000000000000000 0000000000001ffa
0x00007ff7b8145710:   00007ff188624398 0000000128c9d020
0x00007ff7b8145720:   0000000128c9d0c0 00007ff186c51c00
0x00007ff7b8145730:   00007ff18848fe70 00007ff188490080
0x00007ff7b8145740:   00007ff186c3b9c0 0000000000000000
0x00007ff7b8145750:   6de2f291a284008c 0000000000000000
0x00007ff7b8145760:   00007ff18848c000 00007ff186c3b600
0x00007ff7b8145770:   0000000000000006 0000000000000006
0x00007ff7b8145780:   00007ff7b81457e0 00007ffa1f9ee54a
0x00007ff7b8145790:   00007ff7b8145808 00007ff186c3ba40
0x00007ff7b81457a0:   0000000000000004 0000000000000006
0x00007ff7b81457b0:   0000000600000004 00000001128749d0
0x00007ff7b81457c0:   0000000000000000 00000001128749d0
0x00007ff7b81457d0:   00007ff7b81458a0 00007ff187011800 

Instructions: (pc=0x00007ffa1fa535a7)
0x00007ffa1fa534a7:   75 f4 ff ff f3 0f 10 04 07 f3 0f 11 85 40 ff ff
0x00007ffa1fa534b7:   ff 45 31 d2 41 b8 06 00 00 00 83 fb 02 0f 82 76
0x00007ffa1fa534c7:   0e 00 00 f3 0f 10 44 07 04 f3 0f 11 85 44 ff ff
0x00007ffa1fa534d7:   ff 0f 84 62 0e 00 00 f3 0f 10 44 07 08 f3 0f 11
0x00007ffa1fa534e7:   85 48 ff ff ff 83 fb 04 0f 85 4b 0e 00 00 f3 0f
0x00007ffa1fa534f7:   10 44 07 0c f3 0f 11 85 4c ff ff ff e9 38 0e 00
0x00007ffa1fa53507:   00 85 db 0f 84 30 0e 00 00 83 fb 01 0f 85 35 01
0x00007ffa1fa53517:   00 00 f3 0f 10 04 07 f3 0f 11 85 40 ff ff ff e9
0x00007ffa1fa53527:   15 0e 00 00 8b 08 48 89 8d 50 ff ff ff 0f b7 40
0x00007ffa1fa53537:   04 48 89 85 58 ff ff ff e9 fc 0d 00 00 48 8b 00
0x00007ffa1fa53547:   48 89 85 50 ff ff ff e9 ed 0d 00 00 0f b7 08 48
0x00007ffa1fa53557:   89 8d 50 ff ff ff 0f b6 40 02 48 89 85 58 ff ff
0x00007ffa1fa53567:   ff e9 d3 0d 00 00 b8 ff ff ff ff 48 89 85 28 ff
0x00007ffa1fa53577:   ff ff f3 0f 10 85 98 fe ff ff f3 0f 11 85 48 ff
0x00007ffa1fa53587:   ff ff 83 fb 04 0f 85 ae 0d 00 00 f3 0f 10 85 9c
0x00007ffa1fa53597:   fe ff ff f3 0f 11 85 4c ff ff ff e9 99 0d 00 00
0x00007ffa1fa535a7:   f2 0f 10 00 0f 29 85 b0 fe ff ff f2 0f 11 85 d0
0x00007ffa1fa535b7:   fe ff ff e9 81 0d 00 00 f2 0f 10 00 0f 29 85 b0
0x00007ffa1fa535c7:   fe ff ff f2 0f 11 85 d0 fe ff ff f3 0f 10 40 08
0x00007ffa1fa535d7:   f3 0f 11 85 48 ff ff ff e9 5c 0d 00 00 0f 10 10
0x00007ffa1fa535e7:   f2 0f 10 40 08 f2 0f 11 85 f0 fe ff ff 0f 29 95
0x00007ffa1fa535f7:   b0 fe ff ff 0f 29 95 d0 fe ff ff e9 39 0d 00 00
0x00007ffa1fa53607:   48 8b 8d f8 fe ff ff f2 0f 10 04 01 0f 29 85 b0
0x00007ffa1fa53617:   fe ff ff f2 0f 11 85 d0 fe ff ff 83 fb 04 0f 84
0x00007ffa1fa53627:   cc 01 00 00 83 fb 03 0f 85 0c 0d 00 00 48 8b 8d
0x00007ffa1fa53637:   f8 fe ff ff f3 0f 10 44 01 08 f3 0f 11 85 48 ff
0x00007ffa1fa53647:   ff ff e9 f2 0c 00 00 f2 0f 10 04 07 0f 29 85 b0
0x00007ffa1fa53657:   fe ff ff f2 0f 11 85 d0 fe ff ff 83 fb 04 0f 84
0x00007ffa1fa53667:   9e 01 00 00 83 fb 03 0f 85 cc 0c 00 00 f3 0f 10
0x00007ffa1fa53677:   44 07 08 f3 0f 11 85 48 ff ff ff e9 b9 0c 00 00
0x00007ffa1fa53687:   0f be 08 f3 0f 2a c1 f3 0f 11 85 40 ff ff ff 83
0x00007ffa1fa53697:   fb 02 0f 82 4f 0b 00 00 0f be 48 01 0f 57 c0 f3 


Stack slot to memory mapping:
stack at sp + 0 slots: 0x00007ff18848c170 points into unknown readable memory: 0x3b8080813b808081 | 81 80 80 3b 81 80 80 3b
stack at sp + 1 slots: 0x00007ff18848c140 points into unknown readable memory: 0x3c0102043c010204 | 04 02 01 3c 04 02 01 3c
stack at sp + 2 slots: 0x00007ff18848c1a0 points into unknown readable memory: 0x3780000037800000 | 00 00 80 37 00 00 80 37
stack at sp + 3 slots: 0x00007ff18848c160 points into unknown readable memory: 0x3000000030000000 | 00 00 00 30 00 00 00 30
stack at sp + 4 slots: 0x00007ff18848c180 points into unknown readable memory: 0x3780008037800080 | 80 00 80 37 80 00 80 37
stack at sp + 5 slots: 0x00007ff18848c150 points into unknown readable memory: 0x3800010038000100 | 00 01 00 38 00 01 00 38
stack at sp + 6 slots: 0x0 is NULL
stack at sp + 7 slots: 0x0 is NULL


---------------  P R O C E S S  ---------------

Threads class SMR info:
_java_thread_list=0x00006000023cf600, length=9, elements={
0x00007ff187011800, 0x00007ff18581c000, 0x00007ff185829000, 0x00007ff18680b800,
0x00007ff186814000, 0x00007ff186819800, 0x00007ff18681a800, 0x00007ff18682f000,
0x00007ff186022800
}

Java Threads: ( => current thread )
=>0x00007ff187011800 JavaThread "main" [_thread_in_native, id=259, stack(0x00007ff7b794b000,0x00007ff7b814b000)]
  0x00007ff18581c000 JavaThread "Reference Handler" daemon [_thread_blocked, id=14083, stack(0x00007000088de000,0x00007000089de000)]
  0x00007ff185829000 JavaThread "Finalizer" daemon [_thread_blocked, id=18947, stack(0x00007000089e1000,0x0000700008ae1000)]
  0x00007ff18680b800 JavaThread "Signal Dispatcher" daemon [_thread_blocked, id=16643, stack(0x0000700008c6d000,0x0000700008d6d000)]
  0x00007ff186814000 JavaThread "Service Thread" daemon [_thread_blocked, id=16131, stack(0x0000700008d70000,0x0000700008e70000)]
  0x00007ff186819800 JavaThread "C2 CompilerThread0" daemon [_thread_in_native, id=43011, stack(0x0000700008e73000,0x0000700008f73000)]
  0x00007ff18681a800 JavaThread "C1 CompilerThread0" daemon [_thread_blocked, id=22275, stack(0x0000700008f76000,0x0000700009076000)]
  0x00007ff18682f000 JavaThread "Sweeper thread" daemon [_thread_blocked, id=42499, stack(0x0000700009079000,0x0000700009179000)]
  0x00007ff186022800 JavaThread "Common-Cleaner" daemon [_thread_blocked, id=41987, stack(0x000070000927f000,0x000070000937f000)]

Other Threads:
  0x00007ff1870c8800 VMThread "VM Thread" [stack: 0x00007000087db000,0x00007000088db000] [id=19459]
  0x00007ff18582e800 WatcherThread [stack: 0x000070000917c000,0x000070000927c000] [id=42243]
  0x00007ff187013000 GCTaskThread "GC Thread#0" [stack: 0x00007000082cc000,0x00007000083cc000] [id=11523]
  0x00007ff1871aa800 GCTaskThread "GC Thread#1" [stack: 0x000070000958e000,0x000070000968e000] [id=60679]
  0x00007ff187238000 GCTaskThread "GC Thread#2" [stack: 0x0000700009691000,0x0000700009791000] [id=61187]
  0x00007ff187041000 ConcurrentGCThread "G1 Main Marker" [stack: 0x00007000083cf000,0x00007000084cf000] [id=12035]
  0x00007ff187042000 ConcurrentGCThread "G1 Conc#0" [stack: 0x00007000084d2000,0x00007000085d2000] [id=20995]
  0x00007ff187092800 ConcurrentGCThread "G1 Refine#0" [stack: 0x00007000085d5000,0x00007000086d5000] [id=13059]
  0x00007ff187093800 ConcurrentGCThread "G1 Young RemSet Sampling" [stack: 0x00007000086d8000,0x00007000087d8000] [id=20483]

Threads with active compile tasks:
C2 CompilerThread0   2694  957       4       java.util.StringTokenizer::nextToken (92 bytes)

VM state:not at safepoint (normal execution)

VM Mutex/Monitor currently owned by a thread: None

Heap address: 0x0000000780000000, size: 2048 MB, Compressed Oops mode: Zero based, Oop shift amount: 3
Narrow klass base: 0x0000000800000000, Narrow klass shift: 0
Compressed class space size: 1073741824 Address: 0x0000000800000000

Heap:
 garbage-first heap   total 131072K, used 15077K [0x0000000780000000, 0x0000000800000000)
  region size 1024K, 16 young (16384K), 2 survivors (2048K)
 Metaspace       used 13122K, capacity 13312K, committed 13696K, reserved 1062912K
  class space    used 1056K, capacity 1142K, committed 1152K, reserved 1048576K
Heap Regions: E=young(eden), S=young(survivor), O=old, HS=humongous(starts), HC=humongous(continues), CS=collection set, F=free, A=archive, TAMS=top-at-mark-start (previous, next)
|   0|0x0000000780000000, 0x0000000780000000, 0x0000000780100000|  0%| F|  |TAMS 0x0000000780000000, 0x0000000780000000| Untracked 
|   1|0x0000000780100000, 0x0000000780100000, 0x0000000780200000|  0%| F|  |TAMS 0x0000000780100000, 0x0000000780100000| Untracked 
|   2|0x0000000780200000, 0x0000000780200000, 0x0000000780300000|  0%| F|  |TAMS 0x0000000780200000, 0x0000000780200000| Untracked 
|   3|0x0000000780300000, 0x0000000780300000, 0x0000000780400000|  0%| F|  |TAMS 0x0000000780300000, 0x0000000780300000| Untracked 
|   4|0x0000000780400000, 0x0000000780400000, 0x0000000780500000|  0%| F|  |TAMS 0x0000000780400000, 0x0000000780400000| Untracked 
|   5|0x0000000780500000, 0x0000000780500000, 0x0000000780600000|  0%| F|  |TAMS 0x0000000780500000, 0x0000000780500000| Untracked 
|   6|0x0000000780600000, 0x0000000780600000, 0x0000000780700000|  0%| F|  |TAMS 0x0000000780600000, 0x0000000780600000| Untracked 
|   7|0x0000000780700000, 0x0000000780700000, 0x0000000780800000|  0%| F|  |TAMS 0x0000000780700000, 0x0000000780700000| Untracked 
|   8|0x0000000780800000, 0x0000000780800000, 0x0000000780900000|  0%| F|  |TAMS 0x0000000780800000, 0x0000000780800000| Untracked 
|   9|0x0000000780900000, 0x0000000780900000, 0x0000000780a00000|  0%| F|  |TAMS 0x0000000780900000, 0x0000000780900000| Untracked 
|  10|0x0000000780a00000, 0x0000000780a00000, 0x0000000780b00000|  0%| F|  |TAMS 0x0000000780a00000, 0x0000000780a00000| Untracked 
|  11|0x0000000780b00000, 0x0000000780b00000, 0x0000000780c00000|  0%| F|  |TAMS 0x0000000780b00000, 0x0000000780b00000| Untracked 
|  12|0x0000000780c00000, 0x0000000780c00000, 0x0000000780d00000|  0%| F|  |TAMS 0x0000000780c00000, 0x0000000780c00000| Untracked 
|  13|0x0000000780d00000, 0x0000000780d00000, 0x0000000780e00000|  0%| F|  |TAMS 0x0000000780d00000, 0x0000000780d00000| Untracked 
|  14|0x0000000780e00000, 0x0000000780e00000, 0x0000000780f00000|  0%| F|  |TAMS 0x0000000780e00000, 0x0000000780e00000| Untracked 
|  15|0x0000000780f00000, 0x0000000780f00000, 0x0000000781000000|  0%| F|  |TAMS 0x0000000780f00000, 0x0000000780f00000| Untracked 
|  16|0x0000000781000000, 0x0000000781000000, 0x0000000781100000|  0%| F|  |TAMS 0x0000000781000000, 0x0000000781000000| Untracked 
|  17|0x0000000781100000, 0x0000000781100000, 0x0000000781200000|  0%| F|  |TAMS 0x0000000781100000, 0x0000000781100000| Untracked 
|  18|0x0000000781200000, 0x0000000781200000, 0x0000000781300000|  0%| F|  |TAMS 0x0000000781200000, 0x0000000781200000| Untracked 
|  19|0x0000000781300000, 0x0000000781300000, 0x0000000781400000|  0%| F|  |TAMS 0x0000000781300000, 0x0000000781300000| Untracked 
|  20|0x0000000781400000, 0x0000000781400000, 0x0000000781500000|  0%| F|  |TAMS 0x0000000781400000, 0x0000000781400000| Untracked 
|  21|0x0000000781500000, 0x0000000781500000, 0x0000000781600000|  0%| F|  |TAMS 0x0000000781500000, 0x0000000781500000| Untracked 
|  22|0x0000000781600000, 0x0000000781600000, 0x0000000781700000|  0%| F|  |TAMS 0x0000000781600000, 0x0000000781600000| Untracked 
|  23|0x0000000781700000, 0x0000000781700000, 0x0000000781800000|  0%| F|  |TAMS 0x0000000781700000, 0x0000000781700000| Untracked 
|  24|0x0000000781800000, 0x0000000781800000, 0x0000000781900000|  0%| F|  |TAMS 0x0000000781800000, 0x0000000781800000| Untracked 
|  25|0x0000000781900000, 0x0000000781900000, 0x0000000781a00000|  0%| F|  |TAMS 0x0000000781900000, 0x0000000781900000| Untracked 
|  26|0x0000000781a00000, 0x0000000781a00000, 0x0000000781b00000|  0%| F|  |TAMS 0x0000000781a00000, 0x0000000781a00000| Untracked 
|  27|0x0000000781b00000, 0x0000000781b00000, 0x0000000781c00000|  0%| F|  |TAMS 0x0000000781b00000, 0x0000000781b00000| Untracked 
|  28|0x0000000781c00000, 0x0000000781c00000, 0x0000000781d00000|  0%| F|  |TAMS 0x0000000781c00000, 0x0000000781c00000| Untracked 
|  29|0x0000000781d00000, 0x0000000781d00000, 0x0000000781e00000|  0%| F|  |TAMS 0x0000000781d00000, 0x0000000781d00000| Untracked 
|  30|0x0000000781e00000, 0x0000000781e00000, 0x0000000781f00000|  0%| F|  |TAMS 0x0000000781e00000, 0x0000000781e00000| Untracked 
|  31|0x0000000781f00000, 0x0000000781f00000, 0x0000000782000000|  0%| F|  |TAMS 0x0000000781f00000, 0x0000000781f00000| Untracked 
|  32|0x0000000782000000, 0x0000000782000000, 0x0000000782100000|  0%| F|  |TAMS 0x0000000782000000, 0x0000000782000000| Untracked 
|  33|0x0000000782100000, 0x0000000782100000, 0x0000000782200000|  0%| F|  |TAMS 0x0000000782100000, 0x0000000782100000| Untracked 
|  34|0x0000000782200000, 0x0000000782200000, 0x0000000782300000|  0%| F|  |TAMS 0x0000000782200000, 0x0000000782200000| Untracked 
|  35|0x0000000782300000, 0x0000000782300000, 0x0000000782400000|  0%| F|  |TAMS 0x0000000782300000, 0x0000000782300000| Untracked 
|  36|0x0000000782400000, 0x0000000782400000, 0x0000000782500000|  0%| F|  |TAMS 0x0000000782400000, 0x0000000782400000| Untracked 
|  37|0x0000000782500000, 0x0000000782500000, 0x0000000782600000|  0%| F|  |TAMS 0x0000000782500000, 0x0000000782500000| Untracked 
|  38|0x0000000782600000, 0x0000000782600000, 0x0000000782700000|  0%| F|  |TAMS 0x0000000782600000, 0x0000000782600000| Untracked 
|  39|0x0000000782700000, 0x0000000782700000, 0x0000000782800000|  0%| F|  |TAMS 0x0000000782700000, 0x0000000782700000| Untracked 
|  40|0x0000000782800000, 0x0000000782800000, 0x0000000782900000|  0%| F|  |TAMS 0x0000000782800000, 0x0000000782800000| Untracked 
|  41|0x0000000782900000, 0x0000000782900000, 0x0000000782a00000|  0%| F|  |TAMS 0x0000000782900000, 0x0000000782900000| Untracked 
|  42|0x0000000782a00000, 0x0000000782a00000, 0x0000000782b00000|  0%| F|  |TAMS 0x0000000782a00000, 0x0000000782a00000| Untracked 
|  43|0x0000000782b00000, 0x0000000782b00000, 0x0000000782c00000|  0%| F|  |TAMS 0x0000000782b00000, 0x0000000782b00000| Untracked 
|  44|0x0000000782c00000, 0x0000000782c00000, 0x0000000782d00000|  0%| F|  |TAMS 0x0000000782c00000, 0x0000000782c00000| Untracked 
|  45|0x0000000782d00000, 0x0000000782d00000, 0x0000000782e00000|  0%| F|  |TAMS 0x0000000782d00000, 0x0000000782d00000| Untracked 
|  46|0x0000000782e00000, 0x0000000782e00000, 0x0000000782f00000|  0%| F|  |TAMS 0x0000000782e00000, 0x0000000782e00000| Untracked 
|  47|0x0000000782f00000, 0x0000000782f00000, 0x0000000783000000|  0%| F|  |TAMS 0x0000000782f00000, 0x0000000782f00000| Untracked 
|  48|0x0000000783000000, 0x0000000783000000, 0x0000000783100000|  0%| F|  |TAMS 0x0000000783000000, 0x0000000783000000| Untracked 
|  49|0x0000000783100000, 0x0000000783100000, 0x0000000783200000|  0%| F|  |TAMS 0x0000000783100000, 0x0000000783100000| Untracked 
|  50|0x0000000783200000, 0x0000000783200000, 0x0000000783300000|  0%| F|  |TAMS 0x0000000783200000, 0x0000000783200000| Untracked 
|  51|0x0000000783300000, 0x0000000783300000, 0x0000000783400000|  0%| F|  |TAMS 0x0000000783300000, 0x0000000783300000| Untracked 
|  52|0x0000000783400000, 0x0000000783400000, 0x0000000783500000|  0%| F|  |TAMS 0x0000000783400000, 0x0000000783400000| Untracked 
|  53|0x0000000783500000, 0x0000000783500000, 0x0000000783600000|  0%| F|  |TAMS 0x0000000783500000, 0x0000000783500000| Untracked 
|  54|0x0000000783600000, 0x0000000783600000, 0x0000000783700000|  0%| F|  |TAMS 0x0000000783600000, 0x0000000783600000| Untracked 
|  55|0x0000000783700000, 0x0000000783700000, 0x0000000783800000|  0%| F|  |TAMS 0x0000000783700000, 0x0000000783700000| Untracked 
|  56|0x0000000783800000, 0x0000000783800000, 0x0000000783900000|  0%| F|  |TAMS 0x0000000783800000, 0x0000000783800000| Untracked 
|  57|0x0000000783900000, 0x0000000783900000, 0x0000000783a00000|  0%| F|  |TAMS 0x0000000783900000, 0x0000000783900000| Untracked 
|  58|0x0000000783a00000, 0x0000000783a00000, 0x0000000783b00000|  0%| F|  |TAMS 0x0000000783a00000, 0x0000000783a00000| Untracked 
|  59|0x0000000783b00000, 0x0000000783b00000, 0x0000000783c00000|  0%| F|  |TAMS 0x0000000783b00000, 0x0000000783b00000| Untracked 
|  60|0x0000000783c00000, 0x0000000783c00000, 0x0000000783d00000|  0%| F|  |TAMS 0x0000000783c00000, 0x0000000783c00000| Untracked 
|  61|0x0000000783d00000, 0x0000000783d00000, 0x0000000783e00000|  0%| F|  |TAMS 0x0000000783d00000, 0x0000000783d00000| Untracked 
|  62|0x0000000783e00000, 0x0000000783e00000, 0x0000000783f00000|  0%| F|  |TAMS 0x0000000783e00000, 0x0000000783e00000| Untracked 
|  63|0x0000000783f00000, 0x0000000783f00000, 0x0000000784000000|  0%| F|  |TAMS 0x0000000783f00000, 0x0000000783f00000| Untracked 
|  64|0x0000000784000000, 0x0000000784000000, 0x0000000784100000|  0%| F|  |TAMS 0x0000000784000000, 0x0000000784000000| Untracked 
|  65|0x0000000784100000, 0x0000000784100000, 0x0000000784200000|  0%| F|  |TAMS 0x0000000784100000, 0x0000000784100000| Untracked 
|  66|0x0000000784200000, 0x0000000784200000, 0x0000000784300000|  0%| F|  |TAMS 0x0000000784200000, 0x0000000784200000| Untracked 
|  67|0x0000000784300000, 0x0000000784300000, 0x0000000784400000|  0%| F|  |TAMS 0x0000000784300000, 0x0000000784300000| Untracked 
|  68|0x0000000784400000, 0x0000000784400000, 0x0000000784500000|  0%| F|  |TAMS 0x0000000784400000, 0x0000000784400000| Untracked 
|  69|0x0000000784500000, 0x0000000784500000, 0x0000000784600000|  0%| F|  |TAMS 0x0000000784500000, 0x0000000784500000| Untracked 
|  70|0x0000000784600000, 0x0000000784600000, 0x0000000784700000|  0%| F|  |TAMS 0x0000000784600000, 0x0000000784600000| Untracked 
|  71|0x0000000784700000, 0x0000000784700000, 0x0000000784800000|  0%| F|  |TAMS 0x0000000784700000, 0x0000000784700000| Untracked 
|  72|0x0000000784800000, 0x0000000784800000, 0x0000000784900000|  0%| F|  |TAMS 0x0000000784800000, 0x0000000784800000| Untracked 
|  73|0x0000000784900000, 0x0000000784900000, 0x0000000784a00000|  0%| F|  |TAMS 0x0000000784900000, 0x0000000784900000| Untracked 
|  74|0x0000000784a00000, 0x0000000784a00000, 0x0000000784b00000|  0%| F|  |TAMS 0x0000000784a00000, 0x0000000784a00000| Untracked 
|  75|0x0000000784b00000, 0x0000000784b00000, 0x0000000784c00000|  0%| F|  |TAMS 0x0000000784b00000, 0x0000000784b00000| Untracked 
|  76|0x0000000784c00000, 0x0000000784c00000, 0x0000000784d00000|  0%| F|  |TAMS 0x0000000784c00000, 0x0000000784c00000| Untracked 
|  77|0x0000000784d00000, 0x0000000784d00000, 0x0000000784e00000|  0%| F|  |TAMS 0x0000000784d00000, 0x0000000784d00000| Untracked 
|  78|0x0000000784e00000, 0x0000000784e00000, 0x0000000784f00000|  0%| F|  |TAMS 0x0000000784e00000, 0x0000000784e00000| Untracked 
|  79|0x0000000784f00000, 0x0000000784f00000, 0x0000000785000000|  0%| F|  |TAMS 0x0000000784f00000, 0x0000000784f00000| Untracked 
|  80|0x0000000785000000, 0x0000000785000000, 0x0000000785100000|  0%| F|  |TAMS 0x0000000785000000, 0x0000000785000000| Untracked 
|  81|0x0000000785100000, 0x0000000785100000, 0x0000000785200000|  0%| F|  |TAMS 0x0000000785100000, 0x0000000785100000| Untracked 
|  82|0x0000000785200000, 0x0000000785200000, 0x0000000785300000|  0%| F|  |TAMS 0x0000000785200000, 0x0000000785200000| Untracked 
|  83|0x0000000785300000, 0x0000000785300000, 0x0000000785400000|  0%| F|  |TAMS 0x0000000785300000, 0x0000000785300000| Untracked 
|  84|0x0000000785400000, 0x0000000785400000, 0x0000000785500000|  0%| F|  |TAMS 0x0000000785400000, 0x0000000785400000| Untracked 
|  85|0x0000000785500000, 0x0000000785500000, 0x0000000785600000|  0%| F|  |TAMS 0x0000000785500000, 0x0000000785500000| Untracked 
|  86|0x0000000785600000, 0x0000000785600000, 0x0000000785700000|  0%| F|  |TAMS 0x0000000785600000, 0x0000000785600000| Untracked 
|  87|0x0000000785700000, 0x0000000785700000, 0x0000000785800000|  0%| F|  |TAMS 0x0000000785700000, 0x0000000785700000| Untracked 
|  88|0x0000000785800000, 0x0000000785800000, 0x0000000785900000|  0%| F|  |TAMS 0x0000000785800000, 0x0000000785800000| Untracked 
|  89|0x0000000785900000, 0x0000000785900000, 0x0000000785a00000|  0%| F|  |TAMS 0x0000000785900000, 0x0000000785900000| Untracked 
|  90|0x0000000785a00000, 0x0000000785a00000, 0x0000000785b00000|  0%| F|  |TAMS 0x0000000785a00000, 0x0000000785a00000| Untracked 
|  91|0x0000000785b00000, 0x0000000785b00000, 0x0000000785c00000|  0%| F|  |TAMS 0x0000000785b00000, 0x0000000785b00000| Untracked 
|  92|0x0000000785c00000, 0x0000000785c00000, 0x0000000785d00000|  0%| F|  |TAMS 0x0000000785c00000, 0x0000000785c00000| Untracked 
|  93|0x0000000785d00000, 0x0000000785d00000, 0x0000000785e00000|  0%| F|  |TAMS 0x0000000785d00000, 0x0000000785d00000| Untracked 
|  94|0x0000000785e00000, 0x0000000785e00000, 0x0000000785f00000|  0%| F|  |TAMS 0x0000000785e00000, 0x0000000785e00000| Untracked 
|  95|0x0000000785f00000, 0x0000000785f00000, 0x0000000786000000|  0%| F|  |TAMS 0x0000000785f00000, 0x0000000785f00000| Untracked 
|  96|0x0000000786000000, 0x0000000786000000, 0x0000000786100000|  0%| F|  |TAMS 0x0000000786000000, 0x0000000786000000| Untracked 
|  97|0x0000000786100000, 0x0000000786100000, 0x0000000786200000|  0%| F|  |TAMS 0x0000000786100000, 0x0000000786100000| Untracked 
|  98|0x0000000786200000, 0x0000000786200000, 0x0000000786300000|  0%| F|  |TAMS 0x0000000786200000, 0x0000000786200000| Untracked 
|  99|0x0000000786300000, 0x0000000786300000, 0x0000000786400000|  0%| F|  |TAMS 0x0000000786300000, 0x0000000786300000| Untracked 
| 100|0x0000000786400000, 0x0000000786400000, 0x0000000786500000|  0%| F|  |TAMS 0x0000000786400000, 0x0000000786400000| Untracked 
| 101|0x0000000786500000, 0x0000000786500000, 0x0000000786600000|  0%| F|  |TAMS 0x0000000786500000, 0x0000000786500000| Untracked 
| 102|0x0000000786600000, 0x0000000786600000, 0x0000000786700000|  0%| F|  |TAMS 0x0000000786600000, 0x0000000786600000| Untracked 
| 103|0x0000000786700000, 0x0000000786700000, 0x0000000786800000|  0%| F|  |TAMS 0x0000000786700000, 0x0000000786700000| Untracked 
| 104|0x0000000786800000, 0x0000000786800000, 0x0000000786900000|  0%| F|  |TAMS 0x0000000786800000, 0x0000000786800000| Untracked 
| 105|0x0000000786900000, 0x0000000786900000, 0x0000000786a00000|  0%| F|  |TAMS 0x0000000786900000, 0x0000000786900000| Untracked 
| 106|0x0000000786a00000, 0x0000000786a00000, 0x0000000786b00000|  0%| F|  |TAMS 0x0000000786a00000, 0x0000000786a00000| Untracked 
| 107|0x0000000786b00000, 0x0000000786b00000, 0x0000000786c00000|  0%| F|  |TAMS 0x0000000786b00000, 0x0000000786b00000| Untracked 
| 108|0x0000000786c00000, 0x0000000786c00000, 0x0000000786d00000|  0%| F|  |TAMS 0x0000000786c00000, 0x0000000786c00000| Untracked 
| 109|0x0000000786d00000, 0x0000000786d00000, 0x0000000786e00000|  0%| F|  |TAMS 0x0000000786d00000, 0x0000000786d00000| Untracked 
| 110|0x0000000786e00000, 0x0000000786e00000, 0x0000000786f00000|  0%| F|  |TAMS 0x0000000786e00000, 0x0000000786e00000| Untracked 
| 111|0x0000000786f00000, 0x0000000786f00000, 0x0000000787000000|  0%| F|  |TAMS 0x0000000786f00000, 0x0000000786f00000| Untracked 
| 112|0x0000000787000000, 0x00000007870b9788, 0x0000000787100000| 72%| S|CS|TAMS 0x0000000787000000, 0x0000000787000000| Complete 
| 113|0x0000000787100000, 0x0000000787200000, 0x0000000787200000|100%| S|CS|TAMS 0x0000000787100000, 0x0000000787100000| Complete 
| 114|0x0000000787200000, 0x0000000787280800, 0x0000000787300000| 50%| E|  |TAMS 0x0000000787200000, 0x0000000787200000| Complete 
| 115|0x0000000787300000, 0x0000000787400000, 0x0000000787400000|100%| E|CS|TAMS 0x0000000787300000, 0x0000000787300000| Complete 
| 116|0x0000000787400000, 0x0000000787500000, 0x0000000787500000|100%| E|CS|TAMS 0x0000000787400000, 0x0000000787400000| Complete 
| 117|0x0000000787500000, 0x0000000787600000, 0x0000000787600000|100%| E|CS|TAMS 0x0000000787500000, 0x0000000787500000| Complete 
| 118|0x0000000787600000, 0x0000000787700000, 0x0000000787700000|100%| E|CS|TAMS 0x0000000787600000, 0x0000000787600000| Complete 
| 119|0x0000000787700000, 0x0000000787800000, 0x0000000787800000|100%| E|CS|TAMS 0x0000000787700000, 0x0000000787700000| Complete 
| 120|0x0000000787800000, 0x0000000787900000, 0x0000000787900000|100%| E|CS|TAMS 0x0000000787800000, 0x0000000787800000| Complete 
| 121|0x0000000787900000, 0x0000000787a00000, 0x0000000787a00000|100%| E|CS|TAMS 0x0000000787900000, 0x0000000787900000| Complete 
| 122|0x0000000787a00000, 0x0000000787b00000, 0x0000000787b00000|100%| E|CS|TAMS 0x0000000787a00000, 0x0000000787a00000| Complete 
| 123|0x0000000787b00000, 0x0000000787c00000, 0x0000000787c00000|100%| E|CS|TAMS 0x0000000787b00000, 0x0000000787b00000| Complete 
| 124|0x0000000787c00000, 0x0000000787d00000, 0x0000000787d00000|100%| E|CS|TAMS 0x0000000787c00000, 0x0000000787c00000| Complete 
| 125|0x0000000787d00000, 0x0000000787e00000, 0x0000000787e00000|100%| E|CS|TAMS 0x0000000787d00000, 0x0000000787d00000| Complete 
| 126|0x0000000787e00000, 0x0000000787f00000, 0x0000000787f00000|100%| E|CS|TAMS 0x0000000787e00000, 0x0000000787e00000| Complete 
| 127|0x0000000787f00000, 0x0000000788000000, 0x0000000788000000|100%| E|CS|TAMS 0x0000000787f00000, 0x0000000787f00000| Complete 

Card table byte_map: [0x00000001085ee000,0x00000001089ee000] _byte_map_base: 0x00000001049ee000

Marking Bits (Prev, Next): (CMBitMap*) 0x00007ff187038618, (CMBitMap*) 0x00007ff187038650
 Prev Bits: [0x000000010dca4000, 0x000000010fca4000)
 Next Bits: [0x000000010fca4000, 0x0000000111ca4000)

Polling page: 0x0000000107ee9000

Metaspace:

Usage:
  Non-class:     11.88 MB capacity,    11.78 MB (>99%) used,    89.51 KB ( <1%) free+waste,    14.94 KB ( <1%) overhead. 
      Class:      1.12 MB capacity,     1.03 MB ( 93%) used,    79.15 KB (  7%) free+waste,     6.12 KB ( <1%) overhead. 
       Both:     13.00 MB capacity,    12.81 MB ( 99%) used,   168.66 KB (  1%) free+waste,    21.06 KB ( <1%) overhead. 

Virtual space:
  Non-class space:       14.00 MB reserved,      12.25 MB ( 88%) committed 
      Class space:        1.00 GB reserved,       1.12 MB ( <1%) committed 
             Both:        1.01 GB reserved,      13.38 MB (  1%) committed 

Chunk freelists:
   Non-Class:  214.00 KB
       Class:  10.00 KB
        Both:  224.00 KB

MaxMetaspaceSize: unlimited
CompressedClassSpaceSize: 1.00 GB
Initial GC threshold: 20.80 MB
Current GC threshold: 20.80 MB
CDS: off

CodeHeap 'non-profiled nmethods': size=120032Kb used=323Kb max_used=323Kb free=119708Kb
 bounds [0x000000011a4d6000, 0x000000011a746000, 0x0000000121a0e000]
CodeHeap 'profiled nmethods': size=120032Kb used=1755Kb max_used=1755Kb free=118276Kb
 bounds [0x0000000112f9e000, 0x000000011320e000, 0x000000011a4d6000]
CodeHeap 'non-nmethods': size=5696Kb used=1595Kb max_used=1613Kb free=4100Kb
 bounds [0x0000000112a0e000, 0x0000000112c7e000, 0x0000000112f9e000]
 total_blobs=1979 nmethods=980 adapters=913
 compilation: enabled
              stopped_count=0, restarted_count=0
 full_count=0

Compilation events (20 events):
Event: 2.659 Thread 0x00007ff18681a800  974       3       java.lang.String::toString (2 bytes)
Event: 2.659 Thread 0x00007ff18681a800 nmethod 974 0x0000000113152110 code [0x00000001131522c0, 0x00000001131523b0]
Event: 2.659 Thread 0x00007ff18681a800  971       1       com.badlogic.gdx.graphics.GLTexture::getMagFilter (5 bytes)
Event: 2.659 Thread 0x00007ff18681a800 nmethod 971 0x000000011a523e90 code [0x000000011a524040, 0x000000011a5240f0]
Event: 2.659 Thread 0x00007ff18681a800  975       3       com.badlogic.gdx.graphics.g2d.TextureRegion::setRegion (129 bytes)
Event: 2.660 Thread 0x00007ff18681a800 nmethod 975 0x0000000113152410 code [0x0000000113152640, 0x0000000113152c70]
Event: 2.660 Thread 0x00007ff18681a800  978       3       java.lang.reflect.Field::isSynthetic (8 bytes)
Event: 2.660 Thread 0x00007ff18681a800 nmethod 978 0x0000000113152f10 code [0x00000001131530c0, 0x0000000113153290]
Event: 2.660 Thread 0x00007ff18681a800  976       3       com.badlogic.gdx.graphics.g2d.TextureRegion::setRegion (71 bytes)
Event: 2.661 Thread 0x00007ff18681a800 nmethod 976 0x0000000113153390 code [0x00000001131535c0, 0x0000000113153b00]
Event: 2.661 Thread 0x00007ff18681a800  977       3       com.badlogic.gdx.utils.JsonValue::isString (16 bytes)
Event: 2.661 Thread 0x00007ff18681a800 nmethod 977 0x0000000113153d10 code [0x0000000113153ec0, 0x0000000113154030]
Event: 2.661 Thread 0x00007ff18681a800  979       3       java.lang.reflect.Modifier::isSynthetic (14 bytes)
Event: 2.661 Thread 0x00007ff18681a800 nmethod 979 0x0000000113154110 code [0x00000001131542c0, 0x00000001131543f0]
Event: 2.661 Thread 0x00007ff18681a800  980       3       com.badlogic.gdx.utils.reflect.Field::isTransient (11 bytes)
Event: 2.661 Thread 0x00007ff18681a800 nmethod 980 0x0000000113154490 code [0x0000000113154640, 0x0000000113154810]
Event: 2.666 Thread 0x00007ff186819800 nmethod 948% 0x000000011a524590 code [0x000000011a524860, 0x000000011a5259a0]
Event: 2.667 Thread 0x00007ff186819800  956       4       java.util.StringTokenizer::skipDelimiters (116 bytes)
Event: 2.667 Thread 0x00007ff18681a800  982       3       java.nio.Buffer::clear (20 bytes)
Event: 2.667 Thread 0x00007ff18681a800 nmethod 982 0x0000000113154910 code [0x0000000113154ac0, 0x0000000113154bd0]

GC Heap History (2 events):
Event: 0.991 GC heap before
{Heap before GC invocations=0 (full 0):
 garbage-first heap   total 131072K, used 14336K [0x0000000780000000, 0x0000000800000000)
  region size 1024K, 14 young (14336K), 0 survivors (0K)
 Metaspace       used 9136K, capacity 9272K, committed 9600K, reserved 1058816K
  class space    used 752K, capacity 816K, committed 896K, reserved 1048576K
}
Event: 0.994 GC heap after
{Heap after GC invocations=1 (full 0):
 garbage-first heap   total 131072K, used 1765K [0x0000000780000000, 0x0000000800000000)
  region size 1024K, 2 young (2048K), 2 survivors (2048K)
 Metaspace       used 9136K, capacity 9272K, committed 9600K, reserved 1058816K
  class space    used 752K, capacity 816K, committed 896K, reserved 1048576K
}

Deoptimization events (20 events):
Event: 1.604 Thread 0x00007ff187011800 Uncommon trap: trap_request=0xffffff4d fr.pc=0x000000011a513938 relative=0x0000000000000198
Event: 1.604 Thread 0x00007ff187011800 Uncommon trap: reason=unstable_if action=reinterpret pc=0x000000011a513938 method=java.lang.String.startsWith(Ljava/lang/String;I)Z @ 46 c2
Event: 1.604 Thread 0x00007ff187011800 DEOPT PACKING pc=0x000000011a513938 sp=0x00007ff7b8145250
Event: 1.604 Thread 0x00007ff187011800 DEOPT UNPACKING pc=0x0000000112a57ea5 sp=0x00007ff7b8145180 mode 2
Event: 1.604 Thread 0x00007ff187011800 Uncommon trap: trap_request=0xffffff4d fr.pc=0x000000011a4d6f78 relative=0x0000000000000058
Event: 1.604 Thread 0x00007ff187011800 Uncommon trap: reason=unstable_if action=reinterpret pc=0x000000011a4d6f78 method=java.lang.String.isLatin1()Z @ 10 c2
Event: 1.604 Thread 0x00007ff187011800 DEOPT PACKING pc=0x000000011a4d6f78 sp=0x00007ff7b8145170
Event: 1.604 Thread 0x00007ff187011800 DEOPT UNPACKING pc=0x0000000112a57ea5 sp=0x00007ff7b8145120 mode 2
Event: 1.604 Thread 0x00007ff187011800 Uncommon trap: trap_request=0xffffff4d fr.pc=0x000000011a4e62ec relative=0x00000000000001cc
Event: 1.604 Thread 0x00007ff187011800 Uncommon trap: reason=unstable_if action=reinterpret pc=0x000000011a4e62ec method=java.lang.String.startsWith(Ljava/lang/String;I)Z @ 46 c2
Event: 1.604 Thread 0x00007ff187011800 DEOPT PACKING pc=0x000000011a4e62ec sp=0x00007ff7b81451e0
Event: 1.604 Thread 0x00007ff187011800 DEOPT UNPACKING pc=0x0000000112a57ea5 sp=0x00007ff7b8145180 mode 2
Event: 1.604 Thread 0x00007ff187011800 Uncommon trap: trap_request=0xffffff4d fr.pc=0x000000011a506198 relative=0x0000000000000458
Event: 1.604 Thread 0x00007ff187011800 Uncommon trap: reason=unstable_if action=reinterpret pc=0x000000011a506198 method=java.lang.String.substring(II)Ljava/lang/String; @ 31 c2
Event: 1.604 Thread 0x00007ff187011800 DEOPT PACKING pc=0x000000011a506198 sp=0x00007ff7b8145200
Event: 1.604 Thread 0x00007ff187011800 DEOPT UNPACKING pc=0x0000000112a57ea5 sp=0x00007ff7b81451b8 mode 2
Event: 2.658 Thread 0x00007ff187011800 Uncommon trap: trap_request=0xffffff4d fr.pc=0x000000011a504954 relative=0x0000000000000394
Event: 2.658 Thread 0x00007ff187011800 Uncommon trap: reason=unstable_if action=reinterpret pc=0x000000011a504954 method=java.lang.AbstractStringBuilder.isLatin1()Z @ 10 c2
Event: 2.658 Thread 0x00007ff187011800 DEOPT PACKING pc=0x000000011a504954 sp=0x00007ff7b8144f10
Event: 2.658 Thread 0x00007ff187011800 DEOPT UNPACKING pc=0x0000000112a57ea5 sp=0x00007ff7b8144e88 mode 2

Classes redefined (0 events):
No events

Internal exceptions (20 events):
Event: 0.555 Thread 0x00007ff187011800 Exception <a 'java/security/PrivilegedActionException'{0x0000000787359f00}> (0x0000000787359f00) thrown at [src/hotspot/share/prims/jvm.cpp, line 1306]
Event: 0.560 Thread 0x00007ff187011800 Exception <a 'java/security/PrivilegedActionException'{0x000000078736f1a0}> (0x000000078736f1a0) thrown at [src/hotspot/share/prims/jvm.cpp, line 1306]
Event: 0.560 Thread 0x00007ff187011800 Exception <a 'java/security/PrivilegedActionException'{0x000000078736f470}> (0x000000078736f470) thrown at [src/hotspot/share/prims/jvm.cpp, line 1306]
Event: 0.754 Thread 0x00007ff187011800 Exception <a 'java/security/PrivilegedActionException'{0x0000000787211850}> (0x0000000787211850) thrown at [src/hotspot/share/prims/jvm.cpp, line 1306]
Event: 0.754 Thread 0x00007ff187011800 Exception <a 'java/security/PrivilegedActionException'{0x0000000787211b20}> (0x0000000787211b20) thrown at [src/hotspot/share/prims/jvm.cpp, line 1306]
Event: 0.772 Thread 0x00007ff187011800 Exception <a 'sun/nio/fs/UnixException'{0x0000000787243820}> (0x0000000787243820) thrown at [src/hotspot/share/prims/jni.cpp, line 616]
Event: 0.781 Thread 0x00007ff187011800 Exception <a 'java/security/PrivilegedActionException'{0x0000000787269700}> (0x0000000787269700) thrown at [src/hotspot/share/prims/jvm.cpp, line 1306]
Event: 0.781 Thread 0x00007ff187011800 Exception <a 'java/security/PrivilegedActionException'{0x00000007872699d0}> (0x00000007872699d0) thrown at [src/hotspot/share/prims/jvm.cpp, line 1306]
Event: 0.783 Thread 0x00007ff187011800 Exception <a 'java/security/PrivilegedActionException'{0x000000078727f058}> (0x000000078727f058) thrown at [src/hotspot/share/prims/jvm.cpp, line 1306]
Event: 0.783 Thread 0x00007ff187011800 Exception <a 'java/security/PrivilegedActionException'{0x000000078727f328}> (0x000000078727f328) thrown at [src/hotspot/share/prims/jvm.cpp, line 1306]
Event: 0.787 Thread 0x00007ff187011800 Exception <a 'java/security/PrivilegedActionException'{0x00000007872a57a8}> (0x00000007872a57a8) thrown at [src/hotspot/share/prims/jvm.cpp, line 1306]
Event: 0.787 Thread 0x00007ff187011800 Exception <a 'java/security/PrivilegedActionException'{0x00000007872a5a78}> (0x00000007872a5a78) thrown at [src/hotspot/share/prims/jvm.cpp, line 1306]
Event: 0.989 Thread 0x00007ff187011800 Exception <a 'java/lang/NoSuchMethodError'{0x00000007872f5790}: 'java.lang.Object java.lang.invoke.DirectMethodHandle$Holder.invokeStatic(java.lang.Object, long)'> (0x00000007872f5790) thrown at [src/hotspot/share/interpreter/linkResolver.cpp, line 773]
Event: 0.989 Thread 0x00007ff187011800 Exception <a 'java/lang/NoSuchMethodError'{0x00000007872f8810}: 'java.lang.Object java.lang.invoke.DirectMethodHandle$Holder.invokeSpecial(java.lang.Object, java.lang.Object, long)'> (0x00000007872f8810) thrown at [src/hotspot/share/interpreter/linkResolver.cpp, line 773]
Event: 0.990 Thread 0x00007ff187011800 Exception <a 'java/lang/NoSuchMethodError'{0x00000007872fb2d0}: 'java.lang.Object java.lang.invoke.Invokers$Holder.linkToTargetMethod(long, java.lang.Object)'> (0x00000007872fb2d0) thrown at [src/hotspot/share/interpreter/linkResolver.cpp, line 773]
Event: 0.994 Thread 0x00007ff187011800 Exception <a 'java/security/PrivilegedActionException'{0x0000000787f037f8}> (0x0000000787f037f8) thrown at [src/hotspot/share/prims/jvm.cpp, line 1306]
Event: 0.995 Thread 0x00007ff187011800 Exception <a 'java/security/PrivilegedActionException'{0x0000000787f03ac8}> (0x0000000787f03ac8) thrown at [src/hotspot/share/prims/jvm.cpp, line 1306]
Event: 1.136 Thread 0x00007ff187011800 Exception <a 'sun/nio/fs/UnixException'{0x0000000787d0a940}> (0x0000000787d0a940) thrown at [src/hotspot/share/prims/jni.cpp, line 616]
Event: 1.340 Thread 0x00007ff187011800 Exception <a 'java/security/PrivilegedActionException'{0x0000000787927620}> (0x0000000787927620) thrown at [src/hotspot/share/prims/jvm.cpp, line 1306]
Event: 1.340 Thread 0x00007ff187011800 Exception <a 'java/security/PrivilegedActionException'{0x00000007879278f0}> (0x00000007879278f0) thrown at [src/hotspot/share/prims/jvm.cpp, line 1306]

Events (20 events):
Event: 1.646 loading class com/badlogic/gdx/utils/ScreenUtils
Event: 1.646 loading class com/badlogic/gdx/utils/ScreenUtils done
Event: 1.678 loading class com/badlogic/gdx/backends/lwjgl3/Lwjgl3Window$6$1
Event: 1.678 loading class com/badlogic/gdx/backends/lwjgl3/Lwjgl3Window$6$1 done
Event: 1.756 loading class com/badlogic/gdx/backends/lwjgl3/Lwjgl3Window$1$1
Event: 1.756 loading class com/badlogic/gdx/backends/lwjgl3/Lwjgl3Window$1$1 done
Event: 1.899 Loaded shared library /private/var/folders/z0/5krxn_5s6jd42rh328yjllgw0000gn/T/lwjglvinodkaushik/3.3.1-build-7/liblwjgl.dylib
Event: 1.900 loading class com/badlogic/gdx/scenes/scene2d/InputEvent$Type
Event: 1.900 loading class com/badlogic/gdx/scenes/scene2d/InputEvent$Type done
Event: 1.916 Loaded shared library /Applications/Android Studio.app/Contents/jre/Contents/Home/lib/server/libjvm.dylib
Event: 2.100 loading class com/badlogic/gdx/scenes/scene2d/InputListener$1
Event: 2.100 loading class com/badlogic/gdx/scenes/scene2d/InputListener$1 done
Event: 2.633 loading class com/badlogic/gdx/utils/TimeUtils
Event: 2.633 loading class com/badlogic/gdx/utils/TimeUtils done
Event: 2.635 loading class com/mygdx/game/GameScreen
Event: 2.635 loading class com/mygdx/game/GameScreen done
Event: 2.660 loading class com/badlogic/gdx/scenes/scene2d/ui/Image
Event: 2.660 loading class com/badlogic/gdx/scenes/scene2d/ui/Image done
Event: 2.666 loading class com/mygdx/game/GameScreen$1
Event: 2.666 loading class com/mygdx/game/GameScreen$1 done


Dynamic libraries:
0x0000000107eef000 	/Applications/Android Studio.app/Contents/jre/Contents/Home/lib/jli/libjli.dylib
0x00007ff81e484000 	/System/Library/Frameworks/Cocoa.framework/Versions/A/Cocoa
0x00007ff80a101000 	/System/Library/Frameworks/AppKit.framework/Versions/C/AppKit
0x00007ff80d60c000 	/System/Library/Frameworks/CoreData.framework/Versions/A/CoreData
0x00007ff80850d000 	/System/Library/Frameworks/Foundation.framework/Versions/C/Foundation
0x00007ff81242d000 	/usr/lib/libSystem.B.dylib
0x00007ff80af8f000 	/System/Library/PrivateFrameworks/UIFoundation.framework/Versions/A/UIFoundation
0x00007ff81838e000 	/System/Library/PrivateFrameworks/RemoteViewServices.framework/Versions/A/RemoteViewServices
0x00007ff810678000 	/System/Library/PrivateFrameworks/XCTTargetBootstrap.framework/Versions/A/XCTTargetBootstrap
0x00007ff814234000 	/System/Library/PrivateFrameworks/InternationalSupport.framework/Versions/A/InternationalSupport
0x00007ff8142be000 	/System/Library/PrivateFrameworks/UserActivity.framework/Versions/A/UserActivity
0x00007ff813614000 	/usr/lib/libspindump.dylib
0x00007ff80b21d000 	/System/Library/Frameworks/UniformTypeIdentifiers.framework/Versions/A/UniformTypeIdentifiers
0x00007ff80eda1000 	/usr/lib/libapp_launch_measurement.dylib
0x00007ff80dfdc000 	/System/Library/PrivateFrameworks/CoreAnalytics.framework/Versions/A/CoreAnalytics
0x00007ff80eda4000 	/System/Library/PrivateFrameworks/CoreAutoLayout.framework/Versions/A/CoreAutoLayout
0x00007ff80ffd2000 	/System/Library/Frameworks/Metal.framework/Versions/A/Metal
0x00007ff810cfe000 	/usr/lib/liblangid.dylib
0x00007ff81067d000 	/System/Library/PrivateFrameworks/CoreSVG.framework/Versions/A/CoreSVG
0x00007ff80c604000 	/System/Library/PrivateFrameworks/SkyLight.framework/Versions/A/SkyLight
0x00007ff80c9a2000 	/System/Library/Frameworks/CoreGraphics.framework/Versions/A/CoreGraphics
0x00007ff818a4e000 	/System/Library/Frameworks/Accelerate.framework/Versions/A/Accelerate
0x00007ff813093000 	/System/Library/PrivateFrameworks/IconServices.framework/Versions/A/IconServices
0x00007ff80ffb7000 	/System/Library/Frameworks/IOSurface.framework/Versions/A/IOSurface
0x00007ff80e00a000 	/usr/lib/libDiagnosticMessagesClient.dylib
0x00007ff81234d000 	/usr/lib/libz.1.dylib
0x00007ff81c131000 	/System/Library/Frameworks/ApplicationServices.framework/Versions/A/ApplicationServices
0x00007ff810664000 	/System/Library/PrivateFrameworks/DFRFoundation.framework/Versions/A/DFRFoundation
0x00007ff8099e9000 	/usr/lib/libicucore.A.dylib
0x00007ff815029000 	/System/Library/Frameworks/AudioToolbox.framework/Versions/A/AudioToolbox
0x00007ff814240000 	/System/Library/PrivateFrameworks/DataDetectorsCore.framework/Versions/A/DataDetectorsCore
0x00007ff9101cd000 	/System/Library/PrivateFrameworks/TextInput.framework/Versions/A/TextInput
0x00007ff80c587000 	/usr/lib/libMobileGestalt.dylib
0x00007ff810370000 	/System/Library/Frameworks/Carbon.framework/Versions/A/Frameworks/HIToolbox.framework/Versions/A/HIToolbox
0x00007ff80e7a7000 	/System/Library/Frameworks/QuartzCore.framework/Versions/A/QuartzCore
0x00007ff809690000 	/System/Library/Frameworks/Security.framework/Versions/A/Security
0x00007ff8183c6000 	/System/Library/Frameworks/Carbon.framework/Versions/A/Frameworks/SpeechRecognition.framework/Versions/A/SpeechRecognition
0x00007ff80eb01000 	/System/Library/PrivateFrameworks/CoreUI.framework/Versions/A/CoreUI
0x00007ff808f5c000 	/System/Library/Frameworks/CoreAudio.framework/Versions/A/CoreAudio
0x00007ff80e0f9000 	/System/Library/Frameworks/DiskArbitration.framework/Versions/A/DiskArbitration
0x00007ff813a02000 	/System/Library/PrivateFrameworks/MultitouchSupport.framework/Versions/A/MultitouchSupport
0x00007ff80c586000 	/usr/lib/libenergytrace.dylib
0x00007ff809fed000 	/System/Library/Frameworks/IOKit.framework/Versions/A/IOKit
0x00007ff8187b6000 	/System/Library/Frameworks/CoreServices.framework/Versions/A/CoreServices
0x00007ff80ed3b000 	/System/Library/PrivateFrameworks/PerformanceAnalysis.framework/Versions/A/PerformanceAnalysis
0x00007ffa1f6f1000 	/System/Library/Frameworks/OpenGL.framework/Versions/A/OpenGL
0x00007ff811967000 	/System/Library/PrivateFrameworks/MobileKeyBag.framework/Versions/A/MobileKeyBag
0x00007ff8074dd000 	/usr/lib/libobjc.A.dylib
0x00007ff80d06d000 	/System/Library/Frameworks/ColorSync.framework/Versions/A/ColorSync
0x00007ff80769b000 	/System/Library/Frameworks/CoreFoundation.framework/Versions/A/CoreFoundation
0x00007ff8108f4000 	/System/Library/Frameworks/CoreImage.framework/Versions/A/CoreImage
0x00007ff808d74000 	/System/Library/Frameworks/CoreText.framework/Versions/A/CoreText
0x00007ff8106ad000 	/System/Library/Frameworks/ImageIO.framework/Versions/A/ImageIO
0x00007ff812433000 	/System/Library/PrivateFrameworks/SoftLinking.framework/Versions/A/SoftLinking
0x00007ff80edec000 	/usr/lib/libxml2.2.dylib
0x00007ff8075a7000 	/usr/lib/libc++.1.dylib
0x00007ff8126b7000 	/usr/lib/libcompression.dylib
0x00007ff814167000 	/System/Library/PrivateFrameworks/TextureIO.framework/Versions/A/TextureIO
0x00007ff812da5000 	/usr/lib/libate.dylib
0x00007ff812428000 	/usr/lib/system/libcache.dylib
0x00007ff8123e4000 	/usr/lib/system/libcommonCrypto.dylib
0x00007ff81240d000 	/usr/lib/system/libcompiler_rt.dylib
0x00007ff812403000 	/usr/lib/system/libcopyfile.dylib
0x00007ff8073d8000 	/usr/lib/system/libcorecrypto.dylib
0x00007ff807496000 	/usr/lib/system/libdispatch.dylib
0x00007ff80765a000 	/usr/lib/system/libdyld.dylib
0x00007ff81241f000 	/usr/lib/system/libkeymgr.dylib
0x00007ff8123c2000 	/usr/lib/system/libmacho.dylib
0x00007ff811a41000 	/usr/lib/system/libquarantine.dylib
0x00007ff81241d000 	/usr/lib/system/libremovefile.dylib
0x00007ff80c5d4000 	/usr/lib/system/libsystem_asl.dylib
0x00007ff807381000 	/usr/lib/system/libsystem_blocks.dylib
0x00007ff80751e000 	/usr/lib/system/libsystem_c.dylib
0x00007ff812415000 	/usr/lib/system/libsystem_collections.dylib
0x00007ff810cee000 	/usr/lib/system/libsystem_configuration.dylib
0x00007ff80ff9a000 	/usr/lib/system/libsystem_containermanager.dylib
0x00007ff8120fb000 	/usr/lib/system/libsystem_coreservices.dylib
0x00007ff809c7d000 	/usr/lib/system/libsystem_darwin.dylib
0x00007ff812420000 	/usr/lib/system/libsystem_dnssd.dylib
0x00007ff80751b000 	/usr/lib/system/libsystem_featureflags.dylib
0x00007ff807670000 	/usr/lib/system/libsystem_info.dylib
0x00007ff812360000 	/usr/lib/system/libsystem_m.dylib
0x00007ff80746a000 	/usr/lib/system/libsystem_malloc.dylib
0x00007ff80c56f000 	/usr/lib/system/libsystem_networkextension.dylib
0x00007ff80a0a3000 	/usr/lib/system/libsystem_notify.dylib
0x00007ff81868b000 	/usr/lib/system/libsystem_product_info_filter.dylib
0x00007ff810cf2000 	/usr/lib/system/libsystem_sandbox.dylib
0x00007ff81241a000 	/usr/lib/system/libsystem_secinit.dylib
0x00007ff807616000 	/usr/lib/system/libsystem_kernel.dylib
0x00007ff807666000 	/usr/lib/system/libsystem_platform.dylib
0x00007ff80764e000 	/usr/lib/system/libsystem_pthread.dylib
0x00007ff80de1c000 	/usr/lib/system/libsystem_symptoms.dylib
0x00007ff8073bf000 	/usr/lib/system/libsystem_trace.dylib
0x00007ff8123f0000 	/usr/lib/system/libunwind.dylib
0x00007ff807383000 	/usr/lib/system/libxpc.dylib
0x00007ff807600000 	/usr/lib/libc++abi.dylib
0x00007ff8123fb000 	/usr/lib/liboah.dylib
0x00007ff812b81000 	/usr/lib/liblzma.5.dylib
0x00007ff808220000 	/System/Library/Frameworks/SystemConfiguration.framework/Versions/A/SystemConfiguration
0x00007ff81242f000 	/usr/lib/libfakelink.dylib
0x00007ff80c0e0000 	/System/Library/Frameworks/CFNetwork.framework/Versions/A/CFNetwork
0x00007ff812570000 	/usr/lib/libarchive.2.dylib
0x00007ff810cfa000 	/System/Library/PrivateFrameworks/AppleSystemInfo.framework/Versions/A/AppleSystemInfo
0x00007ff811a68000 	/usr/lib/libbsm.0.dylib
0x00007ff80b6f3000 	/usr/lib/libnetwork.dylib
0x00007ff8123c8000 	/usr/lib/system/libkxld.dylib
0x00007ff811694000 	/System/Library/PrivateFrameworks/IOMobileFramebuffer.framework/Versions/A/IOMobileFramebuffer
0x00007ffb1ebf8000 	/usr/lib/libCoreEntitlements.dylib
0x00007ff8120dd000 	/System/Library/PrivateFrameworks/AppleFSCompression.framework/Versions/A/AppleFSCompression
0x00007ff811a50000 	/usr/lib/libcoretls.dylib
0x00007ff812b9b000 	/usr/lib/libcoretls_cfhelpers.dylib
0x00007ff8126b2000 	/usr/lib/libpam.2.dylib
0x00007ff80da3c000 	/usr/lib/libsqlite3.dylib
0x00007ff812c0a000 	/usr/lib/libxar.1.dylib
0x00007ff8120ed000 	/usr/lib/libbz2.1.0.dylib
0x00007ff812434000 	/usr/lib/libpcap.A.dylib
0x00007ff80de14000 	/usr/lib/libdns_services.dylib
0x00007ff812682000 	/usr/lib/libapple_nghttp2.dylib
0x00007ff81246e000 	/usr/lib/libiconv.2.dylib
0x00007ff8123c1000 	/usr/lib/libcharset.1.dylib
0x00007ff80ed6f000 	/System/Library/Frameworks/CoreServices.framework/Versions/A/Frameworks/FSEvents.framework/Versions/A/FSEvents
0x00007ff809c87000 	/System/Library/Frameworks/CoreServices.framework/Versions/A/Frameworks/CarbonCore.framework/Versions/A/CarbonCore
0x00007ff80e05d000 	/System/Library/Frameworks/CoreServices.framework/Versions/A/Frameworks/Metadata.framework/Versions/A/Metadata
0x00007ff812100000 	/System/Library/Frameworks/CoreServices.framework/Versions/A/Frameworks/OSServices.framework/Versions/A/OSServices
0x00007ff8125f7000 	/System/Library/Frameworks/CoreServices.framework/Versions/A/Frameworks/SearchKit.framework/Versions/A/SearchKit
0x00007ff80dda7000 	/System/Library/Frameworks/CoreServices.framework/Versions/A/Frameworks/AE.framework/Versions/A/AE
0x00007ff807b9d000 	/System/Library/Frameworks/CoreServices.framework/Versions/A/Frameworks/LaunchServices.framework/Versions/A/LaunchServices
0x00007ff812b32000 	/System/Library/Frameworks/CoreServices.framework/Versions/A/Frameworks/DictionaryServices.framework/Versions/A/DictionaryServices
0x00007ff80ed7c000 	/System/Library/Frameworks/CoreServices.framework/Versions/A/Frameworks/SharedFileList.framework/Versions/A/SharedFileList
0x00007ff811a44000 	/usr/lib/libCheckFix.dylib
0x00007ff80c5eb000 	/System/Library/PrivateFrameworks/TCC.framework/Versions/A/TCC
0x00007ff810d00000 	/System/Library/PrivateFrameworks/CoreNLP.framework/Versions/A/CoreNLP
0x00007ff80e00d000 	/System/Library/PrivateFrameworks/MetadataUtilities.framework/Versions/A/MetadataUtilities
0x00007ff8082d0000 	/usr/lib/libmecabra.dylib
0x00007ff811a78000 	/usr/lib/libmecab.dylib
0x00007ff80829b000 	/usr/lib/libCRFSuite.dylib
0x00007ff811ad2000 	/usr/lib/libgermantok.dylib
0x00007ff81265d000 	/usr/lib/libThaiTokenizer.dylib
0x00007ff80e100000 	/System/Library/Frameworks/Accelerate.framework/Versions/A/Frameworks/vImage.framework/Versions/A/vImage
0x00007ff81878d000 	/System/Library/Frameworks/Accelerate.framework/Versions/A/Frameworks/vecLib.framework/Versions/A/vecLib
0x00007ff812c4b000 	/System/Library/Frameworks/Accelerate.framework/Versions/A/Frameworks/vecLib.framework/Versions/A/libvMisc.dylib
0x00007ff8114bf000 	/System/Library/Frameworks/Accelerate.framework/Versions/A/Frameworks/vecLib.framework/Versions/A/libvDSP.dylib
0x00007ff807f17000 	/System/Library/Frameworks/Accelerate.framework/Versions/A/Frameworks/vecLib.framework/Versions/A/libBLAS.dylib
0x00007ff812794000 	/System/Library/Frameworks/Accelerate.framework/Versions/A/Frameworks/vecLib.framework/Versions/A/libLAPACK.dylib
0x00007ff811ad5000 	/System/Library/Frameworks/Accelerate.framework/Versions/A/Frameworks/vecLib.framework/Versions/A/libLinearAlgebra.dylib
0x00007ff81269a000 	/System/Library/Frameworks/Accelerate.framework/Versions/A/Frameworks/vecLib.framework/Versions/A/libSparseBLAS.dylib
0x00007ff81278e000 	/System/Library/Frameworks/Accelerate.framework/Versions/A/Frameworks/vecLib.framework/Versions/A/libQuadrature.dylib
0x00007ff810deb000 	/System/Library/Frameworks/Accelerate.framework/Versions/A/Frameworks/vecLib.framework/Versions/A/libBNNS.dylib
0x00007ff8081b1000 	/System/Library/Frameworks/Accelerate.framework/Versions/A/Frameworks/vecLib.framework/Versions/A/libSparse.dylib
0x00007ff810de4000 	/System/Library/PrivateFrameworks/LinguisticData.framework/Versions/A/LinguisticData
0x00007ff808167000 	/System/Library/PrivateFrameworks/Lexicon.framework/Versions/A/Lexicon
0x00007ff812c44000 	/usr/lib/libChineseTokenizer.dylib
0x00007ff8088c9000 	/System/Library/PrivateFrameworks/LanguageModeling.framework/Versions/A/LanguageModeling
0x00007ff81265f000 	/System/Library/PrivateFrameworks/AppleSauce.framework/Versions/A/AppleSauce
0x00007ff811682000 	/System/Library/PrivateFrameworks/CoreEmoji.framework/Versions/A/CoreEmoji
0x00007ff81255f000 	/usr/lib/libcmph.dylib
0x00007ff80ed53000 	/System/Library/Frameworks/OpenDirectory.framework/Versions/A/Frameworks/CFOpenDirectory.framework/Versions/A/CFOpenDirectory
0x00007ff80ed47000 	/System/Library/Frameworks/OpenDirectory.framework/Versions/A/OpenDirectory
0x00007ff812b9d000 	/System/Library/PrivateFrameworks/APFS.framework/Versions/A/APFS
0x00007ff81199f000 	/System/Library/Frameworks/SecurityFoundation.framework/Versions/A/SecurityFoundation
0x00007ff812c18000 	/usr/lib/libutil.dylib
0x00007ff809fb1000 	/System/Library/PrivateFrameworks/CoreServicesStore.framework/Versions/A/CoreServicesStore
0x00007ff812c1c000 	/usr/lib/libxslt.1.dylib
0x00007ff811a2c000 	/System/Library/PrivateFrameworks/BackgroundTaskManagement.framework/Versions/A/BackgroundTaskManagement
0x00007ff814087000 	/System/Library/Frameworks/ImageIO.framework/Versions/A/Resources/libRadiance.dylib
0x00007ff814090000 	/System/Library/Frameworks/ImageIO.framework/Versions/A/Resources/libJPEG.dylib
0x00007ff813fe1000 	/System/Library/Frameworks/ImageIO.framework/Versions/A/Resources/libPng.dylib
0x00007ff814002000 	/System/Library/Frameworks/ImageIO.framework/Versions/A/Resources/libTIFF.dylib
0x00007ff8140f0000 	/System/Library/Frameworks/ImageIO.framework/Versions/A/Resources/libGIF.dylib
0x00007ff81391c000 	/System/Library/Frameworks/ImageIO.framework/Versions/A/Resources/libJP2.dylib
0x00007ff81305a000 	/usr/lib/libexpat.1.dylib
0x00007ff8138d1000 	/System/Library/PrivateFrameworks/AppleJPEG.framework/Versions/A/AppleJPEG
0x00007ff810234000 	/System/Library/PrivateFrameworks/FontServices.framework/libFontParser.dylib
0x00007ff80dd51000 	/System/Library/PrivateFrameworks/RunningBoardServices.framework/Versions/A/RunningBoardServices
0x00007ff81ea3c000 	/System/Library/PrivateFrameworks/IOSurfaceAccelerator.framework/Versions/A/IOSurfaceAccelerator
0x00007ff8139fe000 	/System/Library/PrivateFrameworks/WatchdogClient.framework/Versions/A/WatchdogClient
0x00007ff8089b7000 	/System/Library/Frameworks/CoreDisplay.framework/Versions/A/CoreDisplay
0x00007ff810132000 	/System/Library/Frameworks/CoreMedia.framework/Versions/A/CoreMedia
0x00007ff80ffc9000 	/System/Library/PrivateFrameworks/IOAccelerator.framework/Versions/A/IOAccelerator
0x00007ff80eed0000 	/System/Library/Frameworks/CoreVideo.framework/Versions/A/CoreVideo
0x00007ff8126b0000 	/System/Library/Frameworks/MetalPerformanceShaders.framework/Versions/A/MetalPerformanceShaders
0x00007ff813a3b000 	/System/Library/Frameworks/VideoToolbox.framework/Versions/A/VideoToolbox
0x00007ff80dc9b000 	/System/Library/PrivateFrameworks/BaseBoard.framework/Versions/A/BaseBoard
0x00007ff80da22000 	/System/Library/PrivateFrameworks/ProtocolBuffer.framework/Versions/A/ProtocolBuffer
0x00007ff814080000 	/System/Library/PrivateFrameworks/GPUWrangler.framework/Versions/A/GPUWrangler
0x00007ff814064000 	/System/Library/PrivateFrameworks/IOPresentment.framework/Versions/A/IOPresentment
0x00007ff81408a000 	/System/Library/PrivateFrameworks/DSExternalDisplay.framework/Versions/A/DSExternalDisplay
0x00007ffa1f6e5000 	/System/Library/Frameworks/OpenGL.framework/Versions/A/Libraries/libCoreFSCache.dylib
0x00007ffb0c3a1000 	/System/Library/PrivateFrameworks/GPUCompiler.framework/Versions/31001/Libraries/libGPUCompilerUtils.dylib
0x00007ff8140f5000 	/System/Library/PrivateFrameworks/CMCaptureCore.framework/Versions/A/CMCaptureCore
0x00007ff813602000 	/System/Library/PrivateFrameworks/AppServerSupport.framework/Versions/A/AppServerSupport
0x00007ff8158c1000 	/System/Library/PrivateFrameworks/perfdata.framework/Versions/A/perfdata
0x00007ff808ae3000 	/System/Library/PrivateFrameworks/AudioToolboxCore.framework/Versions/A/AudioToolboxCore
0x00007ff810110000 	/System/Library/PrivateFrameworks/caulk.framework/Versions/A/caulk
0x00007ff8151d3000 	/usr/lib/libAudioStatistics.dylib
0x00007ff90c97b000 	/System/Library/PrivateFrameworks/SystemPolicy.framework/Versions/A/SystemPolicy
0x00007ff81542e000 	/usr/lib/libSMC.dylib
0x00007ff81e337000 	/System/Library/Frameworks/CoreMIDI.framework/Versions/A/CoreMIDI
0x00007ff813fb0000 	/usr/lib/libAudioToolboxUtility.dylib
0x00007ff908c1e000 	/System/Library/PrivateFrameworks/OSAServicesClient.framework/Versions/A/OSAServicesClient
0x00007ff8158ce000 	/usr/lib/libperfcheck.dylib
0x00007ff90d425000 	/usr/lib/libmis.dylib
0x00007ffa1f740000 	/System/Library/Frameworks/OpenGL.framework/Versions/A/Libraries/libGLU.dylib
0x00007ffa1f704000 	/System/Library/Frameworks/OpenGL.framework/Versions/A/Libraries/libGFXShared.dylib
0x00007ffa1f90d000 	/System/Library/Frameworks/OpenGL.framework/Versions/A/Libraries/libGL.dylib
0x00007ffa1f70d000 	/System/Library/Frameworks/OpenGL.framework/Versions/A/Libraries/libGLImage.dylib
0x00007ffa1f701000 	/System/Library/Frameworks/OpenGL.framework/Versions/A/Libraries/libCVMSPluginSupport.dylib
0x00007ffa1f6ec000 	/System/Library/Frameworks/OpenGL.framework/Versions/A/Libraries/libCoreVMClient.dylib
0x00007ff810c7c000 	/System/Library/Frameworks/MetalPerformanceShaders.framework/Versions/A/Frameworks/MPSCore.framework/Versions/A/MPSCore
0x00007ff812048000 	/System/Library/Frameworks/MetalPerformanceShaders.framework/Versions/A/Frameworks/MPSImage.framework/Versions/A/MPSImage
0x00007ff811aeb000 	/System/Library/Frameworks/MetalPerformanceShaders.framework/Versions/A/Frameworks/MPSNeuralNetwork.framework/Versions/A/MPSNeuralNetwork
0x00007ff811f5f000 	/System/Library/Frameworks/MetalPerformanceShaders.framework/Versions/A/Frameworks/MPSMatrix.framework/Versions/A/MPSMatrix
0x00007ff811d1a000 	/System/Library/Frameworks/MetalPerformanceShaders.framework/Versions/A/Frameworks/MPSRayIntersector.framework/Versions/A/MPSRayIntersector
0x00007ff811f97000 	/System/Library/Frameworks/MetalPerformanceShaders.framework/Versions/A/Frameworks/MPSNDArray.framework/Versions/A/MPSNDArray
0x00007ffa2466d000 	/System/Library/Frameworks/MetalPerformanceShaders.framework/Versions/A/Frameworks/MPSFunctions.framework/Versions/A/MPSFunctions
0x00007ff807df4000 	/System/Library/PrivateFrameworks/MetalTools.framework/Versions/A/MetalTools
0x00007ff810cf8000 	/System/Library/PrivateFrameworks/AggregateDictionary.framework/Versions/A/AggregateDictionary
0x00007ff812e3c000 	/usr/lib/libIOReport.dylib
0x00007ffa20d1c000 	/System/Library/Frameworks/OpenCL.framework/Versions/A/OpenCL
0x00007ff8131a0000 	/System/Library/PrivateFrameworks/FaceCore.framework/Versions/A/FaceCore
0x00007ff813191000 	/System/Library/PrivateFrameworks/GraphVisualizer.framework/Versions/A/GraphVisualizer
0x00007ffb0c2ac000 	/System/Library/PrivateFrameworks/FontServices.framework/Versions/A/FontServices
0x00007ff8135ba000 	/System/Library/PrivateFrameworks/OTSVG.framework/Versions/A/OTSVG
0x00007ff80eab7000 	/System/Library/Frameworks/ApplicationServices.framework/Versions/A/Frameworks/ATS.framework/Versions/A/Resources/libFontRegistry.dylib
0x00007ff81360a000 	/System/Library/PrivateFrameworks/FontServices.framework/libhvf.dylib
0x00007ffb0c2ad000 	/System/Library/PrivateFrameworks/FontServices.framework/libXTFontStaticRegistryData.dylib
0x00007ff81300a000 	/System/Library/PrivateFrameworks/AppleVA.framework/Versions/A/AppleVA
0x00007ff8151f3000 	/System/Library/Frameworks/ApplicationServices.framework/Versions/A/Frameworks/ATS.framework/Versions/A/ATS
0x00007ff80d169000 	/System/Library/Frameworks/ApplicationServices.framework/Versions/A/Frameworks/HIServices.framework/Versions/A/HIServices
0x00007ff8140ff000 	/System/Library/Frameworks/ApplicationServices.framework/Versions/A/Frameworks/PrintCore.framework/Versions/A/PrintCore
0x00007ff815581000 	/System/Library/Frameworks/ApplicationServices.framework/Versions/A/Frameworks/QD.framework/Versions/A/QD
0x00007ff815579000 	/System/Library/Frameworks/ApplicationServices.framework/Versions/A/Frameworks/ColorSyncLegacy.framework/Versions/A/ColorSyncLegacy
0x00007ff8151e3000 	/System/Library/Frameworks/ApplicationServices.framework/Versions/A/Frameworks/SpeechSynthesis.framework/Versions/A/SpeechSynthesis
0x00007ff8140c0000 	/System/Library/Frameworks/ApplicationServices.framework/Versions/A/Frameworks/ATSUI.framework/Versions/A/ATSUI
0x00007ff81550e000 	/usr/lib/libcups.2.dylib
0x00007ff8158dd000 	/System/Library/Frameworks/Kerberos.framework/Versions/A/Kerberos
0x00007ff8158ec000 	/System/Library/Frameworks/GSS.framework/Versions/A/GSS
0x00007ff81525f000 	/usr/lib/libresolv.9.dylib
0x00007ff813619000 	/System/Library/PrivateFrameworks/Heimdal.framework/Versions/A/Heimdal
0x00007ff81c4b9000 	/System/Library/Frameworks/Kerberos.framework/Versions/A/Libraries/libHeimdalProxy.dylib
0x00007ff80de24000 	/System/Library/Frameworks/Network.framework/Versions/A/Network
0x00007ff813074000 	/usr/lib/libheimdal-asn1.dylib
0x00007ff815937000 	/System/Library/PrivateFrameworks/CommonAuth.framework/Versions/A/CommonAuth
0x00007ff815165000 	/System/Library/PrivateFrameworks/AudioSession.framework/Versions/A/AudioSession
0x00007ff813104000 	/System/Library/PrivateFrameworks/MediaExperience.framework/Versions/A/MediaExperience
0x00007ff814ff8000 	/System/Library/PrivateFrameworks/AudioSession.framework/libSessionUtility.dylib
0x00007ff81558d000 	/System/Library/PrivateFrameworks/AudioResourceArbitration.framework/Versions/A/AudioResourceArbitration
0x00007ff819600000 	/System/Library/PrivateFrameworks/PowerLog.framework/Versions/A/PowerLog
0x00007ff81307d000 	/System/Library/PrivateFrameworks/IconFoundation.framework/Versions/A/IconFoundation
0x00007ff8183b6000 	/System/Library/PrivateFrameworks/SpeechRecognitionCore.framework/Versions/A/SpeechRecognitionCore
0x0000000109061000 	/Applications/Android Studio.app/Contents/jre/Contents/Home/lib/server/libjvm.dylib
0x0000000107f28000 	/Applications/Android Studio.app/Contents/jre/Contents/Home/lib/libverify.dylib
0x0000000107f74000 	/Applications/Android Studio.app/Contents/jre/Contents/Home/lib/libjava.dylib
0x0000000107f3c000 	/Applications/Android Studio.app/Contents/jre/Contents/Home/lib/libjimage.dylib
0x0000000107ff0000 	/Applications/Android Studio.app/Contents/jre/Contents/Home/lib/libzip.dylib
0x0000000108e4b000 	/Applications/Android Studio.app/Contents/jre/Contents/Home/lib/libnio.dylib
0x0000000108e87000 	/Applications/Android Studio.app/Contents/jre/Contents/Home/lib/libnet.dylib
0x0000000108ee0000 	/private/var/folders/z0/5krxn_5s6jd42rh328yjllgw0000gn/T/libgdxvinodkaushik/21f66466/libgdx64.dylib
0x0000000108f51000 	/private/var/folders/z0/5krxn_5s6jd42rh328yjllgw0000gn/T/lwjglvinodkaushik/3.3.1-build-7/liblwjgl.dylib
0x00000001124a4000 	/private/var/folders/z0/5krxn_5s6jd42rh328yjllgw0000gn/T/lwjglvinodkaushik/3.3.1-build-7/libjemalloc.dylib
0x0000000108f18000 	/private/var/folders/z0/5krxn_5s6jd42rh328yjllgw0000gn/T/lwjglvinodkaushik/3.3.1-build-7/libglfw.dylib
0x00007ff809f73000 	/System/Library/PrivateFrameworks/CoreServicesInternal.framework/Versions/A/CoreServicesInternal
0x00007ff819bf1000 	/System/Library/Frameworks/FileProvider.framework/Versions/A/FileProvider
0x00007ff80dc08000 	/System/Library/Frameworks/Accounts.framework/Versions/A/Accounts
0x00007ff819d6a000 	/System/Library/PrivateFrameworks/GenerationalStorage.framework/Versions/A/GenerationalStorage
0x00007ff81a87d000 	/System/Library/PrivateFrameworks/CoreSymbolication.framework/Versions/A/CoreSymbolication
0x00007ff8195f5000 	/System/Library/PrivateFrameworks/SymptomDiagnosticReporter.framework/Versions/A/SymptomDiagnosticReporter
0x00007ff80b231000 	/System/Library/PrivateFrameworks/DesktopServicesPriv.framework/Versions/A/DesktopServicesPriv
0x00007ff80a0b2000 	/usr/lib/libsandbox.1.dylib
0x00007ff80ef4f000 	/System/Library/PrivateFrameworks/UserManagement.framework/Versions/A/UserManagement
0x00007ff81a842000 	/System/Library/PrivateFrameworks/DebugSymbols.framework/Versions/A/DebugSymbols
0x00007ff81556e000 	/System/Library/PrivateFrameworks/NetAuth.framework/Versions/A/NetAuth
0x00007ff81647b000 	/System/Library/PrivateFrameworks/Sharing.framework/Versions/A/Sharing
0x00007ff80ef22000 	/System/Library/PrivateFrameworks/login.framework/Versions/A/Frameworks/loginsupport.framework/Versions/A/loginsupport
0x00007ff81b9e0000 	/System/Library/PrivateFrameworks/Apple80211.framework/Versions/A/Apple80211
0x00007ff81212d000 	/System/Library/PrivateFrameworks/AuthKit.framework/Versions/A/AuthKit
0x00007ff811778000 	/System/Library/PrivateFrameworks/CoreUtils.framework/Versions/A/CoreUtils
0x00007ff81169f000 	/System/Library/Frameworks/CoreWLAN.framework/Versions/A/CoreWLAN
0x00007ff8165da000 	/System/Library/Frameworks/IOBluetooth.framework/Versions/A/IOBluetooth
0x00007ff81ba48000 	/System/Library/PrivateFrameworks/CoreWiFi.framework/Versions/A/CoreWiFi
0x00007ff81a414000 	/System/Library/PrivateFrameworks/FrontBoardServices.framework/Versions/A/FrontBoardServices
0x00007ff81a4a5000 	/System/Library/PrivateFrameworks/BoardServices.framework/Versions/A/BoardServices
0x00007ff81198e000 	/System/Library/PrivateFrameworks/AssertionServices.framework/Versions/A/AssertionServices
0x00007ff81bbcb000 	/System/Library/PrivateFrameworks/BackBoardServices.framework/Versions/A/BackBoardServices
0x00007ff8159c8000 	/System/Library/PrivateFrameworks/CorePhoneNumbers.framework/Versions/A/CorePhoneNumbers
0x00007ff819712000 	/System/Library/PrivateFrameworks/DiskManagement.framework/Versions/A/DiskManagement
0x00007ff819626000 	/System/Library/PrivateFrameworks/AppleIDAuthSupport.framework/Versions/A/AppleIDAuthSupport
0x00007ffa26c2e000 	/System/Library/PrivateFrameworks/AAAFoundation.framework/Versions/A/AAAFoundation
0x00007ff8159a9000 	/System/Library/PrivateFrameworks/KeychainCircle.framework/Versions/A/KeychainCircle
0x00007ff8196de000 	/System/Library/PrivateFrameworks/MediaKit.framework/Versions/A/MediaKit
0x00007ff819632000 	/System/Library/Frameworks/DiscRecording.framework/Versions/A/DiscRecording
0x00007ff812f82000 	/usr/lib/libCoreStorage.dylib
0x00007ff81beb9000 	/usr/lib/libcsfde.dylib
0x00007ff8166a7000 	/System/Library/PrivateFrameworks/ProtectedCloudStorage.framework/Versions/A/ProtectedCloudStorage
0x00007ff81beb5000 	/System/Library/PrivateFrameworks/EFILogin.framework/Versions/A/EFILogin
0x00007ff819d90000 	/System/Library/PrivateFrameworks/OctagonTrust.framework/Versions/A/OctagonTrust
0x00007ffb0b51b000 	/System/Library/PrivateFrameworks/CoreUtilsExtras.framework/Versions/A/CoreUtilsExtras
0x00007ff819559000 	/System/Library/Frameworks/CoreBluetooth.framework/Versions/A/CoreBluetooth
0x00007ff81c53e000 	/System/Library/Frameworks/AudioUnit.framework/Versions/A/AudioUnit
0x00007ff812f7a000 	/usr/lib/libMatch.1.dylib
0x00007ff80ec47000 	/System/Library/PrivateFrameworks/ViewBridge.framework/Versions/A/ViewBridge
0x0000000127231000 	/private/var/folders/z0/5krxn_5s6jd42rh328yjllgw0000gn/T/lwjglvinodkaushik/3.3.1-build-7/libopenal.dylib
0x000000012765f000 	/System/Library/Components/CoreAudio.component/Contents/MacOS/CoreAudio
0x000000012574b000 	/System/Library/Extensions/AppleHDA.kext/Contents/PlugIns/AppleHDAHALPlugIn.bundle/Contents/MacOS/AppleHDAHALPlugIn
0x00000001257ac000 	/usr/lib/libobjc-trampolines.dylib
0x00007ff9119fe000 	/System/Library/Frameworks/Accelerate.framework/Versions/A/Frameworks/vImage.framework/Versions/A/Libraries/libCGInterfaces.dylib
0x00007ff8136d0000 	/System/Library/PrivateFrameworks/login.framework/Versions/A/login
0x00007ffa1f918000 	/System/Library/Frameworks/OpenGL.framework/Versions/A/Resources/GLEngine.bundle/GLEngine
0x00007ffa1f77e000 	/System/Library/Frameworks/OpenGL.framework/Versions/A/Libraries/libGLProgrammability.dylib
0x00007ffa180ec000 	/System/Library/Extensions/AppleIntelBDWGraphicsGLDriver.bundle/Contents/MacOS/AppleIntelBDWGraphicsGLDriver
0x00007ff91755f000 	/System/Library/PrivateFrameworks/GPUSupport.framework/Versions/A/Libraries/libGPUSupportMercury.dylib
0x00007ffa1faa2000 	/System/Library/Frameworks/OpenGL.framework/Versions/A/Resources/GLRendererFloat.bundle/GLRendererFloat
0x0000000129245000 	/private/var/folders/z0/5krxn_5s6jd42rh328yjllgw0000gn/T/lwjglvinodkaushik/3.3.1-build-7/liblwjgl_opengl.dylib
0x00007ffa272ef000 	/System/Library/PrivateFrameworks/AccessibilityBundles.framework/Versions/A/AccessibilityBundles
0x00007ffb1ed07000 	/usr/lib/libRosetta.dylib


VM Arguments:
jvm_args: -Dfile.encoding=UTF-8 -Duser.country=GB -Duser.language=en -Duser.variant 
java_command: com.mygdx.game.DesktopLauncher
java_class_path (initial): /Users/vinodkaushik/Desktop/Game/desktop/build/classes/java/main:/Users/vinodkaushik/Desktop/Game/desktop/build/resources/main:/Users/vinodkaushik/.gradle/caches/modules-2/files-2.1/com.badlogicgames.gdx/gdx-backend-lwjgl3/1.11.0/58a96db4cd349be4292d547856aa1e1c5f065f4e/gdx-backend-lwjgl3-1.11.0.jar:/Users/vinodkaushik/.gradle/caches/modules-2/files-2.1/com.badlogicgames.gdx/gdx-platform/1.11.0/697fb13eada6d3c6ca648c9788692b0159add126/gdx-platform-1.11.0-natives-desktop.jar:/Users/vinodkaushik/Desktop/Game/core/build/libs/core-1.0.jar:/Users/vinodkaushik/.gradle/caches/modules-2/files-2.1/com.badlogicgames.gdx/gdx/1.11.0/ffe1206d1004cd9e40027e28964be0fea0399af7/gdx-1.11.0.jar:/Users/vinodkaushik/.gradle/caches/modules-2/files-2.1/org.lwjgl/lwjgl-glfw/3.3.1/cbac1b8d30cb4795149c1ef540f912671a8616d0/lwjgl-glfw-3.3.1.jar:/Users/vinodkaushik/.gradle/caches/modules-2/files-2.1/org.lwjgl/lwjgl-glfw/3.3.1/81716978214ecbda15050ca394b06ef61501a49e/lwjgl-glfw-3.3.1-natives-linux.jar:/Users/vinodkaushik/.gradle/caches/modules-2/files-2.1/org.lwjgl/lwjgl-glfw/3.3.1/816d935933f2dd743074c4e717cc25b55720f294/lwjgl-glfw-3.3.1-natives-linux-arm32.jar:/Users/vinodkaushik/.gradle/caches/modules-2/files-2.1/org.lwjgl/lwjgl-glfw/3.3.1/513eb39b866d0fe131a18d5c517087805433b029/lwjgl-glfw-3.3.1-natives-linux-arm64.jar:/Users/vinodkaushik/.gradle/caches/modules-2/files-2.1/org.lwjgl/lwjgl-glfw/3.3.1/9ec4ce1fc8c85fdef03ef4ff2aace6f5775fb280/lwjgl-glfw-3.3.1-natives-macos.jar:/Users/vinodkaushik/.gradle/caches/modules-2/files-2.1/org.lwjgl/lwjgl-glfw/3.3.1/cac0d3f712a3da7641fa174735a5f315de7ffe0a/lwjgl-glfw-3.3.1-natives-macos-arm64.jar:/Users/vinodkaushik/.gradle/caches/modules-2/files-2.1/org.lwjgl/lwjgl-glfw/3.3.1/ed892f945cf7e79c8756796f32d00fa4ceaf573b/lwjgl-glfw-3.3.1-natives-windows.jar:/Users/vinodkaushik/.gradle/caches/modules-2/files-2.1/org.lwjgl/lwjgl-glfw/3.3.1/b997e3391d6ce8f05487e7335d95c606043884a1/lwjgl-glfw-3.3.1-natives-windows-x86.jar:/Users/vin
Launcher Type: SUN_STANDARD

[Global flags]
     intx CICompilerCount                          = 3                                         {product} {ergonomic}
     uint ConcGCThreads                            = 1                                         {product} {ergonomic}
     uint G1ConcRefinementThreads                  = 4                                         {product} {ergonomic}
   size_t G1HeapRegionSize                         = 1048576                                   {product} {ergonomic}
    uintx GCDrainStackTargetSize                   = 64                                        {product} {ergonomic}
   size_t InitialHeapSize                          = 134217728                                 {product} {ergonomic}
   size_t MarkStackSize                            = 4194304                                   {product} {ergonomic}
   size_t MaxHeapSize                              = 2147483648                                {product} {ergonomic}
   size_t MaxNewSize                               = 1287651328                                {product} {ergonomic}
   size_t MinHeapDeltaBytes                        = 1048576                                   {product} {ergonomic}
    uintx NonNMethodCodeHeapSize                   = 5830732                                {pd product} {ergonomic}
    uintx NonProfiledCodeHeapSize                  = 122913754                              {pd product} {ergonomic}
    uintx ProfiledCodeHeapSize                     = 122913754                              {pd product} {ergonomic}
    uintx ReservedCodeCacheSize                    = 251658240                              {pd product} {ergonomic}
     bool SegmentedCodeCache                       = true                                      {product} {ergonomic}
     bool UseCompressedClassPointers               = true                                 {lp64_product} {ergonomic}
     bool UseCompressedOops                        = true                                 {lp64_product} {ergonomic}
     bool UseG1GC                                  = true                                      {product} {ergonomic}

Logging:
Log output configuration:
 #0: stdout all=warning uptime,level,tags
 #1: stderr all=off uptime,level,tags

Environment Variables:
PATH=/Library/Frameworks/Python.framework/Versions/3.10/bin:/usr/local/bin:/usr/bin:/bin:/usr/sbin:/sbin
SHELL=/bin/zsh
LC_CTYPE=en_GB.UTF-8

Signal Handlers:
SIGSEGV: [libjvm.dylib+0x7ccf7a], sa_mask[0]=11111111011111110111111111111111, sa_flags=SA_ONSTACK|SA_RESTART|SA_SIGINFO
SIGBUS: [libjvm.dylib+0x7ccf7a], sa_mask[0]=11111111011111110111111111111111, sa_flags=SA_RESTART|SA_SIGINFO
SIGFPE: [libjvm.dylib+0x7ccf7a], sa_mask[0]=11111111011111110111111111111111, sa_flags=SA_RESTART|SA_SIGINFO
SIGPIPE: [libjvm.dylib+0x630474], sa_mask[0]=11111111011111110111111111111111, sa_flags=SA_RESTART|SA_SIGINFO
SIGXFSZ: [libjvm.dylib+0x630474], sa_mask[0]=11111111011111110111111111111111, sa_flags=SA_RESTART|SA_SIGINFO
SIGILL: [libjvm.dylib+0x7ccf7a], sa_mask[0]=11111111011111110111111111111111, sa_flags=SA_RESTART|SA_SIGINFO
SIGUSR2: [libjvm.dylib+0x630a52], sa_mask[0]=00100000000000000000000000000000, sa_flags=SA_RESTART|SA_SIGINFO
SIGHUP: [libjvm.dylib+0x62f597], sa_mask[0]=11111111011111110111111111111111, sa_flags=SA_RESTART|SA_SIGINFO
SIGINT: [libjvm.dylib+0x62f597], sa_mask[0]=11111111011111110111111111111111, sa_flags=SA_RESTART|SA_SIGINFO
SIGTERM: [libjvm.dylib+0x62f597], sa_mask[0]=11111111011111110111111111111111, sa_flags=SA_RESTART|SA_SIGINFO
SIGQUIT: [libjvm.dylib+0x62f597], sa_mask[0]=11111111011111110111111111111111, sa_flags=SA_RESTART|SA_SIGINFO


---------------  S Y S T E M  ---------------

OS:uname:Darwin 21.4.0 Darwin Kernel Version 21.4.0: Fri Mar 18 00:45:05 PDT 2022; root:xnu-8020.101.4~15/RELEASE_X86_64 x86_64
OS uptime: 0 days 13:07 hours
rlimit (soft/hard): STACK 8192k/65532k , CORE 0k/infinity , NPROC 1392/2088 , NOFILE 10240/infinity , AS infinity/infinity , CPU infinity/infinity , DATA infinity/infinity , FSIZE infinity/infinity , MEMLOCK infinity/infinity , RSS infinity/infinity
load average:5.52 2.69 2.23

CPU:total 4 (initial active 4) (2 cores per cpu, 2 threads per core) family 6 model 61 stepping 4 microcode 0x2f, cmov, cx8, fxsr, mmx, sse, sse2, sse3, ssse3, sse4.1, sse4.2, popcnt, avx, avx2, aes, clmul, erms, rtm, 3dnowpref, lzcnt, ht, tsc, tscinvbit, bmi1, bmi2, adx, fma

Memory: 4k page, physical 8388608k(39052k free), swap 1048576k(1011712k free)

vm_info: OpenJDK 64-Bit Server VM (11.0.13+0-b1751.21-8125866) for bsd-amd64 JRE (11.0.13+0-b1751.21-8125866), built on Jan 27 2022 14:26:46 by "androidbuild" with gcc Android (7284624, based on r416183b) Clang 12.0.5 (https://android.googlesource.com/toolchain/llvm-project c935d99d7cf2016289302412d708641d52d2f7ee)

END.
